{"contracts/AMORToken.sol":{"l":{"82":7,"83":1,"86":6,"88":6,"89":6,"91":6,"93":6,"95":6,"96":6,"97":6,"98":6,"105":6,"106":0,"108":6,"114":6,"115":0,"117":6,"123":6,"130":6,"140":10,"141":0,"144":10,"146":10,"147":10,"148":0,"151":10,"155":10,"156":10,"157":10,"158":10,"160":10,"162":10,"164":10,"166":0,"168":0,"171":10,"179":0,"183":0,"191":16},"path":"/home/decadanse/DAO/contracts/AMORToken.sol","s":{"1":7,"2":6,"3":6,"4":6,"5":6,"6":6,"7":6,"8":6,"9":6,"10":6,"11":6,"12":6,"13":6,"14":6,"15":6,"16":6,"17":10,"18":10,"19":10,"20":10,"21":10,"22":10,"23":10,"24":10,"25":10,"26":10,"27":10,"28":0,"29":0,"30":10,"31":0,"32":0,"33":16},"b":{"1":[1,6],"2":[0,6],"3":[0,6],"4":[0,10],"5":[0,10],"6":[10,0]},"f":{"1":7,"2":6,"3":6,"4":6,"5":6,"6":10,"7":0,"8":0,"9":16},"fnMap":{"1":{"name":"init","line":75,"loc":{"start":{"line":75,"column":4},"end":{"line":99,"column":4}}},"2":{"name":"setTaxRate","line":104,"loc":{"start":{"line":104,"column":4},"end":{"line":109,"column":4}}},"3":{"name":"updateController","line":113,"loc":{"start":{"line":113,"column":4},"end":{"line":118,"column":4}}},"4":{"name":"_updateController","line":122,"loc":{"start":{"line":122,"column":4},"end":{"line":124,"column":4}}},"5":{"name":"_setTaxRate","line":129,"loc":{"start":{"line":129,"column":4},"end":{"line":131,"column":4}}},"6":{"name":"_transfer","line":135,"loc":{"start":{"line":135,"column":4},"end":{"line":172,"column":4}}},"7":{"name":"pause","line":178,"loc":{"start":{"line":178,"column":4},"end":{"line":180,"column":4}}},"8":{"name":"unpause","line":182,"loc":{"start":{"line":182,"column":4},"end":{"line":184,"column":4}}},"9":{"name":"_beforeTokenTransfer","line":190,"loc":{"start":{"line":186,"column":4},"end":{"line":192,"column":4}}}},"statementMap":{"1":{"start":{"line":82,"column":8},"end":{"line":82,"column":3124}},"2":{"start":{"line":86,"column":8},"end":{"line":86,"column":36}},"3":{"start":{"line":88,"column":8},"end":{"line":88,"column":38}},"4":{"start":{"line":89,"column":8},"end":{"line":89,"column":20}},"5":{"start":{"line":91,"column":8},"end":{"line":91,"column":48}},"6":{"start":{"line":93,"column":8},"end":{"line":93,"column":39}},"7":{"start":{"line":95,"column":8},"end":{"line":95,"column":31}},"8":{"start":{"line":96,"column":8},"end":{"line":96,"column":26}},"9":{"start":{"line":97,"column":8},"end":{"line":97,"column":68}},"10":{"start":{"line":98,"column":8},"end":{"line":98,"column":19}},"11":{"start":{"line":105,"column":8},"end":{"line":105,"column":4056}},"12":{"start":{"line":108,"column":8},"end":{"line":108,"column":27}},"13":{"start":{"line":114,"column":8},"end":{"line":114,"column":4359}},"14":{"start":{"line":117,"column":8},"end":{"line":117,"column":41}},"15":{"start":{"line":123,"column":8},"end":{"line":123,"column":38}},"16":{"start":{"line":130,"column":8},"end":{"line":130,"column":24}},"17":{"start":{"line":140,"column":8},"end":{"line":140,"column":5329}},"18":{"start":{"line":144,"column":8},"end":{"line":144,"column":45}},"19":{"start":{"line":146,"column":8},"end":{"line":146,"column":45}},"20":{"start":{"line":147,"column":8},"end":{"line":147,"column":5528}},"21":{"start":{"line":155,"column":8},"end":{"line":155,"column":5696}},"22":{"start":{"line":156,"column":12},"end":{"line":156,"column":65}},"23":{"start":{"line":157,"column":12},"end":{"line":157,"column":55}},"24":{"start":{"line":158,"column":12},"end":{"line":158,"column":48}},"25":{"start":{"line":160,"column":12},"end":{"line":160,"column":57}},"26":{"start":{"line":162,"column":12},"end":{"line":162,"column":42}},"27":{"start":{"line":164,"column":12},"end":{"line":164,"column":57}},"28":{"start":{"line":166,"column":12},"end":{"line":166,"column":34}},"29":{"start":{"line":168,"column":12},"end":{"line":168,"column":43}},"30":{"start":{"line":171,"column":8},"end":{"line":171,"column":44}},"31":{"start":{"line":179,"column":8},"end":{"line":179,"column":15}},"32":{"start":{"line":183,"column":8},"end":{"line":183,"column":17}},"33":{"start":{"line":191,"column":8},"end":{"line":191,"column":51}}},"branchMap":{"1":{"line":82,"type":"if","locations":[{"start":{"line":82,"column":8},"end":{"line":82,"column":8}},{"start":{"line":82,"column":8},"end":{"line":82,"column":8}}]},"2":{"line":105,"type":"if","locations":[{"start":{"line":105,"column":8},"end":{"line":105,"column":8}},{"start":{"line":105,"column":8},"end":{"line":105,"column":8}}]},"3":{"line":114,"type":"if","locations":[{"start":{"line":114,"column":8},"end":{"line":114,"column":8}},{"start":{"line":114,"column":8},"end":{"line":114,"column":8}}]},"4":{"line":140,"type":"if","locations":[{"start":{"line":140,"column":8},"end":{"line":140,"column":8}},{"start":{"line":140,"column":8},"end":{"line":140,"column":8}}]},"5":{"line":147,"type":"if","locations":[{"start":{"line":147,"column":8},"end":{"line":147,"column":8}},{"start":{"line":147,"column":8},"end":{"line":147,"column":8}}]},"6":{"line":155,"type":"if","locations":[{"start":{"line":155,"column":8},"end":{"line":155,"column":8}},{"start":{"line":155,"column":8},"end":{"line":155,"column":8}}]}}},"contracts/AMORxGuildToken.sol":{"l":{"103":4,"104":0,"106":4,"107":4,"108":4,"109":4,"110":4,"117":2,"118":1,"121":1,"129":5,"130":1,"133":4,"137":4,"141":4,"143":4,"144":4,"145":4,"146":4,"148":4,"155":2,"156":1,"158":1,"159":1,"162":1,"166":1,"168":1,"172":1,"176":1},"path":"/home/decadanse/DAO/contracts/AMORxGuildToken.sol","s":{"1":4,"2":4,"3":4,"4":4,"5":4,"6":4,"7":2,"8":1,"9":5,"10":4,"11":4,"12":4,"13":4,"14":4,"15":4,"16":4,"17":4,"18":2,"19":1,"20":1,"21":1,"22":1,"23":1,"24":1,"25":1},"b":{"1":[0,4],"2":[1,1],"3":[1,4],"4":[1,1]},"f":{"1":4,"2":2,"3":5,"4":2,"5":1,"6":1},"fnMap":{"1":{"name":"init","line":97,"loc":{"start":{"line":97,"column":4},"end":{"line":111,"column":4}}},"2":{"name":"setTax","line":116,"loc":{"start":{"line":116,"column":4},"end":{"line":122,"column":4}}},"3":{"name":"stakeAmor","line":128,"loc":{"start":{"line":128,"column":4},"end":{"line":149,"column":4}}},"4":{"name":"withdrawAmor","line":154,"loc":{"start":{"line":154,"column":4},"end":{"line":169,"column":4}}},"5":{"name":"pause","line":171,"loc":{"start":{"line":171,"column":4},"end":{"line":173,"column":4}}},"6":{"name":"unpause","line":175,"loc":{"start":{"line":175,"column":4},"end":{"line":177,"column":4}}}},"statementMap":{"1":{"start":{"line":103,"column":8},"end":{"line":103,"column":4031}},"2":{"start":{"line":106,"column":8},"end":{"line":106,"column":38}},"3":{"start":{"line":107,"column":8},"end":{"line":107,"column":36}},"4":{"start":{"line":108,"column":8},"end":{"line":108,"column":35}},"5":{"start":{"line":109,"column":8},"end":{"line":109,"column":26}},"6":{"start":{"line":110,"column":8},"end":{"line":110,"column":51}},"7":{"start":{"line":117,"column":8},"end":{"line":117,"column":4608}},"8":{"start":{"line":121,"column":8},"end":{"line":121,"column":31}},"9":{"start":{"line":129,"column":8},"end":{"line":129,"column":5107}},"10":{"start":{"line":133,"column":8},"end":{"line":133,"column":63}},"11":{"start":{"line":137,"column":8},"end":{"line":137,"column":68}},"12":{"start":{"line":141,"column":8},"end":{"line":141,"column":84}},"13":{"start":{"line":143,"column":8},"end":{"line":143,"column":107}},"14":{"start":{"line":144,"column":8},"end":{"line":144,"column":75}},"15":{"start":{"line":145,"column":8},"end":{"line":145,"column":81}},"16":{"start":{"line":146,"column":8},"end":{"line":146,"column":28}},"17":{"start":{"line":148,"column":8},"end":{"line":148,"column":25}},"18":{"start":{"line":155,"column":8},"end":{"line":155,"column":6410}},"19":{"start":{"line":158,"column":8},"end":{"line":158,"column":45}},"20":{"start":{"line":159,"column":8},"end":{"line":159,"column":102}},"21":{"start":{"line":162,"column":8},"end":{"line":162,"column":32}},"22":{"start":{"line":166,"column":8},"end":{"line":166,"column":55}},"23":{"start":{"line":168,"column":8},"end":{"line":168,"column":27}},"24":{"start":{"line":172,"column":8},"end":{"line":172,"column":15}},"25":{"start":{"line":176,"column":8},"end":{"line":176,"column":17}}},"branchMap":{"1":{"line":103,"type":"if","locations":[{"start":{"line":103,"column":8},"end":{"line":103,"column":8}},{"start":{"line":103,"column":8},"end":{"line":103,"column":8}}]},"2":{"line":117,"type":"if","locations":[{"start":{"line":117,"column":8},"end":{"line":117,"column":8}},{"start":{"line":117,"column":8},"end":{"line":117,"column":8}}]},"3":{"line":129,"type":"if","locations":[{"start":{"line":129,"column":8},"end":{"line":129,"column":8}},{"start":{"line":129,"column":8},"end":{"line":129,"column":8}}]},"4":{"line":155,"type":"if","locations":[{"start":{"line":155,"column":8},"end":{"line":155,"column":8}},{"start":{"line":155,"column":8},"end":{"line":155,"column":8}}]}}},"contracts/AvatarMock.sol":{"l":{"30":1,"32":1,"33":1,"34":1,"35":1,"36":1,"44":1,"45":1},"path":"/home/decadanse/DAO/contracts/AvatarMock.sol","s":{"1":1,"2":1,"3":1,"4":1,"5":1,"6":1,"7":1,"8":1},"b":{"1":[1,0]},"f":{"1":1,"2":1},"fnMap":{"1":{"name":"init","line":29,"loc":{"start":{"line":29,"column":4},"end":{"line":37,"column":4}}},"2":{"name":"executeProposal","line":39,"loc":{"start":{"line":39,"column":4},"end":{"line":46,"column":4}}}},"statementMap":{"1":{"start":{"line":30,"column":8},"end":{"line":30,"column":52}},"2":{"start":{"line":32,"column":8},"end":{"line":32,"column":48}},"3":{"start":{"line":33,"column":8},"end":{"line":33,"column":50}},"4":{"start":{"line":34,"column":8},"end":{"line":34,"column":26}},"5":{"start":{"line":35,"column":8},"end":{"line":35,"column":67}},"6":{"start":{"line":36,"column":8},"end":{"line":36,"column":19}},"7":{"start":{"line":44,"column":8},"end":{"line":44,"column":16}},"8":{"start":{"line":45,"column":8},"end":{"line":45,"column":19}}},"branchMap":{"1":{"line":30,"type":"if","locations":[{"start":{"line":30,"column":8},"end":{"line":30,"column":8}},{"start":{"line":30,"column":8},"end":{"line":30,"column":8}}]}}},"contracts/dAMORxGuild.sol":{"l":{"92":9,"93":0,"95":9,"97":9,"98":9,"100":9,"101":9,"102":9,"110":2,"111":2,"112":2,"113":2,"126":4,"127":1,"129":3,"130":1,"132":2,"133":1,"136":1,"138":1,"140":1,"141":1,"143":1,"150":2,"151":1,"154":1,"158":1,"160":1,"162":1,"164":1,"171":2,"172":1,"175":1,"178":1,"179":1,"182":1,"183":1,"184":0,"187":1,"189":1,"190":0,"191":0,"192":0,"193":0,"198":1,"199":1,"201":1,"203":1,"210":3,"211":1,"214":3,"215":1,"218":2,"219":2,"224":3,"227":3,"228":1,"231":2,"232":2,"233":2,"234":2,"235":2,"238":2,"243":0,"252":0},"path":"/home/decadanse/DAO/contracts/dAMORxGuild.sol","s":{"1":9,"2":9,"3":9,"4":9,"5":9,"6":9,"7":9,"8":2,"9":2,"10":2,"11":2,"12":4,"13":3,"14":2,"15":1,"16":1,"17":1,"18":1,"19":1,"20":2,"21":1,"22":1,"23":1,"24":1,"25":1,"26":2,"27":1,"28":1,"29":1,"30":1,"31":1,"32":1,"33":1,"34":0,"35":0,"36":0,"37":1,"38":1,"39":3,"40":1,"41":3,"42":2,"43":2,"44":3,"45":3,"46":2,"47":2,"48":2,"49":2,"50":0,"51":0},"b":{"1":[0,9],"2":[1,3],"3":[1,2],"4":[1,1],"5":[1,1],"6":[1,1],"7":[0,0],"8":[1,2],"9":[1,2],"10":[1,2],"11":[2,0]},"f":{"1":9,"2":2,"3":4,"4":2,"5":2,"6":3,"7":3,"8":0,"9":0},"fnMap":{"1":{"name":"init","line":85,"loc":{"start":{"line":85,"column":4},"end":{"line":103,"column":4}}},"2":{"name":"_stake","line":109,"loc":{"start":{"line":109,"column":4},"end":{"line":114,"column":4}}},"3":{"name":"stake","line":125,"loc":{"start":{"line":125,"column":4},"end":{"line":144,"column":4}}},"4":{"name":"increaseStake","line":149,"loc":{"start":{"line":149,"column":4},"end":{"line":165,"column":4}}},"5":{"name":"withdraw","line":170,"loc":{"start":{"line":170,"column":4},"end":{"line":204,"column":4}}},"6":{"name":"delegate","line":208,"loc":{"start":{"line":208,"column":4},"end":{"line":220,"column":4}}},"7":{"name":"undelegate","line":223,"loc":{"start":{"line":223,"column":4},"end":{"line":239,"column":4}}},"8":{"name":"transfer","line":242,"loc":{"start":{"line":242,"column":4},"end":{"line":244,"column":4}}},"9":{"name":"transferFrom","line":247,"loc":{"start":{"line":247,"column":4},"end":{"line":253,"column":4}}}},"statementMap":{"1":{"start":{"line":92,"column":8},"end":{"line":92,"column":3736}},"2":{"start":{"line":95,"column":8},"end":{"line":95,"column":36}},"3":{"start":{"line":97,"column":8},"end":{"line":97,"column":39}},"4":{"start":{"line":98,"column":8},"end":{"line":98,"column":36}},"5":{"start":{"line":100,"column":8},"end":{"line":100,"column":26}},"6":{"start":{"line":101,"column":8},"end":{"line":101,"column":70}},"7":{"start":{"line":102,"column":8},"end":{"line":102,"column":19}},"8":{"start":{"line":110,"column":8},"end":{"line":110,"column":64}},"9":{"start":{"line":111,"column":8},"end":{"line":111,"column":106}},"10":{"start":{"line":112,"column":8},"end":{"line":112,"column":35}},"11":{"start":{"line":113,"column":8},"end":{"line":113,"column":24}},"12":{"start":{"line":126,"column":8},"end":{"line":126,"column":5216}},"13":{"start":{"line":129,"column":8},"end":{"line":129,"column":5297}},"14":{"start":{"line":132,"column":8},"end":{"line":132,"column":5376}},"15":{"start":{"line":136,"column":8},"end":{"line":136,"column":69}},"16":{"start":{"line":138,"column":8},"end":{"line":138,"column":48}},"17":{"start":{"line":140,"column":8},"end":{"line":140,"column":55}},"18":{"start":{"line":141,"column":8},"end":{"line":141,"column":37}},"19":{"start":{"line":143,"column":8},"end":{"line":143,"column":24}},"20":{"start":{"line":150,"column":8},"end":{"line":150,"column":6106}},"21":{"start":{"line":154,"column":8},"end":{"line":154,"column":69}},"22":{"start":{"line":158,"column":8},"end":{"line":158,"column":64}},"23":{"start":{"line":160,"column":8},"end":{"line":160,"column":48}},"24":{"start":{"line":162,"column":8},"end":{"line":162,"column":38}},"25":{"start":{"line":164,"column":8},"end":{"line":164,"column":24}},"26":{"start":{"line":171,"column":8},"end":{"line":171,"column":6934}},"27":{"start":{"line":175,"column":8},"end":{"line":175,"column":43}},"28":{"start":{"line":178,"column":8},"end":{"line":178,"column":32}},"29":{"start":{"line":179,"column":8},"end":{"line":179,"column":29}},"30":{"start":{"line":182,"column":8},"end":{"line":182,"column":56}},"31":{"start":{"line":183,"column":8},"end":{"line":183,"column":7343}},"32":{"start":{"line":187,"column":8},"end":{"line":187,"column":47}},"33":{"start":{"line":189,"column":8},"end":{"line":189,"column":7582}},"34":{"start":{"line":190,"column":12},"end":{"line":190,"column":7656}},"35":{"start":{"line":191,"column":16},"end":{"line":191,"column":88}},"36":{"start":{"line":192,"column":16},"end":{"line":192,"column":39}},"37":{"start":{"line":201,"column":8},"end":{"line":201,"column":50}},"38":{"start":{"line":203,"column":8},"end":{"line":203,"column":21}},"39":{"start":{"line":210,"column":8},"end":{"line":210,"column":8328}},"40":{"start":{"line":211,"column":12},"end":{"line":211,"column":23}},"41":{"start":{"line":214,"column":8},"end":{"line":214,"column":8417}},"42":{"start":{"line":218,"column":8},"end":{"line":218,"column":38}},"43":{"start":{"line":219,"column":8},"end":{"line":219,"column":34}},"44":{"start":{"line":224,"column":8},"end":{"line":224,"column":48}},"45":{"start":{"line":227,"column":8},"end":{"line":227,"column":8743}},"46":{"start":{"line":231,"column":8},"end":{"line":231,"column":8839}},"47":{"start":{"line":232,"column":12},"end":{"line":232,"column":8914}},"48":{"start":{"line":233,"column":16},"end":{"line":233,"column":91}},"49":{"start":{"line":234,"column":16},"end":{"line":234,"column":40}},"50":{"start":{"line":243,"column":8},"end":{"line":243,"column":20}},"51":{"start":{"line":252,"column":8},"end":{"line":252,"column":20}}},"branchMap":{"1":{"line":92,"type":"if","locations":[{"start":{"line":92,"column":8},"end":{"line":92,"column":8}},{"start":{"line":92,"column":8},"end":{"line":92,"column":8}}]},"2":{"line":126,"type":"if","locations":[{"start":{"line":126,"column":8},"end":{"line":126,"column":8}},{"start":{"line":126,"column":8},"end":{"line":126,"column":8}}]},"3":{"line":129,"type":"if","locations":[{"start":{"line":129,"column":8},"end":{"line":129,"column":8}},{"start":{"line":129,"column":8},"end":{"line":129,"column":8}}]},"4":{"line":132,"type":"if","locations":[{"start":{"line":132,"column":8},"end":{"line":132,"column":8}},{"start":{"line":132,"column":8},"end":{"line":132,"column":8}}]},"5":{"line":150,"type":"if","locations":[{"start":{"line":150,"column":8},"end":{"line":150,"column":8}},{"start":{"line":150,"column":8},"end":{"line":150,"column":8}}]},"6":{"line":171,"type":"if","locations":[{"start":{"line":171,"column":8},"end":{"line":171,"column":8}},{"start":{"line":171,"column":8},"end":{"line":171,"column":8}}]},"7":{"line":190,"type":"if","locations":[{"start":{"line":190,"column":12},"end":{"line":190,"column":12}},{"start":{"line":190,"column":12},"end":{"line":190,"column":12}}]},"8":{"line":210,"type":"if","locations":[{"start":{"line":210,"column":8},"end":{"line":210,"column":8}},{"start":{"line":210,"column":8},"end":{"line":210,"column":8}}]},"9":{"line":214,"type":"if","locations":[{"start":{"line":214,"column":8},"end":{"line":214,"column":8}},{"start":{"line":214,"column":8},"end":{"line":214,"column":8}}]},"10":{"line":227,"type":"if","locations":[{"start":{"line":227,"column":8},"end":{"line":227,"column":8}},{"start":{"line":227,"column":8},"end":{"line":227,"column":8}}]},"11":{"line":232,"type":"if","locations":[{"start":{"line":232,"column":12},"end":{"line":232,"column":12}},{"start":{"line":232,"column":12},"end":{"line":232,"column":12}}]}}},"contracts/DoinGudProxy.sol":{"l":{"61":6,"62":1,"64":5,"65":5,"71":2,"76":4,"83":24},"path":"/home/decadanse/DAO/contracts/DoinGudProxy.sol","s":{"1":6,"2":5,"3":5,"4":2,"5":4,"6":24},"b":{"1":[1,5]},"f":{"1":6,"2":2,"3":4,"4":24},"fnMap":{"1":{"name":"initProxy","line":60,"loc":{"start":{"line":60,"column":4},"end":{"line":66,"column":4}}},"2":{"name":"upgradeImplementation","line":70,"loc":{"start":{"line":70,"column":4},"end":{"line":72,"column":4}}},"3":{"name":"viewImplementation","line":75,"loc":{"start":{"line":75,"column":4},"end":{"line":77,"column":4}}},"4":{"name":"_implementation","line":82,"loc":{"start":{"line":82,"column":4},"end":{"line":84,"column":4}}}},"statementMap":{"1":{"start":{"line":61,"column":8},"end":{"line":61,"column":2567}},"2":{"start":{"line":64,"column":8},"end":{"line":64,"column":24}},"3":{"start":{"line":65,"column":8},"end":{"line":65,"column":31}},"4":{"start":{"line":71,"column":8},"end":{"line":71,"column":36}},"5":{"start":{"line":76,"column":8},"end":{"line":76,"column":35}},"6":{"start":{"line":83,"column":8},"end":{"line":83,"column":50}}},"branchMap":{"1":{"line":61,"type":"if","locations":[{"start":{"line":61,"column":8},"end":{"line":61,"column":8}},{"start":{"line":61,"column":8},"end":{"line":61,"column":8}}]}}},"contracts/FXAMORxGuildToken.sol":{"l":{"94":4,"95":0,"98":4,"100":4,"101":4,"102":4,"104":4,"105":4,"107":4,"108":4,"112":1,"113":0,"115":1,"119":16,"120":2,"122":14,"135":6,"136":1,"138":5,"139":1,"142":4,"143":1,"146":3,"150":3,"152":3,"154":3,"163":7,"164":1,"167":6,"168":6,"169":6,"176":6,"177":1,"179":5,"180":1,"183":4,"184":4,"185":2,"188":2,"189":2,"190":2,"197":5,"198":1,"202":4,"203":2,"206":2,"207":1,"208":1,"210":1,"211":1},"path":"/home/decadanse/DAO/contracts/FXAMORxGuildToken.sol","s":{"1":4,"2":4,"3":4,"4":4,"5":4,"6":4,"7":4,"8":4,"9":4,"10":1,"11":1,"12":16,"13":6,"14":5,"15":4,"16":3,"17":3,"18":3,"19":3,"20":7,"21":6,"22":6,"23":6,"24":6,"25":5,"26":4,"27":4,"28":2,"29":2,"30":2,"31":5,"32":4,"33":2,"34":1,"35":1,"36":1,"37":1},"b":{"1":[0,4],"2":[0,1],"3":[2,14],"4":[1,5],"5":[1,4],"6":[1,3],"7":[1,6],"8":[1,5],"9":[1,4],"10":[2,2],"11":[1,4],"12":[2,2],"13":[1,1]},"f":{"1":4,"2":1,"3":16,"4":6,"5":7,"6":6,"7":5},"fnMap":{"1":{"name":"init","line":88,"loc":{"start":{"line":88,"column":4},"end":{"line":109,"column":4}}},"2":{"name":"setController","line":111,"loc":{"start":{"line":111,"column":4},"end":{"line":116,"column":4}}},"3":{"name":"onlyAddress","line":118,"loc":{"start":{"line":118,"column":4},"end":{"line":123,"column":4}}},"4":{"name":"stake","line":134,"loc":{"start":{"line":134,"column":4},"end":{"line":155,"column":4}}},"5":{"name":"burn","line":162,"loc":{"start":{"line":162,"column":4},"end":{"line":170,"column":4}}},"6":{"name":"delegate","line":175,"loc":{"start":{"line":175,"column":4},"end":{"line":191,"column":4}}},"7":{"name":"undelegate","line":196,"loc":{"start":{"line":196,"column":4},"end":{"line":213,"column":4}}}},"statementMap":{"1":{"start":{"line":94,"column":8},"end":{"line":94,"column":3557}},"2":{"start":{"line":98,"column":8},"end":{"line":98,"column":37}},"3":{"start":{"line":100,"column":8},"end":{"line":100,"column":26}},"4":{"start":{"line":101,"column":8},"end":{"line":101,"column":30}},"5":{"start":{"line":102,"column":8},"end":{"line":102,"column":39}},"6":{"start":{"line":104,"column":8},"end":{"line":104,"column":19}},"7":{"start":{"line":105,"column":8},"end":{"line":105,"column":23}},"8":{"start":{"line":107,"column":8},"end":{"line":107,"column":26}},"9":{"start":{"line":108,"column":8},"end":{"line":108,"column":63}},"10":{"start":{"line":112,"column":8},"end":{"line":112,"column":4047}},"11":{"start":{"line":115,"column":8},"end":{"line":115,"column":31}},"12":{"start":{"line":119,"column":8},"end":{"line":119,"column":4227}},"13":{"start":{"line":135,"column":8},"end":{"line":135,"column":4952}},"14":{"start":{"line":138,"column":8},"end":{"line":138,"column":5030}},"15":{"start":{"line":142,"column":8},"end":{"line":142,"column":5107}},"16":{"start":{"line":146,"column":8},"end":{"line":146,"column":69}},"17":{"start":{"line":150,"column":8},"end":{"line":150,"column":24}},"18":{"start":{"line":152,"column":8},"end":{"line":152,"column":27}},"19":{"start":{"line":154,"column":8},"end":{"line":154,"column":21}},"20":{"start":{"line":163,"column":8},"end":{"line":163,"column":5937}},"21":{"start":{"line":167,"column":8},"end":{"line":167,"column":29}},"22":{"start":{"line":168,"column":8},"end":{"line":168,"column":50}},"23":{"start":{"line":169,"column":8},"end":{"line":169,"column":32}},"24":{"start":{"line":176,"column":8},"end":{"line":176,"column":6482}},"25":{"start":{"line":179,"column":8},"end":{"line":179,"column":6560}},"26":{"start":{"line":183,"column":8},"end":{"line":183,"column":82}},"27":{"start":{"line":184,"column":8},"end":{"line":184,"column":6721}},"28":{"start":{"line":188,"column":8},"end":{"line":188,"column":38}},"29":{"start":{"line":189,"column":8},"end":{"line":189,"column":44}},"30":{"start":{"line":190,"column":8},"end":{"line":190,"column":44}},"31":{"start":{"line":197,"column":8},"end":{"line":197,"column":7258}},"32":{"start":{"line":202,"column":8},"end":{"line":202,"column":7374}},"33":{"start":{"line":206,"column":8},"end":{"line":206,"column":7476}},"34":{"start":{"line":207,"column":12},"end":{"line":207,"column":53}},"35":{"start":{"line":208,"column":12},"end":{"line":208,"column":48}},"36":{"start":{"line":210,"column":12},"end":{"line":210,"column":47}},"37":{"start":{"line":211,"column":12},"end":{"line":211,"column":42}}},"branchMap":{"1":{"line":94,"type":"if","locations":[{"start":{"line":94,"column":8},"end":{"line":94,"column":8}},{"start":{"line":94,"column":8},"end":{"line":94,"column":8}}]},"2":{"line":112,"type":"if","locations":[{"start":{"line":112,"column":8},"end":{"line":112,"column":8}},{"start":{"line":112,"column":8},"end":{"line":112,"column":8}}]},"3":{"line":119,"type":"if","locations":[{"start":{"line":119,"column":8},"end":{"line":119,"column":8}},{"start":{"line":119,"column":8},"end":{"line":119,"column":8}}]},"4":{"line":135,"type":"if","locations":[{"start":{"line":135,"column":8},"end":{"line":135,"column":8}},{"start":{"line":135,"column":8},"end":{"line":135,"column":8}}]},"5":{"line":138,"type":"if","locations":[{"start":{"line":138,"column":8},"end":{"line":138,"column":8}},{"start":{"line":138,"column":8},"end":{"line":138,"column":8}}]},"6":{"line":142,"type":"if","locations":[{"start":{"line":142,"column":8},"end":{"line":142,"column":8}},{"start":{"line":142,"column":8},"end":{"line":142,"column":8}}]},"7":{"line":163,"type":"if","locations":[{"start":{"line":163,"column":8},"end":{"line":163,"column":8}},{"start":{"line":163,"column":8},"end":{"line":163,"column":8}}]},"8":{"line":176,"type":"if","locations":[{"start":{"line":176,"column":8},"end":{"line":176,"column":8}},{"start":{"line":176,"column":8},"end":{"line":176,"column":8}}]},"9":{"line":179,"type":"if","locations":[{"start":{"line":179,"column":8},"end":{"line":179,"column":8}},{"start":{"line":179,"column":8},"end":{"line":179,"column":8}}]},"10":{"line":184,"type":"if","locations":[{"start":{"line":184,"column":8},"end":{"line":184,"column":8}},{"start":{"line":184,"column":8},"end":{"line":184,"column":8}}]},"11":{"line":197,"type":"if","locations":[{"start":{"line":197,"column":8},"end":{"line":197,"column":8}},{"start":{"line":197,"column":8},"end":{"line":197,"column":8}}]},"12":{"line":202,"type":"if","locations":[{"start":{"line":202,"column":8},"end":{"line":202,"column":8}},{"start":{"line":202,"column":8},"end":{"line":202,"column":8}}]},"13":{"line":206,"type":"if","locations":[{"start":{"line":206,"column":8},"end":{"line":206,"column":8}},{"start":{"line":206,"column":8},"end":{"line":206,"column":8}}]}}},"contracts/Governor.sol":{"l":{"85":3,"86":3,"88":3,"100":2,"101":1,"104":1,"106":1,"107":1,"109":1,"111":1,"112":1,"114":1,"115":1,"120":0,"121":0,"123":0,"127":18,"128":5,"130":13,"134":0,"135":0,"137":0,"141":8,"142":8,"143":32,"144":7,"147":8,"148":1,"150":7,"157":2,"158":1,"160":1,"161":1,"162":3,"170":2,"171":7,"172":1,"175":1,"181":1,"182":2,"183":1,"184":1,"185":1,"195":2,"196":8,"197":1,"200":1,"212":6,"213":1,"216":5,"217":1,"220":4,"221":1,"224":3,"225":3,"227":3,"228":3,"229":1,"232":2,"233":2,"235":2,"236":2,"238":2,"239":2,"241":2,"242":2,"244":2,"255":2,"264":7,"265":7,"266":1,"269":5,"270":0,"273":5,"274":4,"276":1,"280":4,"282":4,"283":2,"286":4,"301":3,"302":3,"303":1,"306":2,"307":2,"308":1,"311":1,"313":1,"314":1,"316":1,"322":10,"324":10,"325":1,"328":9,"329":0,"332":9,"333":1,"336":8,"337":1,"340":7,"342":7,"343":5,"346":2,"347":1,"349":1,"354":1,"358":1,"367":6},"path":"/home/decadanse/DAO/contracts/Governor.sol","s":{"1":3,"2":3,"3":3,"4":2,"5":1,"6":1,"7":1,"8":1,"9":1,"10":1,"11":1,"12":1,"13":0,"14":18,"15":0,"16":8,"17":8,"18":32,"19":7,"20":8,"21":2,"22":1,"23":3,"24":2,"25":7,"26":1,"27":1,"28":2,"29":1,"30":1,"31":2,"32":8,"33":1,"34":6,"35":5,"36":4,"37":3,"38":3,"39":3,"40":3,"41":2,"42":2,"43":2,"44":2,"45":2,"46":2,"47":2,"48":2,"49":2,"50":2,"51":7,"52":7,"53":5,"54":5,"55":4,"56":4,"57":4,"58":2,"59":4,"60":3,"61":3,"62":2,"63":2,"64":1,"65":1,"66":1,"67":1,"68":10,"69":10,"70":1,"71":9,"72":0,"73":9,"74":1,"75":8,"76":1,"77":7,"78":7,"79":5,"80":2,"81":1,"82":1,"83":1,"84":1,"85":6},"b":{"1":[1,1],"2":[0,0],"3":[5,13],"4":[0,0],"5":[7,25],"6":[1,7],"7":[1,1],"8":[1,6],"9":[1,1],"10":[1,7],"11":[1,5],"12":[1,4],"13":[1,3],"14":[1,2],"15":[1,5],"16":[0,5],"17":[1,3],"18":[2,2],"19":[1,2],"20":[1,1],"21":[1,9],"22":[0,9],"23":[1,8],"24":[1,7],"25":[5,2],"26":[1,1]},"f":{"1":3,"2":2,"3":0,"4":18,"5":0,"6":8,"7":2,"8":2,"9":1,"10":2,"11":6,"12":7,"13":3,"14":10,"15":1,"16":1,"17":6},"fnMap":{"1":{"name":"constructor","line":84,"loc":{"start":{"line":84,"column":4},"end":{"line":89,"column":4}}},"2":{"name":"init","line":95,"loc":{"start":{"line":95,"column":4},"end":{"line":116,"column":4}}},"3":{"name":"GuardianLimitReached","line":119,"loc":{"start":{"line":119,"column":4},"end":{"line":124,"column":4}}},"4":{"name":"onlySnapshot","line":126,"loc":{"start":{"line":126,"column":4},"end":{"line":131,"column":4}}},"5":{"name":"onlyAvatar","line":133,"loc":{"start":{"line":133,"column":4},"end":{"line":138,"column":4}}},"6":{"name":"onlyGuardian","line":140,"loc":{"start":{"line":140,"column":4},"end":{"line":151,"column":4}}},"7":{"name":"setGuardians","line":155,"loc":{"start":{"line":155,"column":4},"end":{"line":164,"column":4}}},"8":{"name":"addGuardian","line":168,"loc":{"start":{"line":168,"column":4},"end":{"line":176,"column":4}}},"9":{"name":"removeGuardian","line":180,"loc":{"start":{"line":180,"column":4},"end":{"line":188,"column":4}}},"10":{"name":"changeGuardian","line":193,"loc":{"start":{"line":193,"column":4},"end":{"line":201,"column":4}}},"11":{"name":"propose","line":211,"loc":{"start":{"line":206,"column":4},"end":{"line":256,"column":4}}},"12":{"name":"castVote","line":263,"loc":{"start":{"line":263,"column":4},"end":{"line":287,"column":4}}},"13":{"name":"execute","line":294,"loc":{"start":{"line":294,"column":4},"end":{"line":317,"column":4}}},"14":{"name":"state","line":321,"loc":{"start":{"line":321,"column":4},"end":{"line":351,"column":4}}},"15":{"name":"votingDelay","line":353,"loc":{"start":{"line":353,"column":4},"end":{"line":355,"column":4}}},"16":{"name":"votingPeriod","line":357,"loc":{"start":{"line":357,"column":4},"end":{"line":359,"column":4}}},"17":{"name":"hashProposal","line":361,"loc":{"start":{"line":361,"column":4},"end":{"line":368,"column":4}}}},"statementMap":{"1":{"start":{"line":85,"column":8},"end":{"line":85,"column":21}},"2":{"start":{"line":86,"column":8},"end":{"line":86,"column":19}},"3":{"start":{"line":88,"column":8},"end":{"line":88,"column":33}},"4":{"start":{"line":100,"column":8},"end":{"line":100,"column":3270}},"5":{"start":{"line":104,"column":8},"end":{"line":104,"column":39}},"6":{"start":{"line":106,"column":8},"end":{"line":106,"column":41}},"7":{"start":{"line":107,"column":8},"end":{"line":107,"column":37}},"8":{"start":{"line":109,"column":8},"end":{"line":109,"column":26}},"9":{"start":{"line":111,"column":8},"end":{"line":111,"column":23}},"10":{"start":{"line":112,"column":8},"end":{"line":112,"column":30}},"11":{"start":{"line":114,"column":8},"end":{"line":114,"column":72}},"12":{"start":{"line":115,"column":8},"end":{"line":115,"column":19}},"13":{"start":{"line":120,"column":8},"end":{"line":120,"column":3843}},"14":{"start":{"line":127,"column":8},"end":{"line":127,"column":3992}},"15":{"start":{"line":134,"column":8},"end":{"line":134,"column":4128}},"16":{"start":{"line":141,"column":8},"end":{"line":141,"column":26}},"17":{"start":{"line":142,"column":8},"end":{"line":142,"column":4292}},"18":{"start":{"line":143,"column":12},"end":{"line":143,"column":4357}},"19":{"start":{"line":144,"column":16},"end":{"line":144,"column":27}},"20":{"start":{"line":147,"column":8},"end":{"line":147,"column":4449}},"21":{"start":{"line":157,"column":8},"end":{"line":157,"column":4802}},"22":{"start":{"line":161,"column":8},"end":{"line":161,"column":4918}},"23":{"start":{"line":162,"column":12},"end":{"line":162,"column":42}},"24":{"start":{"line":170,"column":8},"end":{"line":170,"column":5270}},"25":{"start":{"line":171,"column":12},"end":{"line":171,"column":5335}},"26":{"start":{"line":175,"column":8},"end":{"line":175,"column":31}},"27":{"start":{"line":181,"column":8},"end":{"line":181,"column":5668}},"28":{"start":{"line":182,"column":12},"end":{"line":182,"column":5733}},"29":{"start":{"line":183,"column":16},"end":{"line":183,"column":61}},"30":{"start":{"line":184,"column":16},"end":{"line":184,"column":30}},"31":{"start":{"line":195,"column":8},"end":{"line":195,"column":6244}},"32":{"start":{"line":196,"column":12},"end":{"line":196,"column":6309}},"33":{"start":{"line":200,"column":8},"end":{"line":200,"column":39}},"34":{"start":{"line":212,"column":8},"end":{"line":212,"column":6926}},"35":{"start":{"line":216,"column":8},"end":{"line":216,"column":7065}},"36":{"start":{"line":220,"column":8},"end":{"line":220,"column":7151}},"37":{"start":{"line":224,"column":8},"end":{"line":224,"column":63}},"38":{"start":{"line":225,"column":8},"end":{"line":225,"column":86}},"39":{"start":{"line":227,"column":8},"end":{"line":227,"column":62}},"40":{"start":{"line":228,"column":8},"end":{"line":228,"column":7655}},"41":{"start":{"line":232,"column":8},"end":{"line":232,"column":57}},"42":{"start":{"line":233,"column":8},"end":{"line":233,"column":51}},"43":{"start":{"line":235,"column":8},"end":{"line":235,"column":36}},"44":{"start":{"line":236,"column":8},"end":{"line":236,"column":34}},"45":{"start":{"line":238,"column":8},"end":{"line":238,"column":37}},"46":{"start":{"line":239,"column":8},"end":{"line":239,"column":37}},"47":{"start":{"line":241,"column":8},"end":{"line":241,"column":40}},"48":{"start":{"line":242,"column":8},"end":{"line":242,"column":33}},"49":{"start":{"line":244,"column":8},"end":{"line":244,"column":8092}},"50":{"start":{"line":255,"column":8},"end":{"line":255,"column":25}},"51":{"start":{"line":264,"column":8},"end":{"line":264,"column":62}},"52":{"start":{"line":265,"column":8},"end":{"line":265,"column":8888}},"53":{"start":{"line":269,"column":8},"end":{"line":269,"column":8991}},"54":{"start":{"line":273,"column":8},"end":{"line":273,"column":9090}},"55":{"start":{"line":274,"column":12},"end":{"line":274,"column":9164}},"56":{"start":{"line":280,"column":8},"end":{"line":280,"column":38}},"57":{"start":{"line":282,"column":8},"end":{"line":282,"column":9382}},"58":{"start":{"line":283,"column":12},"end":{"line":283,"column":42}},"59":{"start":{"line":286,"column":8},"end":{"line":286,"column":42}},"60":{"start":{"line":301,"column":8},"end":{"line":301,"column":91}},"61":{"start":{"line":302,"column":8},"end":{"line":302,"column":10156}},"62":{"start":{"line":306,"column":8},"end":{"line":306,"column":48}},"63":{"start":{"line":307,"column":8},"end":{"line":307,"column":10302}},"64":{"start":{"line":311,"column":8},"end":{"line":311,"column":73}},"65":{"start":{"line":313,"column":8},"end":{"line":313,"column":45}},"66":{"start":{"line":314,"column":8},"end":{"line":314,"column":41}},"67":{"start":{"line":316,"column":8},"end":{"line":316,"column":25}},"68":{"start":{"line":322,"column":8},"end":{"line":322,"column":62}},"69":{"start":{"line":324,"column":8},"end":{"line":324,"column":10857}},"70":{"start":{"line":325,"column":12},"end":{"line":325,"column":41}},"71":{"start":{"line":328,"column":8},"end":{"line":328,"column":10944}},"72":{"start":{"line":329,"column":12},"end":{"line":329,"column":41}},"73":{"start":{"line":332,"column":8},"end":{"line":332,"column":11031}},"74":{"start":{"line":333,"column":12},"end":{"line":333,"column":50}},"75":{"start":{"line":336,"column":8},"end":{"line":336,"column":11134}},"76":{"start":{"line":337,"column":12},"end":{"line":337,"column":40}},"77":{"start":{"line":340,"column":8},"end":{"line":340,"column":57}},"78":{"start":{"line":342,"column":8},"end":{"line":342,"column":11300}},"79":{"start":{"line":343,"column":12},"end":{"line":343,"column":39}},"80":{"start":{"line":346,"column":8},"end":{"line":346,"column":11403}},"81":{"start":{"line":347,"column":12},"end":{"line":347,"column":42}},"82":{"start":{"line":349,"column":12},"end":{"line":349,"column":41}},"83":{"start":{"line":354,"column":8},"end":{"line":354,"column":27}},"84":{"start":{"line":358,"column":8},"end":{"line":358,"column":28}},"85":{"start":{"line":367,"column":8},"end":{"line":367,"column":90}}},"branchMap":{"1":{"line":100,"type":"if","locations":[{"start":{"line":100,"column":8},"end":{"line":100,"column":8}},{"start":{"line":100,"column":8},"end":{"line":100,"column":8}}]},"2":{"line":120,"type":"if","locations":[{"start":{"line":120,"column":8},"end":{"line":120,"column":8}},{"start":{"line":120,"column":8},"end":{"line":120,"column":8}}]},"3":{"line":127,"type":"if","locations":[{"start":{"line":127,"column":8},"end":{"line":127,"column":8}},{"start":{"line":127,"column":8},"end":{"line":127,"column":8}}]},"4":{"line":134,"type":"if","locations":[{"start":{"line":134,"column":8},"end":{"line":134,"column":8}},{"start":{"line":134,"column":8},"end":{"line":134,"column":8}}]},"5":{"line":143,"type":"if","locations":[{"start":{"line":143,"column":12},"end":{"line":143,"column":12}},{"start":{"line":143,"column":12},"end":{"line":143,"column":12}}]},"6":{"line":147,"type":"if","locations":[{"start":{"line":147,"column":8},"end":{"line":147,"column":8}},{"start":{"line":147,"column":8},"end":{"line":147,"column":8}}]},"7":{"line":157,"type":"if","locations":[{"start":{"line":157,"column":8},"end":{"line":157,"column":8}},{"start":{"line":157,"column":8},"end":{"line":157,"column":8}}]},"8":{"line":171,"type":"if","locations":[{"start":{"line":171,"column":12},"end":{"line":171,"column":12}},{"start":{"line":171,"column":12},"end":{"line":171,"column":12}}]},"9":{"line":182,"type":"if","locations":[{"start":{"line":182,"column":12},"end":{"line":182,"column":12}},{"start":{"line":182,"column":12},"end":{"line":182,"column":12}}]},"10":{"line":196,"type":"if","locations":[{"start":{"line":196,"column":12},"end":{"line":196,"column":12}},{"start":{"line":196,"column":12},"end":{"line":196,"column":12}}]},"11":{"line":212,"type":"if","locations":[{"start":{"line":212,"column":8},"end":{"line":212,"column":8}},{"start":{"line":212,"column":8},"end":{"line":212,"column":8}}]},"12":{"line":216,"type":"if","locations":[{"start":{"line":216,"column":8},"end":{"line":216,"column":8}},{"start":{"line":216,"column":8},"end":{"line":216,"column":8}}]},"13":{"line":220,"type":"if","locations":[{"start":{"line":220,"column":8},"end":{"line":220,"column":8}},{"start":{"line":220,"column":8},"end":{"line":220,"column":8}}]},"14":{"line":228,"type":"if","locations":[{"start":{"line":228,"column":8},"end":{"line":228,"column":8}},{"start":{"line":228,"column":8},"end":{"line":228,"column":8}}]},"15":{"line":265,"type":"if","locations":[{"start":{"line":265,"column":8},"end":{"line":265,"column":8}},{"start":{"line":265,"column":8},"end":{"line":265,"column":8}}]},"16":{"line":269,"type":"if","locations":[{"start":{"line":269,"column":8},"end":{"line":269,"column":8}},{"start":{"line":269,"column":8},"end":{"line":269,"column":8}}]},"17":{"line":274,"type":"if","locations":[{"start":{"line":274,"column":12},"end":{"line":274,"column":12}},{"start":{"line":274,"column":12},"end":{"line":274,"column":12}}]},"18":{"line":282,"type":"if","locations":[{"start":{"line":282,"column":8},"end":{"line":282,"column":8}},{"start":{"line":282,"column":8},"end":{"line":282,"column":8}}]},"19":{"line":302,"type":"if","locations":[{"start":{"line":302,"column":8},"end":{"line":302,"column":8}},{"start":{"line":302,"column":8},"end":{"line":302,"column":8}}]},"20":{"line":307,"type":"if","locations":[{"start":{"line":307,"column":8},"end":{"line":307,"column":8}},{"start":{"line":307,"column":8},"end":{"line":307,"column":8}}]},"21":{"line":324,"type":"if","locations":[{"start":{"line":324,"column":8},"end":{"line":324,"column":8}},{"start":{"line":324,"column":8},"end":{"line":324,"column":8}}]},"22":{"line":328,"type":"if","locations":[{"start":{"line":328,"column":8},"end":{"line":328,"column":8}},{"start":{"line":328,"column":8},"end":{"line":328,"column":8}}]},"23":{"line":332,"type":"if","locations":[{"start":{"line":332,"column":8},"end":{"line":332,"column":8}},{"start":{"line":332,"column":8},"end":{"line":332,"column":8}}]},"24":{"line":336,"type":"if","locations":[{"start":{"line":336,"column":8},"end":{"line":336,"column":8}},{"start":{"line":336,"column":8},"end":{"line":336,"column":8}}]},"25":{"line":342,"type":"if","locations":[{"start":{"line":342,"column":8},"end":{"line":342,"column":8}},{"start":{"line":342,"column":8},"end":{"line":342,"column":8}}]},"26":{"line":346,"type":"if","locations":[{"start":{"line":346,"column":8},"end":{"line":346,"column":8}},{"start":{"line":346,"column":8},"end":{"line":346,"column":8}}]}}},"contracts/GuildController.sol":{"l":{"72":3,"73":1,"75":2,"77":2,"78":2,"79":2,"80":2,"82":2,"83":2,"85":2,"86":2,"87":2,"91":0,"92":0,"94":0,"106":3,"107":1,"112":2,"113":2,"114":2,"115":2,"117":2,"120":2,"121":6,"122":6,"123":6,"126":2,"140":11,"141":11,"144":11,"145":11,"146":1,"149":10,"151":10,"158":10,"159":10,"176":8,"177":0,"180":8,"181":0,"185":8,"186":1,"190":7,"191":1,"194":6,"195":1,"198":5,"199":5,"201":5,"202":5,"204":5,"205":3,"206":3,"208":2,"209":2,"216":3,"217":1,"220":2,"221":1,"224":1,"226":10,"227":10,"229":10,"232":1,"235":1,"237":3,"239":2,"240":2,"242":3,"247":9,"249":2,"251":1,"252":1,"253":1,"255":2,"258":9,"260":90,"262":9,"263":9,"268":10,"271":1,"272":10,"275":1,"276":1,"277":1,"278":1,"285":3,"286":1,"290":2,"291":1,"296":1,"297":0,"300":1,"301":1,"304":1,"305":0,"309":0,"311":1,"313":1,"314":1,"316":1,"317":10,"318":10,"319":10,"320":10,"323":1,"324":1,"325":1,"332":1,"333":1,"334":3,"335":3,"336":3,"346":2,"347":1,"349":1,"350":1,"351":1,"358":2,"359":1,"361":1,"363":2,"369":1,"370":4,"371":1,"372":1,"373":1,"376":1,"377":1,"383":2,"384":1,"386":1,"387":1,"391":1,"395":1},"path":"/home/decadanse/DAO/contracts/GuildController.sol","s":{"1":3,"2":2,"3":2,"4":2,"5":2,"6":2,"7":2,"8":2,"9":2,"10":2,"11":2,"12":0,"13":0,"14":3,"15":2,"16":2,"17":2,"18":2,"19":2,"20":2,"21":6,"22":6,"23":6,"24":2,"25":11,"26":11,"27":11,"28":11,"29":10,"30":10,"31":10,"32":10,"33":8,"34":8,"35":8,"36":7,"37":6,"38":5,"39":5,"40":5,"41":5,"42":5,"43":3,"44":3,"45":2,"46":2,"47":3,"48":2,"49":1,"50":10,"51":10,"52":10,"53":1,"54":1,"55":3,"56":2,"57":2,"58":9,"59":2,"60":1,"61":1,"62":1,"63":9,"64":90,"65":9,"66":9,"67":1,"68":1,"69":1,"70":3,"71":2,"72":1,"73":0,"74":1,"75":1,"76":1,"77":0,"78":1,"79":0,"80":1,"81":1,"82":1,"83":1,"84":10,"85":10,"86":10,"87":1,"88":1,"89":1,"90":3,"91":3,"92":3,"93":2,"94":1,"95":1,"96":1,"97":2,"98":1,"99":1,"100":2,"101":1,"102":4,"103":1,"104":1,"105":1,"106":2,"107":1,"108":1,"109":1,"110":1},"b":{"1":[1,2],"2":[0,0],"3":[1,2],"4":[1,10],"5":[10,0],"6":[0,8],"7":[0,8],"8":[1,7],"9":[1,6],"10":[1,5],"11":[3,2],"12":[1,2],"13":[1,1],"14":[1,9],"15":[2,1],"16":[1,1],"17":[9,81],"18":[1,2],"19":[1,1],"20":[0,1],"21":[0,1],"22":[0,1],"23":[1,1],"24":[1,1],"25":[1,3],"26":[1,1]},"f":{"1":3,"2":0,"3":3,"4":11,"5":8,"6":3,"7":3,"8":1,"9":2,"10":2,"11":1,"12":2,"13":1,"14":1},"fnMap":{"1":{"name":"init","line":67,"loc":{"start":{"line":67,"column":4},"end":{"line":88,"column":4}}},"2":{"name":"setVotingPeriod","line":90,"loc":{"start":{"line":90,"column":4},"end":{"line":95,"column":4}}},"3":{"name":"donate","line":104,"loc":{"start":{"line":104,"column":4},"end":{"line":127,"column":4}}},"4":{"name":"addReport","line":133,"loc":{"start":{"line":133,"column":4},"end":{"line":161,"column":4}}},"5":{"name":"voteForReport","line":170,"loc":{"start":{"line":170,"column":4},"end":{"line":211,"column":4}}},"6":{"name":"finalizeVoting","line":214,"loc":{"start":{"line":214,"column":4},"end":{"line":279,"column":4}}},"7":{"name":"startVoting","line":282,"loc":{"start":{"line":282,"column":4},"end":{"line":326,"column":4}}},"8":{"name":"setImpactMakers","line":331,"loc":{"start":{"line":331,"column":4},"end":{"line":338,"column":4}}},"9":{"name":"addImpactMaker","line":344,"loc":{"start":{"line":344,"column":4},"end":{"line":352,"column":4}}},"10":{"name":"changeImpactMaker","line":357,"loc":{"start":{"line":357,"column":4},"end":{"line":364,"column":4}}},"11":{"name":"removeImpactMaker","line":368,"loc":{"start":{"line":368,"column":4},"end":{"line":378,"column":4}}},"12":{"name":"claim","line":382,"loc":{"start":{"line":382,"column":4},"end":{"line":388,"column":4}}},"13":{"name":"getWeekday","line":390,"loc":{"start":{"line":390,"column":4},"end":{"line":392,"column":4}}},"14":{"name":"abs","line":394,"loc":{"start":{"line":394,"column":4},"end":{"line":396,"column":4}}}},"statementMap":{"1":{"start":{"line":72,"column":8},"end":{"line":72,"column":3061}},"2":{"start":{"line":75,"column":8},"end":{"line":75,"column":36}},"3":{"start":{"line":77,"column":8},"end":{"line":77,"column":39}},"4":{"start":{"line":78,"column":8},"end":{"line":78,"column":53}},"5":{"start":{"line":79,"column":8},"end":{"line":79,"column":35}},"6":{"start":{"line":80,"column":8},"end":{"line":80,"column":33}},"7":{"start":{"line":82,"column":8},"end":{"line":82,"column":22}},"8":{"start":{"line":83,"column":8},"end":{"line":83,"column":21}},"9":{"start":{"line":85,"column":8},"end":{"line":85,"column":26}},"10":{"start":{"line":86,"column":8},"end":{"line":86,"column":62}},"11":{"start":{"line":87,"column":8},"end":{"line":87,"column":19}},"12":{"start":{"line":91,"column":8},"end":{"line":91,"column":3591}},"13":{"start":{"line":94,"column":8},"end":{"line":94,"column":39}},"14":{"start":{"line":106,"column":8},"end":{"line":106,"column":4394}},"15":{"start":{"line":112,"column":8},"end":{"line":112,"column":73}},"16":{"start":{"line":113,"column":8},"end":{"line":113,"column":72}},"17":{"start":{"line":114,"column":8},"end":{"line":114,"column":50}},"18":{"start":{"line":115,"column":8},"end":{"line":115,"column":51}},"19":{"start":{"line":117,"column":8},"end":{"line":117,"column":46}},"20":{"start":{"line":120,"column":8},"end":{"line":120,"column":5193}},"21":{"start":{"line":121,"column":12},"end":{"line":121,"column":92}},"22":{"start":{"line":122,"column":12},"end":{"line":122,"column":84}},"23":{"start":{"line":123,"column":12},"end":{"line":123,"column":64}},"24":{"start":{"line":126,"column":8},"end":{"line":126,"column":21}},"25":{"start":{"line":140,"column":8},"end":{"line":140,"column":64}},"26":{"start":{"line":141,"column":8},"end":{"line":141,"column":81}},"27":{"start":{"line":144,"column":8},"end":{"line":144,"column":64}},"28":{"start":{"line":145,"column":8},"end":{"line":145,"column":6349}},"29":{"start":{"line":149,"column":8},"end":{"line":149,"column":49}},"30":{"start":{"line":151,"column":8},"end":{"line":151,"column":52}},"31":{"start":{"line":158,"column":8},"end":{"line":158,"column":6965}},"32":{"start":{"line":159,"column":12},"end":{"line":159,"column":41}},"33":{"start":{"line":176,"column":8},"end":{"line":176,"column":7755}},"34":{"start":{"line":180,"column":8},"end":{"line":180,"column":7837}},"35":{"start":{"line":185,"column":8},"end":{"line":185,"column":7989}},"36":{"start":{"line":190,"column":8},"end":{"line":190,"column":8157}},"37":{"start":{"line":194,"column":8},"end":{"line":194,"column":8279}},"38":{"start":{"line":198,"column":8},"end":{"line":198,"column":47}},"39":{"start":{"line":199,"column":8},"end":{"line":199,"column":34}},"40":{"start":{"line":201,"column":8},"end":{"line":201,"column":42}},"41":{"start":{"line":202,"column":8},"end":{"line":202,"column":35}},"42":{"start":{"line":204,"column":8},"end":{"line":204,"column":8565}},"43":{"start":{"line":205,"column":12},"end":{"line":205,"column":46}},"44":{"start":{"line":206,"column":12},"end":{"line":206,"column":50}},"45":{"start":{"line":208,"column":12},"end":{"line":208,"column":46}},"46":{"start":{"line":209,"column":12},"end":{"line":209,"column":50}},"47":{"start":{"line":216,"column":8},"end":{"line":216,"column":8998}},"48":{"start":{"line":220,"column":8},"end":{"line":220,"column":9079}},"49":{"start":{"line":224,"column":8},"end":{"line":224,"column":9205}},"50":{"start":{"line":226,"column":12},"end":{"line":226,"column":64}},"51":{"start":{"line":227,"column":12},"end":{"line":227,"column":48}},"52":{"start":{"line":229,"column":12},"end":{"line":229,"column":9491}},"53":{"start":{"line":232,"column":16},"end":{"line":232,"column":81}},"54":{"start":{"line":235,"column":16},"end":{"line":235,"column":9820}},"55":{"start":{"line":237,"column":20},"end":{"line":237,"column":9937}},"56":{"start":{"line":239,"column":24},"end":{"line":239,"column":116}},"57":{"start":{"line":240,"column":24},"end":{"line":240,"column":85}},"58":{"start":{"line":247,"column":16},"end":{"line":247,"column":10479}},"59":{"start":{"line":249,"column":20},"end":{"line":249,"column":10596}},"60":{"start":{"line":251,"column":24},"end":{"line":251,"column":67}},"61":{"start":{"line":252,"column":24},"end":{"line":252,"column":96}},"62":{"start":{"line":253,"column":24},"end":{"line":253,"column":85}},"63":{"start":{"line":258,"column":16},"end":{"line":258,"column":11164}},"64":{"start":{"line":260,"column":20},"end":{"line":260,"column":11279}},"65":{"start":{"line":262,"column":24},"end":{"line":262,"column":114}},"66":{"start":{"line":263,"column":24},"end":{"line":263,"column":94}},"67":{"start":{"line":271,"column":8},"end":{"line":271,"column":11699}},"68":{"start":{"line":277,"column":8},"end":{"line":277,"column":29}},"69":{"start":{"line":278,"column":8},"end":{"line":278,"column":22}},"70":{"start":{"line":285,"column":8},"end":{"line":285,"column":12141}},"71":{"start":{"line":290,"column":8},"end":{"line":290,"column":12340}},"72":{"start":{"line":296,"column":8},"end":{"line":296,"column":12629}},"73":{"start":{"line":297,"column":12},"end":{"line":297,"column":27}},"74":{"start":{"line":300,"column":8},"end":{"line":300,"column":41}},"75":{"start":{"line":301,"column":8},"end":{"line":301,"column":49}},"76":{"start":{"line":304,"column":8},"end":{"line":304,"column":12879}},"77":{"start":{"line":305,"column":12},"end":{"line":305,"column":26}},"78":{"start":{"line":306,"column":15},"end":{"line":306,"column":12939}},"79":{"start":{"line":309,"column":12},"end":{"line":309,"column":46}},"80":{"start":{"line":311,"column":12},"end":{"line":311,"column":40}},"81":{"start":{"line":313,"column":8},"end":{"line":313,"column":38}},"82":{"start":{"line":314,"column":8},"end":{"line":314,"column":27}},"83":{"start":{"line":316,"column":8},"end":{"line":316,"column":13284}},"84":{"start":{"line":317,"column":12},"end":{"line":317,"column":53}},"85":{"start":{"line":318,"column":12},"end":{"line":318,"column":32}},"86":{"start":{"line":319,"column":12},"end":{"line":319,"column":32}},"87":{"start":{"line":323,"column":8},"end":{"line":323,"column":27}},"88":{"start":{"line":324,"column":8},"end":{"line":324,"column":21}},"89":{"start":{"line":333,"column":8},"end":{"line":333,"column":13990}},"90":{"start":{"line":334,"column":12},"end":{"line":334,"column":48}},"91":{"start":{"line":335,"column":12},"end":{"line":335,"column":53}},"92":{"start":{"line":336,"column":12},"end":{"line":336,"column":38}},"93":{"start":{"line":346,"column":8},"end":{"line":346,"column":14588}},"94":{"start":{"line":349,"column":8},"end":{"line":349,"column":37}},"95":{"start":{"line":350,"column":8},"end":{"line":350,"column":36}},"96":{"start":{"line":351,"column":8},"end":{"line":351,"column":28}},"97":{"start":{"line":358,"column":8},"end":{"line":358,"column":15043}},"98":{"start":{"line":359,"column":12},"end":{"line":359,"column":55}},"99":{"start":{"line":361,"column":12},"end":{"line":361,"column":55}},"100":{"start":{"line":363,"column":8},"end":{"line":363,"column":36}},"101":{"start":{"line":369,"column":8},"end":{"line":369,"column":15471}},"102":{"start":{"line":370,"column":12},"end":{"line":370,"column":15539}},"103":{"start":{"line":371,"column":16},"end":{"line":371,"column":70}},"104":{"start":{"line":372,"column":16},"end":{"line":372,"column":33}},"105":{"start":{"line":376,"column":8},"end":{"line":376,"column":42}},"106":{"start":{"line":383,"column":8},"end":{"line":383,"column":16003}},"107":{"start":{"line":386,"column":8},"end":{"line":386,"column":63}},"108":{"start":{"line":387,"column":8},"end":{"line":387,"column":34}},"109":{"start":{"line":391,"column":8},"end":{"line":391,"column":47}},"110":{"start":{"line":395,"column":8},"end":{"line":395,"column":30}}},"branchMap":{"1":{"line":72,"type":"if","locations":[{"start":{"line":72,"column":8},"end":{"line":72,"column":8}},{"start":{"line":72,"column":8},"end":{"line":72,"column":8}}]},"2":{"line":91,"type":"if","locations":[{"start":{"line":91,"column":8},"end":{"line":91,"column":8}},{"start":{"line":91,"column":8},"end":{"line":91,"column":8}}]},"3":{"line":106,"type":"if","locations":[{"start":{"line":106,"column":8},"end":{"line":106,"column":8}},{"start":{"line":106,"column":8},"end":{"line":106,"column":8}}]},"4":{"line":145,"type":"if","locations":[{"start":{"line":145,"column":8},"end":{"line":145,"column":8}},{"start":{"line":145,"column":8},"end":{"line":145,"column":8}}]},"5":{"line":158,"type":"if","locations":[{"start":{"line":158,"column":8},"end":{"line":158,"column":8}},{"start":{"line":158,"column":8},"end":{"line":158,"column":8}}]},"6":{"line":176,"type":"if","locations":[{"start":{"line":176,"column":8},"end":{"line":176,"column":8}},{"start":{"line":176,"column":8},"end":{"line":176,"column":8}}]},"7":{"line":180,"type":"if","locations":[{"start":{"line":180,"column":8},"end":{"line":180,"column":8}},{"start":{"line":180,"column":8},"end":{"line":180,"column":8}}]},"8":{"line":185,"type":"if","locations":[{"start":{"line":185,"column":8},"end":{"line":185,"column":8}},{"start":{"line":185,"column":8},"end":{"line":185,"column":8}}]},"9":{"line":190,"type":"if","locations":[{"start":{"line":190,"column":8},"end":{"line":190,"column":8}},{"start":{"line":190,"column":8},"end":{"line":190,"column":8}}]},"10":{"line":194,"type":"if","locations":[{"start":{"line":194,"column":8},"end":{"line":194,"column":8}},{"start":{"line":194,"column":8},"end":{"line":194,"column":8}}]},"11":{"line":204,"type":"if","locations":[{"start":{"line":204,"column":8},"end":{"line":204,"column":8}},{"start":{"line":204,"column":8},"end":{"line":204,"column":8}}]},"12":{"line":216,"type":"if","locations":[{"start":{"line":216,"column":8},"end":{"line":216,"column":8}},{"start":{"line":216,"column":8},"end":{"line":216,"column":8}}]},"13":{"line":220,"type":"if","locations":[{"start":{"line":220,"column":8},"end":{"line":220,"column":8}},{"start":{"line":220,"column":8},"end":{"line":220,"column":8}}]},"14":{"line":229,"type":"if","locations":[{"start":{"line":229,"column":12},"end":{"line":229,"column":12}},{"start":{"line":229,"column":12},"end":{"line":229,"column":12}}]},"15":{"line":237,"type":"if","locations":[{"start":{"line":237,"column":20},"end":{"line":237,"column":20}},{"start":{"line":237,"column":20},"end":{"line":237,"column":20}}]},"16":{"line":249,"type":"if","locations":[{"start":{"line":249,"column":20},"end":{"line":249,"column":20}},{"start":{"line":249,"column":20},"end":{"line":249,"column":20}}]},"17":{"line":260,"type":"if","locations":[{"start":{"line":260,"column":20},"end":{"line":260,"column":20}},{"start":{"line":260,"column":20},"end":{"line":260,"column":20}}]},"18":{"line":285,"type":"if","locations":[{"start":{"line":285,"column":8},"end":{"line":285,"column":8}},{"start":{"line":285,"column":8},"end":{"line":285,"column":8}}]},"19":{"line":290,"type":"if","locations":[{"start":{"line":290,"column":8},"end":{"line":290,"column":8}},{"start":{"line":290,"column":8},"end":{"line":290,"column":8}}]},"20":{"line":296,"type":"if","locations":[{"start":{"line":296,"column":8},"end":{"line":296,"column":8}},{"start":{"line":296,"column":8},"end":{"line":296,"column":8}}]},"21":{"line":304,"type":"if","locations":[{"start":{"line":304,"column":8},"end":{"line":304,"column":8}},{"start":{"line":304,"column":8},"end":{"line":304,"column":8}}]},"22":{"line":306,"type":"if","locations":[{"start":{"line":306,"column":15},"end":{"line":306,"column":15}},{"start":{"line":306,"column":15},"end":{"line":306,"column":15}}]},"23":{"line":346,"type":"if","locations":[{"start":{"line":346,"column":8},"end":{"line":346,"column":8}},{"start":{"line":346,"column":8},"end":{"line":346,"column":8}}]},"24":{"line":358,"type":"if","locations":[{"start":{"line":358,"column":8},"end":{"line":358,"column":8}},{"start":{"line":358,"column":8},"end":{"line":358,"column":8}}]},"25":{"line":370,"type":"if","locations":[{"start":{"line":370,"column":12},"end":{"line":370,"column":12}},{"start":{"line":370,"column":12},"end":{"line":370,"column":12}}]},"26":{"line":383,"type":"if","locations":[{"start":{"line":383,"column":8},"end":{"line":383,"column":8}},{"start":{"line":383,"column":8},"end":{"line":383,"column":8}}]}}},"contracts/GuildFactory.sol":{"l":{"56":3,"58":3,"59":3,"60":3,"62":3,"71":1,"72":1,"73":1,"76":1,"77":1,"78":1,"79":1,"82":1,"83":1,"84":1,"85":1,"88":1,"89":1,"90":1,"91":1,"94":1,"95":0,"109":1,"111":1,"112":0,"115":1,"116":1,"118":1,"131":2,"132":2,"134":2,"135":0,"138":2,"139":1,"148":1,"151":2},"path":"/home/decadanse/DAO/contracts/GuildFactory.sol","s":{"1":3,"2":3,"3":3,"4":3,"5":3,"6":1,"7":1,"8":1,"9":1,"10":1,"11":1,"12":1,"13":1,"14":1,"15":1,"16":1,"17":1,"18":1,"19":1,"20":1,"21":1,"22":1,"23":1,"24":1,"25":1,"26":1,"27":2,"28":2,"29":2,"30":2,"31":1,"32":1,"33":2},"b":{"1":[0,1],"2":[0,1],"3":[0,2],"4":[1,1]},"f":{"1":3,"2":1,"3":1,"4":2},"fnMap":{"1":{"name":"constructor","line":49,"loc":{"start":{"line":49,"column":4},"end":{"line":63,"column":4}}},"2":{"name":"deployGuildContracts","line":69,"loc":{"start":{"line":69,"column":4},"end":{"line":97,"column":4}}},"3":{"name":"_deployGuildToken","line":104,"loc":{"start":{"line":104,"column":4},"end":{"line":119,"column":4}}},"4":{"name":"_deployTokenContracts","line":126,"loc":{"start":{"line":126,"column":4},"end":{"line":152,"column":4}}}},"statementMap":{"1":{"start":{"line":56,"column":8},"end":{"line":56,"column":29}},"2":{"start":{"line":58,"column":8},"end":{"line":58,"column":41}},"3":{"start":{"line":59,"column":8},"end":{"line":59,"column":45}},"4":{"start":{"line":60,"column":8},"end":{"line":60,"column":43}},"5":{"start":{"line":62,"column":8},"end":{"line":62,"column":34}},"6":{"start":{"line":71,"column":8},"end":{"line":71,"column":31}},"7":{"start":{"line":72,"column":8},"end":{"line":72,"column":33}},"8":{"start":{"line":73,"column":8},"end":{"line":73,"column":30}},"9":{"start":{"line":76,"column":8},"end":{"line":76,"column":48}},"10":{"start":{"line":77,"column":8},"end":{"line":77,"column":49}},"11":{"start":{"line":78,"column":8},"end":{"line":78,"column":82}},"12":{"start":{"line":79,"column":8},"end":{"line":79,"column":34}},"13":{"start":{"line":82,"column":8},"end":{"line":82,"column":50}},"14":{"start":{"line":83,"column":8},"end":{"line":83,"column":50}},"15":{"start":{"line":84,"column":8},"end":{"line":84,"column":88}},"16":{"start":{"line":85,"column":8},"end":{"line":85,"column":46}},"17":{"start":{"line":88,"column":8},"end":{"line":88,"column":49}},"18":{"start":{"line":89,"column":8},"end":{"line":89,"column":49}},"19":{"start":{"line":90,"column":8},"end":{"line":90,"column":87}},"20":{"start":{"line":91,"column":8},"end":{"line":91,"column":45}},"21":{"start":{"line":94,"column":8},"end":{"line":94,"column":3627}},"22":{"start":{"line":109,"column":8},"end":{"line":109,"column":74}},"23":{"start":{"line":111,"column":8},"end":{"line":111,"column":4309}},"24":{"start":{"line":115,"column":8},"end":{"line":115,"column":71}},"25":{"start":{"line":116,"column":8},"end":{"line":116,"column":72}},"26":{"start":{"line":118,"column":8},"end":{"line":118,"column":37}},"27":{"start":{"line":131,"column":8},"end":{"line":131,"column":78}},"28":{"start":{"line":132,"column":8},"end":{"line":132,"column":47}},"29":{"start":{"line":134,"column":8},"end":{"line":134,"column":5189}},"30":{"start":{"line":138,"column":8},"end":{"line":138,"column":5346}},"31":{"start":{"line":139,"column":12},"end":{"line":139,"column":5412}},"32":{"start":{"line":148,"column":12},"end":{"line":148,"column":114}},"33":{"start":{"line":151,"column":8},"end":{"line":151,"column":37}}},"branchMap":{"1":{"line":94,"type":"if","locations":[{"start":{"line":94,"column":8},"end":{"line":94,"column":8}},{"start":{"line":94,"column":8},"end":{"line":94,"column":8}}]},"2":{"line":111,"type":"if","locations":[{"start":{"line":111,"column":8},"end":{"line":111,"column":8}},{"start":{"line":111,"column":8},"end":{"line":111,"column":8}}]},"3":{"line":134,"type":"if","locations":[{"start":{"line":134,"column":8},"end":{"line":134,"column":8}},{"start":{"line":134,"column":8},"end":{"line":134,"column":8}}]},"4":{"line":138,"type":"if","locations":[{"start":{"line":138,"column":8},"end":{"line":138,"column":8}},{"start":{"line":138,"column":8},"end":{"line":138,"column":8}}]}}},"contracts/utils/ABDKMath64x64.sol":{"l":{"35":8},"path":"/home/decadanse/DAO/contracts/utils/ABDKMath64x64.sol","s":{},"b":{},"f":{"1":8},"fnMap":{"1":{"name":"sqrtu","line":34,"loc":{"start":{"line":34,"column":4},"end":{"line":78,"column":4}}}},"statementMap":{},"branchMap":{}},"contracts/utils/Enum.sol":{"l":{},"path":"/home/decadanse/DAO/contracts/utils/Enum.sol","s":{},"b":{},"f":{},"fnMap":{},"statementMap":{},"branchMap":{}},"contracts/utils/ERC20Base.sol":{"l":{"86":19,"87":0,"89":19,"90":19,"91":19,"92":19,"99":4,"106":49,"118":24,"119":24,"120":24,"127":16,"141":12,"142":12,"143":12,"167":15,"168":15,"169":15,"170":15,"186":0,"187":0,"188":0,"210":0,"211":0,"213":0,"214":0,"216":0,"220":0,"242":29,"243":0,"246":29,"248":29,"250":29,"251":0,"253":29,"256":29,"258":29,"260":29,"273":19,"274":0,"277":19,"279":19,"280":19,"281":19,"283":19,"298":8,"299":0,"302":8,"304":8,"305":8,"306":0,"308":8,"311":8,"313":8,"315":8,"336":27,"337":0,"340":27,"341":27,"357":15,"358":15,"359":15,"360":0,"362":15},"path":"/home/decadanse/DAO/contracts/utils/ERC20Base.sol","s":{"1":19,"2":19,"3":19,"4":19,"5":19,"6":4,"7":49,"8":24,"9":24,"10":24,"11":16,"12":12,"13":12,"14":12,"15":15,"16":15,"17":15,"18":15,"19":0,"20":0,"21":0,"22":0,"23":0,"24":0,"25":0,"26":29,"27":29,"28":29,"29":29,"30":29,"31":29,"32":29,"33":19,"34":19,"35":19,"36":19,"37":19,"38":19,"39":8,"40":8,"41":8,"42":8,"43":8,"44":8,"45":8,"46":27,"47":27,"48":27,"49":15,"50":15,"51":15},"b":{"1":[0,19],"2":[0,0],"3":[0,29],"4":[0,29],"5":[0,19],"6":[0,8],"7":[0,8],"8":[0,27],"9":[15,0],"10":[0,15]},"f":{"1":19,"2":4,"3":49,"4":24,"5":16,"6":12,"7":15,"8":0,"9":0,"10":29,"11":19,"12":8,"13":27,"14":15,"15":66,"16":66},"fnMap":{"1":{"name":"_setTokenDetail","line":85,"loc":{"start":{"line":85,"column":4},"end":{"line":93,"column":4}}},"2":{"name":"totalSupply","line":98,"loc":{"start":{"line":98,"column":4},"end":{"line":100,"column":4}}},"3":{"name":"balanceOf","line":105,"loc":{"start":{"line":105,"column":4},"end":{"line":107,"column":4}}},"4":{"name":"transfer","line":117,"loc":{"start":{"line":117,"column":4},"end":{"line":121,"column":4}}},"5":{"name":"allowance","line":126,"loc":{"start":{"line":126,"column":4},"end":{"line":128,"column":4}}},"6":{"name":"approve","line":140,"loc":{"start":{"line":140,"column":4},"end":{"line":144,"column":4}}},"7":{"name":"transferFrom","line":162,"loc":{"start":{"line":162,"column":4},"end":{"line":171,"column":4}}},"8":{"name":"increaseAllowance","line":185,"loc":{"start":{"line":185,"column":4},"end":{"line":189,"column":4}}},"9":{"name":"decreaseAllowance","line":209,"loc":{"start":{"line":209,"column":4},"end":{"line":221,"column":4}}},"10":{"name":"_transfer","line":237,"loc":{"start":{"line":237,"column":4},"end":{"line":261,"column":4}}},"11":{"name":"_mint","line":272,"loc":{"start":{"line":272,"column":4},"end":{"line":284,"column":4}}},"12":{"name":"_burn","line":297,"loc":{"start":{"line":297,"column":4},"end":{"line":316,"column":4}}},"13":{"name":"_approve","line":331,"loc":{"start":{"line":331,"column":4},"end":{"line":342,"column":4}}},"14":{"name":"_spendAllowance","line":352,"loc":{"start":{"line":352,"column":4},"end":{"line":366,"column":4}}},"15":{"name":"_beforeTokenTransfer","line":382,"loc":{"start":{"line":382,"column":4},"end":{"line":386,"column":24}}},"16":{"name":"_afterTokenTransfer","line":402,"loc":{"start":{"line":402,"column":4},"end":{"line":406,"column":24}}}},"statementMap":{"1":{"start":{"line":86,"column":8},"end":{"line":86,"column":3127}},"2":{"start":{"line":89,"column":8},"end":{"line":89,"column":19}},"3":{"start":{"line":90,"column":8},"end":{"line":90,"column":23}},"4":{"start":{"line":91,"column":8},"end":{"line":91,"column":25}},"5":{"start":{"line":92,"column":8},"end":{"line":92,"column":27}},"6":{"start":{"line":99,"column":8},"end":{"line":99,"column":27}},"7":{"start":{"line":106,"column":8},"end":{"line":106,"column":33}},"8":{"start":{"line":118,"column":8},"end":{"line":118,"column":36}},"9":{"start":{"line":119,"column":8},"end":{"line":119,"column":35}},"10":{"start":{"line":120,"column":8},"end":{"line":120,"column":19}},"11":{"start":{"line":127,"column":8},"end":{"line":127,"column":42}},"12":{"start":{"line":141,"column":8},"end":{"line":141,"column":36}},"13":{"start":{"line":142,"column":8},"end":{"line":142,"column":39}},"14":{"start":{"line":143,"column":8},"end":{"line":143,"column":19}},"15":{"start":{"line":167,"column":8},"end":{"line":167,"column":38}},"16":{"start":{"line":168,"column":8},"end":{"line":168,"column":45}},"17":{"start":{"line":169,"column":8},"end":{"line":169,"column":34}},"18":{"start":{"line":170,"column":8},"end":{"line":170,"column":19}},"19":{"start":{"line":186,"column":8},"end":{"line":186,"column":36}},"20":{"start":{"line":187,"column":8},"end":{"line":187,"column":71}},"21":{"start":{"line":188,"column":8},"end":{"line":188,"column":19}},"22":{"start":{"line":210,"column":8},"end":{"line":210,"column":36}},"23":{"start":{"line":211,"column":8},"end":{"line":211,"column":60}},"24":{"start":{"line":213,"column":8},"end":{"line":213,"column":7164}},"25":{"start":{"line":220,"column":8},"end":{"line":220,"column":19}},"26":{"start":{"line":242,"column":8},"end":{"line":242,"column":7955}},"27":{"start":{"line":246,"column":8},"end":{"line":246,"column":45}},"28":{"start":{"line":248,"column":8},"end":{"line":248,"column":45}},"29":{"start":{"line":250,"column":8},"end":{"line":250,"column":8155}},"30":{"start":{"line":256,"column":8},"end":{"line":256,"column":30}},"31":{"start":{"line":258,"column":8},"end":{"line":258,"column":39}},"32":{"start":{"line":260,"column":8},"end":{"line":260,"column":44}},"33":{"start":{"line":273,"column":8},"end":{"line":273,"column":8790}},"34":{"start":{"line":277,"column":8},"end":{"line":277,"column":56}},"35":{"start":{"line":279,"column":8},"end":{"line":279,"column":29}},"36":{"start":{"line":280,"column":8},"end":{"line":280,"column":35}},"37":{"start":{"line":281,"column":8},"end":{"line":281,"column":50}},"38":{"start":{"line":283,"column":8},"end":{"line":283,"column":55}},"39":{"start":{"line":298,"column":8},"end":{"line":298,"column":9508}},"40":{"start":{"line":302,"column":8},"end":{"line":302,"column":56}},"41":{"start":{"line":304,"column":8},"end":{"line":304,"column":51}},"42":{"start":{"line":305,"column":8},"end":{"line":305,"column":9707}},"43":{"start":{"line":311,"column":8},"end":{"line":311,"column":29}},"44":{"start":{"line":313,"column":8},"end":{"line":313,"column":50}},"45":{"start":{"line":315,"column":8},"end":{"line":315,"column":55}},"46":{"start":{"line":336,"column":8},"end":{"line":336,"column":10567}},"47":{"start":{"line":340,"column":8},"end":{"line":340,"column":43}},"48":{"start":{"line":341,"column":8},"end":{"line":341,"column":45}},"49":{"start":{"line":357,"column":8},"end":{"line":357,"column":60}},"50":{"start":{"line":358,"column":8},"end":{"line":358,"column":11238}},"51":{"start":{"line":359,"column":12},"end":{"line":359,"column":11299}}},"branchMap":{"1":{"line":86,"type":"if","locations":[{"start":{"line":86,"column":8},"end":{"line":86,"column":8}},{"start":{"line":86,"column":8},"end":{"line":86,"column":8}}]},"2":{"line":213,"type":"if","locations":[{"start":{"line":213,"column":8},"end":{"line":213,"column":8}},{"start":{"line":213,"column":8},"end":{"line":213,"column":8}}]},"3":{"line":242,"type":"if","locations":[{"start":{"line":242,"column":8},"end":{"line":242,"column":8}},{"start":{"line":242,"column":8},"end":{"line":242,"column":8}}]},"4":{"line":250,"type":"if","locations":[{"start":{"line":250,"column":8},"end":{"line":250,"column":8}},{"start":{"line":250,"column":8},"end":{"line":250,"column":8}}]},"5":{"line":273,"type":"if","locations":[{"start":{"line":273,"column":8},"end":{"line":273,"column":8}},{"start":{"line":273,"column":8},"end":{"line":273,"column":8}}]},"6":{"line":298,"type":"if","locations":[{"start":{"line":298,"column":8},"end":{"line":298,"column":8}},{"start":{"line":298,"column":8},"end":{"line":298,"column":8}}]},"7":{"line":305,"type":"if","locations":[{"start":{"line":305,"column":8},"end":{"line":305,"column":8}},{"start":{"line":305,"column":8},"end":{"line":305,"column":8}}]},"8":{"line":336,"type":"if","locations":[{"start":{"line":336,"column":8},"end":{"line":336,"column":8}},{"start":{"line":336,"column":8},"end":{"line":336,"column":8}}]},"9":{"line":358,"type":"if","locations":[{"start":{"line":358,"column":8},"end":{"line":358,"column":8}},{"start":{"line":358,"column":8},"end":{"line":358,"column":8}}]},"10":{"line":359,"type":"if","locations":[{"start":{"line":359,"column":12},"end":{"line":359,"column":12}},{"start":{"line":359,"column":12},"end":{"line":359,"column":12}}]}}},"contracts/utils/interfaces/IAmorGuildToken.sol":{"l":{},"path":"/home/decadanse/DAO/contracts/utils/interfaces/IAmorGuildToken.sol","s":{},"b":{},"f":{},"fnMap":{},"statementMap":{},"branchMap":{}},"contracts/utils/interfaces/IAmorToken.sol":{"l":{},"path":"/home/decadanse/DAO/contracts/utils/interfaces/IAmorToken.sol","s":{},"b":{},"f":{},"fnMap":{},"statementMap":{},"branchMap":{}},"contracts/utils/interfaces/IAvatar.sol":{"l":{},"path":"/home/decadanse/DAO/contracts/utils/interfaces/IAvatar.sol","s":{},"b":{},"f":{},"fnMap":{},"statementMap":{},"branchMap":{}},"contracts/utils/interfaces/ICloneFactory.sol":{"l":{},"path":"/home/decadanse/DAO/contracts/utils/interfaces/ICloneFactory.sol","s":{},"b":{},"f":{},"fnMap":{},"statementMap":{},"branchMap":{}},"contracts/utils/interfaces/IdAMORxGuild.sol":{"l":{},"path":"/home/decadanse/DAO/contracts/utils/interfaces/IdAMORxGuild.sol","s":{},"b":{},"f":{},"fnMap":{},"statementMap":{},"branchMap":{}},"contracts/utils/interfaces/IDoinGudProxy.sol":{"l":{},"path":"/home/decadanse/DAO/contracts/utils/interfaces/IDoinGudProxy.sol","s":{},"b":{},"f":{},"fnMap":{},"statementMap":{},"branchMap":{}},"contracts/utils/interfaces/IFXAMORxGuild.sol":{"l":{},"path":"/home/decadanse/DAO/contracts/utils/interfaces/IFXAMORxGuild.sol","s":{},"b":{},"f":{},"fnMap":{},"statementMap":{},"branchMap":{}}}