{"contracts/AMORToken.sol":{"l":{"82":10,"83":1,"86":9,"88":9,"89":9,"91":9,"93":9,"95":9,"96":9,"97":9,"98":9,"105":13,"106":1,"108":12,"114":11,"115":1,"117":10,"123":10,"130":12,"140":48,"141":1,"144":47,"146":47,"147":47,"148":1,"151":46,"155":46,"156":45,"157":45,"158":45,"160":45,"162":45,"164":45,"166":1,"168":1,"171":46,"179":1,"183":1,"191":56},"path":"/home/decadanse/DAO/contracts/AMORToken.sol","s":{"1":10,"2":9,"3":9,"4":9,"5":9,"6":9,"7":9,"8":9,"9":9,"10":9,"11":13,"12":12,"13":11,"14":10,"15":10,"16":12,"17":48,"18":47,"19":47,"20":47,"21":46,"22":45,"23":45,"24":45,"25":45,"26":45,"27":45,"28":1,"29":1,"30":46,"31":1,"32":1,"33":56},"b":{"1":[1,9],"2":[1,12],"3":[1,10],"4":[1,47],"5":[1,46],"6":[45,1]},"f":{"1":10,"2":13,"3":11,"4":10,"5":12,"6":48,"7":1,"8":1,"9":56},"fnMap":{"1":{"name":"init","line":75,"loc":{"start":{"line":75,"column":4},"end":{"line":99,"column":4}}},"2":{"name":"setTaxRate","line":104,"loc":{"start":{"line":104,"column":4},"end":{"line":109,"column":4}}},"3":{"name":"updateController","line":113,"loc":{"start":{"line":113,"column":4},"end":{"line":118,"column":4}}},"4":{"name":"_updateController","line":122,"loc":{"start":{"line":122,"column":4},"end":{"line":124,"column":4}}},"5":{"name":"_setTaxRate","line":129,"loc":{"start":{"line":129,"column":4},"end":{"line":131,"column":4}}},"6":{"name":"_transfer","line":135,"loc":{"start":{"line":135,"column":4},"end":{"line":172,"column":4}}},"7":{"name":"pause","line":178,"loc":{"start":{"line":178,"column":4},"end":{"line":180,"column":4}}},"8":{"name":"unpause","line":182,"loc":{"start":{"line":182,"column":4},"end":{"line":184,"column":4}}},"9":{"name":"_beforeTokenTransfer","line":190,"loc":{"start":{"line":186,"column":4},"end":{"line":192,"column":4}}}},"statementMap":{"1":{"start":{"line":82,"column":8},"end":{"line":82,"column":3124}},"2":{"start":{"line":86,"column":8},"end":{"line":86,"column":36}},"3":{"start":{"line":88,"column":8},"end":{"line":88,"column":38}},"4":{"start":{"line":89,"column":8},"end":{"line":89,"column":20}},"5":{"start":{"line":91,"column":8},"end":{"line":91,"column":48}},"6":{"start":{"line":93,"column":8},"end":{"line":93,"column":39}},"7":{"start":{"line":95,"column":8},"end":{"line":95,"column":31}},"8":{"start":{"line":96,"column":8},"end":{"line":96,"column":26}},"9":{"start":{"line":97,"column":8},"end":{"line":97,"column":68}},"10":{"start":{"line":98,"column":8},"end":{"line":98,"column":19}},"11":{"start":{"line":105,"column":8},"end":{"line":105,"column":4056}},"12":{"start":{"line":108,"column":8},"end":{"line":108,"column":27}},"13":{"start":{"line":114,"column":8},"end":{"line":114,"column":4359}},"14":{"start":{"line":117,"column":8},"end":{"line":117,"column":41}},"15":{"start":{"line":123,"column":8},"end":{"line":123,"column":38}},"16":{"start":{"line":130,"column":8},"end":{"line":130,"column":24}},"17":{"start":{"line":140,"column":8},"end":{"line":140,"column":5329}},"18":{"start":{"line":144,"column":8},"end":{"line":144,"column":45}},"19":{"start":{"line":146,"column":8},"end":{"line":146,"column":45}},"20":{"start":{"line":147,"column":8},"end":{"line":147,"column":5528}},"21":{"start":{"line":155,"column":8},"end":{"line":155,"column":5696}},"22":{"start":{"line":156,"column":12},"end":{"line":156,"column":65}},"23":{"start":{"line":157,"column":12},"end":{"line":157,"column":55}},"24":{"start":{"line":158,"column":12},"end":{"line":158,"column":48}},"25":{"start":{"line":160,"column":12},"end":{"line":160,"column":57}},"26":{"start":{"line":162,"column":12},"end":{"line":162,"column":42}},"27":{"start":{"line":164,"column":12},"end":{"line":164,"column":57}},"28":{"start":{"line":166,"column":12},"end":{"line":166,"column":34}},"29":{"start":{"line":168,"column":12},"end":{"line":168,"column":43}},"30":{"start":{"line":171,"column":8},"end":{"line":171,"column":44}},"31":{"start":{"line":179,"column":8},"end":{"line":179,"column":15}},"32":{"start":{"line":183,"column":8},"end":{"line":183,"column":17}},"33":{"start":{"line":191,"column":8},"end":{"line":191,"column":51}}},"branchMap":{"1":{"line":82,"type":"if","locations":[{"start":{"line":82,"column":8},"end":{"line":82,"column":8}},{"start":{"line":82,"column":8},"end":{"line":82,"column":8}}]},"2":{"line":105,"type":"if","locations":[{"start":{"line":105,"column":8},"end":{"line":105,"column":8}},{"start":{"line":105,"column":8},"end":{"line":105,"column":8}}]},"3":{"line":114,"type":"if","locations":[{"start":{"line":114,"column":8},"end":{"line":114,"column":8}},{"start":{"line":114,"column":8},"end":{"line":114,"column":8}}]},"4":{"line":140,"type":"if","locations":[{"start":{"line":140,"column":8},"end":{"line":140,"column":8}},{"start":{"line":140,"column":8},"end":{"line":140,"column":8}}]},"5":{"line":147,"type":"if","locations":[{"start":{"line":147,"column":8},"end":{"line":147,"column":8}},{"start":{"line":147,"column":8},"end":{"line":147,"column":8}}]},"6":{"line":155,"type":"if","locations":[{"start":{"line":155,"column":8},"end":{"line":155,"column":8}},{"start":{"line":155,"column":8},"end":{"line":155,"column":8}}]}}},"contracts/AMORxGuildToken.sol":{"l":{"103":70,"104":1,"106":69,"107":69,"108":69,"109":69,"110":69,"117":2,"118":1,"121":1,"129":7,"130":1,"133":6,"137":6,"141":6,"143":6,"144":6,"145":6,"146":6,"148":6,"155":2,"156":1,"158":1,"159":1,"162":1,"166":1,"168":1,"172":1,"176":1},"path":"/home/decadanse/DAO/contracts/AMORxGuildToken.sol","s":{"1":70,"2":69,"3":69,"4":69,"5":69,"6":69,"7":2,"8":1,"9":7,"10":6,"11":6,"12":6,"13":6,"14":6,"15":6,"16":6,"17":6,"18":2,"19":1,"20":1,"21":1,"22":1,"23":1,"24":1,"25":1},"b":{"1":[1,69],"2":[1,1],"3":[1,6],"4":[1,1]},"f":{"1":70,"2":2,"3":7,"4":2,"5":1,"6":1},"fnMap":{"1":{"name":"init","line":97,"loc":{"start":{"line":97,"column":4},"end":{"line":111,"column":4}}},"2":{"name":"setTax","line":116,"loc":{"start":{"line":116,"column":4},"end":{"line":122,"column":4}}},"3":{"name":"stakeAmor","line":128,"loc":{"start":{"line":128,"column":4},"end":{"line":149,"column":4}}},"4":{"name":"withdrawAmor","line":154,"loc":{"start":{"line":154,"column":4},"end":{"line":169,"column":4}}},"5":{"name":"pause","line":171,"loc":{"start":{"line":171,"column":4},"end":{"line":173,"column":4}}},"6":{"name":"unpause","line":175,"loc":{"start":{"line":175,"column":4},"end":{"line":177,"column":4}}}},"statementMap":{"1":{"start":{"line":103,"column":8},"end":{"line":103,"column":4031}},"2":{"start":{"line":106,"column":8},"end":{"line":106,"column":38}},"3":{"start":{"line":107,"column":8},"end":{"line":107,"column":36}},"4":{"start":{"line":108,"column":8},"end":{"line":108,"column":35}},"5":{"start":{"line":109,"column":8},"end":{"line":109,"column":26}},"6":{"start":{"line":110,"column":8},"end":{"line":110,"column":51}},"7":{"start":{"line":117,"column":8},"end":{"line":117,"column":4608}},"8":{"start":{"line":121,"column":8},"end":{"line":121,"column":31}},"9":{"start":{"line":129,"column":8},"end":{"line":129,"column":5107}},"10":{"start":{"line":133,"column":8},"end":{"line":133,"column":63}},"11":{"start":{"line":137,"column":8},"end":{"line":137,"column":68}},"12":{"start":{"line":141,"column":8},"end":{"line":141,"column":84}},"13":{"start":{"line":143,"column":8},"end":{"line":143,"column":107}},"14":{"start":{"line":144,"column":8},"end":{"line":144,"column":75}},"15":{"start":{"line":145,"column":8},"end":{"line":145,"column":81}},"16":{"start":{"line":146,"column":8},"end":{"line":146,"column":28}},"17":{"start":{"line":148,"column":8},"end":{"line":148,"column":25}},"18":{"start":{"line":155,"column":8},"end":{"line":155,"column":6410}},"19":{"start":{"line":158,"column":8},"end":{"line":158,"column":45}},"20":{"start":{"line":159,"column":8},"end":{"line":159,"column":102}},"21":{"start":{"line":162,"column":8},"end":{"line":162,"column":32}},"22":{"start":{"line":166,"column":8},"end":{"line":166,"column":55}},"23":{"start":{"line":168,"column":8},"end":{"line":168,"column":27}},"24":{"start":{"line":172,"column":8},"end":{"line":172,"column":15}},"25":{"start":{"line":176,"column":8},"end":{"line":176,"column":17}}},"branchMap":{"1":{"line":103,"type":"if","locations":[{"start":{"line":103,"column":8},"end":{"line":103,"column":8}},{"start":{"line":103,"column":8},"end":{"line":103,"column":8}}]},"2":{"line":117,"type":"if","locations":[{"start":{"line":117,"column":8},"end":{"line":117,"column":8}},{"start":{"line":117,"column":8},"end":{"line":117,"column":8}}]},"3":{"line":129,"type":"if","locations":[{"start":{"line":129,"column":8},"end":{"line":129,"column":8}},{"start":{"line":129,"column":8},"end":{"line":129,"column":8}}]},"4":{"line":155,"type":"if","locations":[{"start":{"line":155,"column":8},"end":{"line":155,"column":8}},{"start":{"line":155,"column":8},"end":{"line":155,"column":8}}]}}},"contracts/AvatarxGuild.sol":{"l":{"65":7,"66":1,"68":6,"72":5,"73":1,"75":4,"79":3,"80":1,"82":2,"83":2,"84":2,"85":2,"86":2,"87":2,"91":4,"92":1,"95":3,"104":5,"105":1,"108":4,"109":1,"111":3,"112":3,"113":3,"123":3,"124":1,"126":2,"127":1,"129":1,"130":1,"131":1,"147":5,"148":1,"150":4,"153":4,"156":4,"157":1,"159":3,"175":4,"176":1,"180":3,"184":3,"185":2,"187":1,"203":6,"204":6,"207":6,"209":6,"215":10,"229":1,"232":1,"233":1,"234":1,"235":1,"236":1,"237":1,"239":1,"242":1,"245":1},"path":"/home/decadanse/DAO/contracts/AvatarxGuild.sol","s":{"1":7,"2":5,"3":3,"4":2,"5":2,"6":2,"7":2,"8":2,"9":2,"10":4,"11":3,"12":5,"13":4,"14":3,"15":3,"16":3,"17":3,"18":2,"19":1,"20":1,"21":1,"22":5,"23":4,"24":4,"25":1,"26":3,"27":4,"28":1,"29":3,"30":4,"31":3,"32":1,"33":2,"34":3,"35":2,"36":1,"37":6,"38":6,"39":1,"40":5,"41":6,"42":4,"43":2,"44":6,"45":10,"46":1,"47":1,"48":1,"49":1,"50":1,"51":1,"52":1,"53":1},"b":{"1":[1,6],"2":[1,4],"3":[1,2],"4":[1,3],"5":[1,4],"6":[1,3],"7":[1,2],"8":[1,1],"9":[1,4],"10":[1,3],"11":[1,3],"12":[1,3],"13":[1,2],"14":[2,1],"15":[1,5],"16":[4,2]},"f":{"1":7,"2":5,"3":3,"4":4,"5":5,"6":3,"7":5,"8":4,"9":6,"10":10,"11":1},"fnMap":{"1":{"name":"onlyGovernor","line":64,"loc":{"start":{"line":64,"column":4},"end":{"line":69,"column":4}}},"2":{"name":"onlyOwner","line":71,"loc":{"start":{"line":71,"column":4},"end":{"line":76,"column":4}}},"3":{"name":"init","line":78,"loc":{"start":{"line":78,"column":4},"end":{"line":88,"column":4}}},"4":{"name":"setGovernor","line":90,"loc":{"start":{"line":90,"column":4},"end":{"line":96,"column":4}}},"5":{"name":"enableModule","line":102,"loc":{"start":{"line":102,"column":4},"end":{"line":114,"column":4}}},"6":{"name":"disableModule","line":121,"loc":{"start":{"line":121,"column":4},"end":{"line":132,"column":4}}},"7":{"name":"execTransactionFromModule","line":140,"loc":{"start":{"line":140,"column":4},"end":{"line":161,"column":4}}},"8":{"name":"execTransactionFromModuleReturnData","line":168,"loc":{"start":{"line":168,"column":4},"end":{"line":189,"column":4}}},"9":{"name":"executeProposal","line":202,"loc":{"start":{"line":197,"column":4},"end":{"line":210,"column":4}}},"10":{"name":"isModuleEnabled","line":214,"loc":{"start":{"line":214,"column":4},"end":{"line":216,"column":4}}},"11":{"name":"getModulesPaginated","line":223,"loc":{"start":{"line":223,"column":4},"end":{"line":246,"column":4}}}},"statementMap":{"1":{"start":{"line":65,"column":8},"end":{"line":65,"column":2511}},"2":{"start":{"line":72,"column":8},"end":{"line":72,"column":2639}},"3":{"start":{"line":79,"column":8},"end":{"line":79,"column":2826}},"4":{"start":{"line":82,"column":8},"end":{"line":82,"column":34}},"5":{"start":{"line":83,"column":8},"end":{"line":83,"column":24}},"6":{"start":{"line":84,"column":8},"end":{"line":84,"column":47}},"7":{"start":{"line":85,"column":8},"end":{"line":85,"column":26}},"8":{"start":{"line":86,"column":8},"end":{"line":86,"column":67}},"9":{"start":{"line":87,"column":8},"end":{"line":87,"column":19}},"10":{"start":{"line":91,"column":8},"end":{"line":91,"column":3212}},"11":{"start":{"line":95,"column":8},"end":{"line":95,"column":29}},"12":{"start":{"line":104,"column":8},"end":{"line":104,"column":3666}},"13":{"start":{"line":108,"column":8},"end":{"line":108,"column":3816}},"14":{"start":{"line":111,"column":8},"end":{"line":111,"column":50}},"15":{"start":{"line":112,"column":8},"end":{"line":112,"column":41}},"16":{"start":{"line":113,"column":8},"end":{"line":113,"column":34}},"17":{"start":{"line":123,"column":8},"end":{"line":123,"column":4519}},"18":{"start":{"line":126,"column":8},"end":{"line":126,"column":4629}},"19":{"start":{"line":129,"column":8},"end":{"line":129,"column":44}},"20":{"start":{"line":130,"column":8},"end":{"line":130,"column":35}},"21":{"start":{"line":131,"column":8},"end":{"line":131,"column":35}},"22":{"start":{"line":147,"column":8},"end":{"line":147,"column":5546}},"23":{"start":{"line":150,"column":8},"end":{"line":150,"column":51}},"24":{"start":{"line":153,"column":8},"end":{"line":153,"column":5848}},"25":{"start":{"line":153,"column":35},"end":{"line":153,"column":69}},"26":{"start":{"line":154,"column":13},"end":{"line":154,"column":53}},"27":{"start":{"line":156,"column":8},"end":{"line":156,"column":5931}},"28":{"start":{"line":157,"column":12},"end":{"line":157,"column":55}},"29":{"start":{"line":159,"column":12},"end":{"line":159,"column":55}},"30":{"start":{"line":175,"column":8},"end":{"line":175,"column":6718}},"31":{"start":{"line":180,"column":8},"end":{"line":180,"column":6943}},"32":{"start":{"line":180,"column":35},"end":{"line":180,"column":69}},"33":{"start":{"line":181,"column":13},"end":{"line":181,"column":63}},"34":{"start":{"line":184,"column":8},"end":{"line":184,"column":7050}},"35":{"start":{"line":185,"column":12},"end":{"line":185,"column":55}},"36":{"start":{"line":187,"column":12},"end":{"line":187,"column":55}},"37":{"start":{"line":203,"column":8},"end":{"line":203,"column":20}},"38":{"start":{"line":204,"column":8},"end":{"line":204,"column":7855}},"39":{"start":{"line":204,"column":35},"end":{"line":204,"column":77}},"40":{"start":{"line":205,"column":13},"end":{"line":205,"column":61}},"41":{"start":{"line":207,"column":8},"end":{"line":207,"column":7996}},"42":{"start":{"line":207,"column":21},"end":{"line":207,"column":66}},"43":{"start":{"line":208,"column":13},"end":{"line":208,"column":58}},"44":{"start":{"line":209,"column":8},"end":{"line":209,"column":22}},"45":{"start":{"line":215,"column":8},"end":{"line":215,"column":74}},"46":{"start":{"line":229,"column":8},"end":{"line":229,"column":38}},"47":{"start":{"line":232,"column":8},"end":{"line":232,"column":31}},"48":{"start":{"line":233,"column":8},"end":{"line":233,"column":46}},"49":{"start":{"line":234,"column":8},"end":{"line":234,"column":8946}},"50":{"start":{"line":235,"column":12},"end":{"line":235,"column":45}},"51":{"start":{"line":236,"column":12},"end":{"line":236,"column":49}},"52":{"start":{"line":239,"column":8},"end":{"line":239,"column":27}},"53":{"start":{"line":245,"column":8},"end":{"line":245,"column":28}}},"branchMap":{"1":{"line":65,"type":"if","locations":[{"start":{"line":65,"column":8},"end":{"line":65,"column":8}},{"start":{"line":65,"column":8},"end":{"line":65,"column":8}}]},"2":{"line":72,"type":"if","locations":[{"start":{"line":72,"column":8},"end":{"line":72,"column":8}},{"start":{"line":72,"column":8},"end":{"line":72,"column":8}}]},"3":{"line":79,"type":"if","locations":[{"start":{"line":79,"column":8},"end":{"line":79,"column":8}},{"start":{"line":79,"column":8},"end":{"line":79,"column":8}}]},"4":{"line":91,"type":"if","locations":[{"start":{"line":91,"column":8},"end":{"line":91,"column":8}},{"start":{"line":91,"column":8},"end":{"line":91,"column":8}}]},"5":{"line":104,"type":"if","locations":[{"start":{"line":104,"column":8},"end":{"line":104,"column":8}},{"start":{"line":104,"column":8},"end":{"line":104,"column":8}}]},"6":{"line":108,"type":"if","locations":[{"start":{"line":108,"column":8},"end":{"line":108,"column":8}},{"start":{"line":108,"column":8},"end":{"line":108,"column":8}}]},"7":{"line":123,"type":"if","locations":[{"start":{"line":123,"column":8},"end":{"line":123,"column":8}},{"start":{"line":123,"column":8},"end":{"line":123,"column":8}}]},"8":{"line":126,"type":"if","locations":[{"start":{"line":126,"column":8},"end":{"line":126,"column":8}},{"start":{"line":126,"column":8},"end":{"line":126,"column":8}}]},"9":{"line":147,"type":"if","locations":[{"start":{"line":147,"column":8},"end":{"line":147,"column":8}},{"start":{"line":147,"column":8},"end":{"line":147,"column":8}}]},"10":{"line":153,"type":"if","locations":[{"start":{"line":153,"column":8},"end":{"line":153,"column":8}},{"start":{"line":153,"column":8},"end":{"line":153,"column":8}}]},"11":{"line":156,"type":"if","locations":[{"start":{"line":156,"column":8},"end":{"line":156,"column":8}},{"start":{"line":156,"column":8},"end":{"line":156,"column":8}}]},"12":{"line":175,"type":"if","locations":[{"start":{"line":175,"column":8},"end":{"line":175,"column":8}},{"start":{"line":175,"column":8},"end":{"line":175,"column":8}}]},"13":{"line":180,"type":"if","locations":[{"start":{"line":180,"column":8},"end":{"line":180,"column":8}},{"start":{"line":180,"column":8},"end":{"line":180,"column":8}}]},"14":{"line":184,"type":"if","locations":[{"start":{"line":184,"column":8},"end":{"line":184,"column":8}},{"start":{"line":184,"column":8},"end":{"line":184,"column":8}}]},"15":{"line":204,"type":"if","locations":[{"start":{"line":204,"column":8},"end":{"line":204,"column":8}},{"start":{"line":204,"column":8},"end":{"line":204,"column":8}}]},"16":{"line":207,"type":"if","locations":[{"start":{"line":207,"column":8},"end":{"line":207,"column":8}},{"start":{"line":207,"column":8},"end":{"line":207,"column":8}}]}}},"contracts/dAMORxGuild.sol":{"l":{"97":76,"98":1,"100":75,"102":75,"103":75,"105":75,"106":75,"107":75,"115":3,"116":3,"117":3,"118":3,"131":5,"132":1,"134":4,"135":1,"137":3,"138":1,"141":2,"143":2,"145":2,"146":2,"148":2,"155":2,"156":1,"159":1,"163":1,"165":1,"167":1,"169":1,"176":4,"177":1,"180":3,"181":3,"182":1,"186":2,"187":2,"189":2,"190":2,"191":0,"193":2,"195":2,"197":2,"198":1,"200":2,"207":12,"208":1,"211":11,"212":11,"213":11,"214":2,"217":9,"218":6,"219":6,"222":9,"223":9,"230":6,"231":1,"235":5,"236":1,"239":4,"240":1,"241":1,"243":3,"244":3,"246":3,"247":4,"248":3,"249":3,"250":3,"254":3,"255":4,"256":3,"257":3,"258":3,"266":3,"269":3,"270":1,"273":2,"274":2,"275":3,"276":3,"279":3,"280":4,"281":3,"282":3,"283":3,"288":2,"289":2,"290":2,"295":1,"304":1},"path":"/home/decadanse/DAO/contracts/dAMORxGuild.sol","s":{"1":76,"2":75,"3":75,"4":75,"5":75,"6":75,"7":75,"8":3,"9":3,"10":3,"11":3,"12":5,"13":4,"14":3,"15":2,"16":2,"17":2,"18":2,"19":2,"20":2,"21":1,"22":1,"23":1,"24":1,"25":1,"26":4,"27":3,"28":3,"29":2,"30":2,"31":2,"32":2,"33":2,"34":2,"35":2,"36":1,"37":2,"38":12,"39":11,"40":11,"41":11,"42":9,"43":6,"44":6,"45":9,"46":9,"47":6,"48":5,"49":4,"50":1,"51":1,"52":3,"53":3,"54":4,"55":3,"56":3,"57":3,"58":4,"59":3,"60":3,"61":3,"62":3,"63":2,"64":2,"65":3,"66":3,"67":4,"68":3,"69":3,"70":1,"71":1},"b":{"1":[1,75],"2":[1,4],"3":[1,3],"4":[1,2],"5":[1,1],"6":[1,3],"7":[1,2],"8":[1,1],"9":[1,11],"10":[2,9],"11":[6,3],"12":[1,5],"13":[1,4],"14":[1,3],"15":[3,1],"16":[3,1],"17":[1,2],"18":[3,1]},"f":{"1":76,"2":3,"3":5,"4":2,"5":4,"6":12,"7":6,"8":3,"9":1,"10":1},"fnMap":{"1":{"name":"init","line":90,"loc":{"start":{"line":90,"column":4},"end":{"line":108,"column":4}}},"2":{"name":"_stake","line":114,"loc":{"start":{"line":114,"column":4},"end":{"line":119,"column":4}}},"3":{"name":"stake","line":130,"loc":{"start":{"line":130,"column":4},"end":{"line":149,"column":4}}},"4":{"name":"increaseStake","line":154,"loc":{"start":{"line":154,"column":4},"end":{"line":170,"column":4}}},"5":{"name":"withdraw","line":175,"loc":{"start":{"line":175,"column":4},"end":{"line":201,"column":4}}},"6":{"name":"delegate","line":206,"loc":{"start":{"line":206,"column":4},"end":{"line":224,"column":4}}},"7":{"name":"undelegate","line":229,"loc":{"start":{"line":229,"column":4},"end":{"line":262,"column":4}}},"8":{"name":"undelegateAll","line":265,"loc":{"start":{"line":265,"column":4},"end":{"line":291,"column":4}}},"9":{"name":"transfer","line":294,"loc":{"start":{"line":294,"column":4},"end":{"line":296,"column":4}}},"10":{"name":"transferFrom","line":299,"loc":{"start":{"line":299,"column":4},"end":{"line":305,"column":4}}}},"statementMap":{"1":{"start":{"line":97,"column":8},"end":{"line":97,"column":4018}},"2":{"start":{"line":100,"column":8},"end":{"line":100,"column":36}},"3":{"start":{"line":102,"column":8},"end":{"line":102,"column":39}},"4":{"start":{"line":103,"column":8},"end":{"line":103,"column":36}},"5":{"start":{"line":105,"column":8},"end":{"line":105,"column":26}},"6":{"start":{"line":106,"column":8},"end":{"line":106,"column":70}},"7":{"start":{"line":107,"column":8},"end":{"line":107,"column":19}},"8":{"start":{"line":115,"column":8},"end":{"line":115,"column":64}},"9":{"start":{"line":116,"column":8},"end":{"line":116,"column":106}},"10":{"start":{"line":117,"column":8},"end":{"line":117,"column":35}},"11":{"start":{"line":118,"column":8},"end":{"line":118,"column":24}},"12":{"start":{"line":131,"column":8},"end":{"line":131,"column":5498}},"13":{"start":{"line":134,"column":8},"end":{"line":134,"column":5579}},"14":{"start":{"line":137,"column":8},"end":{"line":137,"column":5658}},"15":{"start":{"line":141,"column":8},"end":{"line":141,"column":69}},"16":{"start":{"line":143,"column":8},"end":{"line":143,"column":48}},"17":{"start":{"line":145,"column":8},"end":{"line":145,"column":55}},"18":{"start":{"line":146,"column":8},"end":{"line":146,"column":37}},"19":{"start":{"line":148,"column":8},"end":{"line":148,"column":24}},"20":{"start":{"line":155,"column":8},"end":{"line":155,"column":6388}},"21":{"start":{"line":159,"column":8},"end":{"line":159,"column":69}},"22":{"start":{"line":163,"column":8},"end":{"line":163,"column":64}},"23":{"start":{"line":165,"column":8},"end":{"line":165,"column":48}},"24":{"start":{"line":167,"column":8},"end":{"line":167,"column":38}},"25":{"start":{"line":169,"column":8},"end":{"line":169,"column":24}},"26":{"start":{"line":176,"column":8},"end":{"line":176,"column":7216}},"27":{"start":{"line":180,"column":8},"end":{"line":180,"column":43}},"28":{"start":{"line":181,"column":8},"end":{"line":181,"column":7364}},"29":{"start":{"line":186,"column":8},"end":{"line":186,"column":32}},"30":{"start":{"line":187,"column":8},"end":{"line":187,"column":29}},"31":{"start":{"line":189,"column":8},"end":{"line":189,"column":56}},"32":{"start":{"line":190,"column":8},"end":{"line":190,"column":7615}},"33":{"start":{"line":193,"column":8},"end":{"line":193,"column":38}},"34":{"start":{"line":195,"column":8},"end":{"line":195,"column":50}},"35":{"start":{"line":197,"column":8},"end":{"line":197,"column":7830}},"36":{"start":{"line":198,"column":12},"end":{"line":198,"column":26}},"37":{"start":{"line":200,"column":8},"end":{"line":200,"column":21}},"38":{"start":{"line":207,"column":8},"end":{"line":207,"column":8213}},"39":{"start":{"line":211,"column":8},"end":{"line":211,"column":62}},"40":{"start":{"line":212,"column":8},"end":{"line":212,"column":71}},"41":{"start":{"line":213,"column":8},"end":{"line":213,"column":8429}},"42":{"start":{"line":217,"column":8},"end":{"line":217,"column":8516}},"43":{"start":{"line":218,"column":12},"end":{"line":218,"column":42}},"44":{"start":{"line":219,"column":12},"end":{"line":219,"column":42}},"45":{"start":{"line":222,"column":8},"end":{"line":222,"column":44}},"46":{"start":{"line":223,"column":8},"end":{"line":223,"column":44}},"47":{"start":{"line":230,"column":8},"end":{"line":230,"column":9048}},"48":{"start":{"line":235,"column":8},"end":{"line":235,"column":9164}},"49":{"start":{"line":239,"column":8},"end":{"line":239,"column":9266}},"50":{"start":{"line":240,"column":12},"end":{"line":240,"column":53}},"51":{"start":{"line":241,"column":12},"end":{"line":241,"column":48}},"52":{"start":{"line":243,"column":12},"end":{"line":243,"column":74}},"53":{"start":{"line":246,"column":12},"end":{"line":246,"column":9587}},"54":{"start":{"line":247,"column":16},"end":{"line":247,"column":9669}},"55":{"start":{"line":248,"column":20},"end":{"line":248,"column":104}},"56":{"start":{"line":249,"column":20},"end":{"line":249,"column":47}},"57":{"start":{"line":254,"column":12},"end":{"line":254,"column":9938}},"58":{"start":{"line":255,"column":16},"end":{"line":255,"column":10017}},"59":{"start":{"line":256,"column":20},"end":{"line":256,"column":95}},"60":{"start":{"line":257,"column":20},"end":{"line":257,"column":44}},"61":{"start":{"line":266,"column":8},"end":{"line":266,"column":58}},"62":{"start":{"line":269,"column":8},"end":{"line":269,"column":10461}},"63":{"start":{"line":273,"column":8},"end":{"line":273,"column":23}},"64":{"start":{"line":274,"column":8},"end":{"line":274,"column":10571}},"65":{"start":{"line":275,"column":12},"end":{"line":275,"column":32}},"66":{"start":{"line":279,"column":12},"end":{"line":279,"column":10812}},"67":{"start":{"line":280,"column":16},"end":{"line":280,"column":10891}},"68":{"start":{"line":281,"column":20},"end":{"line":281,"column":95}},"69":{"start":{"line":282,"column":20},"end":{"line":282,"column":44}},"70":{"start":{"line":295,"column":8},"end":{"line":295,"column":20}},"71":{"start":{"line":304,"column":8},"end":{"line":304,"column":20}}},"branchMap":{"1":{"line":97,"type":"if","locations":[{"start":{"line":97,"column":8},"end":{"line":97,"column":8}},{"start":{"line":97,"column":8},"end":{"line":97,"column":8}}]},"2":{"line":131,"type":"if","locations":[{"start":{"line":131,"column":8},"end":{"line":131,"column":8}},{"start":{"line":131,"column":8},"end":{"line":131,"column":8}}]},"3":{"line":134,"type":"if","locations":[{"start":{"line":134,"column":8},"end":{"line":134,"column":8}},{"start":{"line":134,"column":8},"end":{"line":134,"column":8}}]},"4":{"line":137,"type":"if","locations":[{"start":{"line":137,"column":8},"end":{"line":137,"column":8}},{"start":{"line":137,"column":8},"end":{"line":137,"column":8}}]},"5":{"line":155,"type":"if","locations":[{"start":{"line":155,"column":8},"end":{"line":155,"column":8}},{"start":{"line":155,"column":8},"end":{"line":155,"column":8}}]},"6":{"line":176,"type":"if","locations":[{"start":{"line":176,"column":8},"end":{"line":176,"column":8}},{"start":{"line":176,"column":8},"end":{"line":176,"column":8}}]},"7":{"line":181,"type":"if","locations":[{"start":{"line":181,"column":8},"end":{"line":181,"column":8}},{"start":{"line":181,"column":8},"end":{"line":181,"column":8}}]},"8":{"line":197,"type":"if","locations":[{"start":{"line":197,"column":8},"end":{"line":197,"column":8}},{"start":{"line":197,"column":8},"end":{"line":197,"column":8}}]},"9":{"line":207,"type":"if","locations":[{"start":{"line":207,"column":8},"end":{"line":207,"column":8}},{"start":{"line":207,"column":8},"end":{"line":207,"column":8}}]},"10":{"line":213,"type":"if","locations":[{"start":{"line":213,"column":8},"end":{"line":213,"column":8}},{"start":{"line":213,"column":8},"end":{"line":213,"column":8}}]},"11":{"line":217,"type":"if","locations":[{"start":{"line":217,"column":8},"end":{"line":217,"column":8}},{"start":{"line":217,"column":8},"end":{"line":217,"column":8}}]},"12":{"line":230,"type":"if","locations":[{"start":{"line":230,"column":8},"end":{"line":230,"column":8}},{"start":{"line":230,"column":8},"end":{"line":230,"column":8}}]},"13":{"line":235,"type":"if","locations":[{"start":{"line":235,"column":8},"end":{"line":235,"column":8}},{"start":{"line":235,"column":8},"end":{"line":235,"column":8}}]},"14":{"line":239,"type":"if","locations":[{"start":{"line":239,"column":8},"end":{"line":239,"column":8}},{"start":{"line":239,"column":8},"end":{"line":239,"column":8}}]},"15":{"line":247,"type":"if","locations":[{"start":{"line":247,"column":16},"end":{"line":247,"column":16}},{"start":{"line":247,"column":16},"end":{"line":247,"column":16}}]},"16":{"line":255,"type":"if","locations":[{"start":{"line":255,"column":16},"end":{"line":255,"column":16}},{"start":{"line":255,"column":16},"end":{"line":255,"column":16}}]},"17":{"line":269,"type":"if","locations":[{"start":{"line":269,"column":8},"end":{"line":269,"column":8}},{"start":{"line":269,"column":8},"end":{"line":269,"column":8}}]},"18":{"line":280,"type":"if","locations":[{"start":{"line":280,"column":16},"end":{"line":280,"column":16}},{"start":{"line":280,"column":16},"end":{"line":280,"column":16}}]}}},"contracts/DoinGudProxy.sol":{"l":{"61":255,"62":1,"64":254,"65":254,"71":2,"76":4,"83":294},"path":"/home/decadanse/DAO/contracts/DoinGudProxy.sol","s":{"1":255,"2":254,"3":254,"4":2,"5":4,"6":294},"b":{"1":[1,254]},"f":{"1":255,"2":2,"3":4,"4":294},"fnMap":{"1":{"name":"initProxy","line":60,"loc":{"start":{"line":60,"column":4},"end":{"line":66,"column":4}}},"2":{"name":"upgradeImplementation","line":70,"loc":{"start":{"line":70,"column":4},"end":{"line":72,"column":4}}},"3":{"name":"viewImplementation","line":75,"loc":{"start":{"line":75,"column":4},"end":{"line":77,"column":4}}},"4":{"name":"_implementation","line":82,"loc":{"start":{"line":82,"column":4},"end":{"line":84,"column":4}}}},"statementMap":{"1":{"start":{"line":61,"column":8},"end":{"line":61,"column":2567}},"2":{"start":{"line":64,"column":8},"end":{"line":64,"column":24}},"3":{"start":{"line":65,"column":8},"end":{"line":65,"column":31}},"4":{"start":{"line":71,"column":8},"end":{"line":71,"column":36}},"5":{"start":{"line":76,"column":8},"end":{"line":76,"column":35}},"6":{"start":{"line":83,"column":8},"end":{"line":83,"column":50}}},"branchMap":{"1":{"line":61,"type":"if","locations":[{"start":{"line":61,"column":8},"end":{"line":61,"column":8}},{"start":{"line":61,"column":8},"end":{"line":61,"column":8}}]}}},"contracts/Executor.sol":{"l":{"15":0,"17":0,"22":0},"path":"/home/decadanse/DAO/contracts/Executor.sol","s":{"1":0},"b":{"1":[0,0]},"f":{"1":0},"fnMap":{"1":{"name":"execute","line":8,"loc":{"start":{"line":8,"column":4},"end":{"line":26,"column":4}}}},"statementMap":{"1":{"start":{"line":15,"column":8},"end":{"line":15,"column":476}}},"branchMap":{"1":{"line":15,"type":"if","locations":[{"start":{"line":15,"column":8},"end":{"line":15,"column":8}},{"start":{"line":15,"column":8},"end":{"line":15,"column":8}}]}}},"contracts/FXAMORxGuildToken.sol":{"l":{"94":70,"95":1,"98":69,"100":69,"101":69,"102":69,"104":69,"105":69,"107":69,"108":69,"112":2,"113":1,"115":1,"119":18,"120":2,"122":16,"135":7,"136":1,"138":6,"139":1,"142":5,"143":1,"146":4,"150":4,"152":4,"154":4,"163":7,"164":1,"167":6,"168":6,"169":6,"176":6,"177":1,"179":5,"180":1,"183":4,"184":4,"185":2,"188":2,"189":2,"190":2,"197":5,"198":1,"202":4,"203":2,"206":2,"207":1,"208":1,"210":1,"211":1},"path":"/home/decadanse/DAO/contracts/FXAMORxGuildToken.sol","s":{"1":70,"2":69,"3":69,"4":69,"5":69,"6":69,"7":69,"8":69,"9":69,"10":2,"11":1,"12":18,"13":7,"14":6,"15":5,"16":4,"17":4,"18":4,"19":4,"20":7,"21":6,"22":6,"23":6,"24":6,"25":5,"26":4,"27":4,"28":2,"29":2,"30":2,"31":5,"32":4,"33":2,"34":1,"35":1,"36":1,"37":1},"b":{"1":[1,69],"2":[1,1],"3":[2,16],"4":[1,6],"5":[1,5],"6":[1,4],"7":[1,6],"8":[1,5],"9":[1,4],"10":[2,2],"11":[1,4],"12":[2,2],"13":[1,1]},"f":{"1":70,"2":2,"3":18,"4":7,"5":7,"6":6,"7":5},"fnMap":{"1":{"name":"init","line":88,"loc":{"start":{"line":88,"column":4},"end":{"line":109,"column":4}}},"2":{"name":"setController","line":111,"loc":{"start":{"line":111,"column":4},"end":{"line":116,"column":4}}},"3":{"name":"onlyAddress","line":118,"loc":{"start":{"line":118,"column":4},"end":{"line":123,"column":4}}},"4":{"name":"stake","line":134,"loc":{"start":{"line":134,"column":4},"end":{"line":155,"column":4}}},"5":{"name":"burn","line":162,"loc":{"start":{"line":162,"column":4},"end":{"line":170,"column":4}}},"6":{"name":"delegate","line":175,"loc":{"start":{"line":175,"column":4},"end":{"line":191,"column":4}}},"7":{"name":"undelegate","line":196,"loc":{"start":{"line":196,"column":4},"end":{"line":213,"column":4}}}},"statementMap":{"1":{"start":{"line":94,"column":8},"end":{"line":94,"column":3557}},"2":{"start":{"line":98,"column":8},"end":{"line":98,"column":37}},"3":{"start":{"line":100,"column":8},"end":{"line":100,"column":26}},"4":{"start":{"line":101,"column":8},"end":{"line":101,"column":30}},"5":{"start":{"line":102,"column":8},"end":{"line":102,"column":39}},"6":{"start":{"line":104,"column":8},"end":{"line":104,"column":19}},"7":{"start":{"line":105,"column":8},"end":{"line":105,"column":23}},"8":{"start":{"line":107,"column":8},"end":{"line":107,"column":26}},"9":{"start":{"line":108,"column":8},"end":{"line":108,"column":63}},"10":{"start":{"line":112,"column":8},"end":{"line":112,"column":4047}},"11":{"start":{"line":115,"column":8},"end":{"line":115,"column":31}},"12":{"start":{"line":119,"column":8},"end":{"line":119,"column":4227}},"13":{"start":{"line":135,"column":8},"end":{"line":135,"column":4952}},"14":{"start":{"line":138,"column":8},"end":{"line":138,"column":5030}},"15":{"start":{"line":142,"column":8},"end":{"line":142,"column":5107}},"16":{"start":{"line":146,"column":8},"end":{"line":146,"column":69}},"17":{"start":{"line":150,"column":8},"end":{"line":150,"column":24}},"18":{"start":{"line":152,"column":8},"end":{"line":152,"column":27}},"19":{"start":{"line":154,"column":8},"end":{"line":154,"column":21}},"20":{"start":{"line":163,"column":8},"end":{"line":163,"column":5937}},"21":{"start":{"line":167,"column":8},"end":{"line":167,"column":29}},"22":{"start":{"line":168,"column":8},"end":{"line":168,"column":50}},"23":{"start":{"line":169,"column":8},"end":{"line":169,"column":32}},"24":{"start":{"line":176,"column":8},"end":{"line":176,"column":6482}},"25":{"start":{"line":179,"column":8},"end":{"line":179,"column":6560}},"26":{"start":{"line":183,"column":8},"end":{"line":183,"column":82}},"27":{"start":{"line":184,"column":8},"end":{"line":184,"column":6721}},"28":{"start":{"line":188,"column":8},"end":{"line":188,"column":38}},"29":{"start":{"line":189,"column":8},"end":{"line":189,"column":44}},"30":{"start":{"line":190,"column":8},"end":{"line":190,"column":44}},"31":{"start":{"line":197,"column":8},"end":{"line":197,"column":7258}},"32":{"start":{"line":202,"column":8},"end":{"line":202,"column":7374}},"33":{"start":{"line":206,"column":8},"end":{"line":206,"column":7476}},"34":{"start":{"line":207,"column":12},"end":{"line":207,"column":53}},"35":{"start":{"line":208,"column":12},"end":{"line":208,"column":48}},"36":{"start":{"line":210,"column":12},"end":{"line":210,"column":47}},"37":{"start":{"line":211,"column":12},"end":{"line":211,"column":42}}},"branchMap":{"1":{"line":94,"type":"if","locations":[{"start":{"line":94,"column":8},"end":{"line":94,"column":8}},{"start":{"line":94,"column":8},"end":{"line":94,"column":8}}]},"2":{"line":112,"type":"if","locations":[{"start":{"line":112,"column":8},"end":{"line":112,"column":8}},{"start":{"line":112,"column":8},"end":{"line":112,"column":8}}]},"3":{"line":119,"type":"if","locations":[{"start":{"line":119,"column":8},"end":{"line":119,"column":8}},{"start":{"line":119,"column":8},"end":{"line":119,"column":8}}]},"4":{"line":135,"type":"if","locations":[{"start":{"line":135,"column":8},"end":{"line":135,"column":8}},{"start":{"line":135,"column":8},"end":{"line":135,"column":8}}]},"5":{"line":138,"type":"if","locations":[{"start":{"line":138,"column":8},"end":{"line":138,"column":8}},{"start":{"line":138,"column":8},"end":{"line":138,"column":8}}]},"6":{"line":142,"type":"if","locations":[{"start":{"line":142,"column":8},"end":{"line":142,"column":8}},{"start":{"line":142,"column":8},"end":{"line":142,"column":8}}]},"7":{"line":163,"type":"if","locations":[{"start":{"line":163,"column":8},"end":{"line":163,"column":8}},{"start":{"line":163,"column":8},"end":{"line":163,"column":8}}]},"8":{"line":176,"type":"if","locations":[{"start":{"line":176,"column":8},"end":{"line":176,"column":8}},{"start":{"line":176,"column":8},"end":{"line":176,"column":8}}]},"9":{"line":179,"type":"if","locations":[{"start":{"line":179,"column":8},"end":{"line":179,"column":8}},{"start":{"line":179,"column":8},"end":{"line":179,"column":8}}]},"10":{"line":184,"type":"if","locations":[{"start":{"line":184,"column":8},"end":{"line":184,"column":8}},{"start":{"line":184,"column":8},"end":{"line":184,"column":8}}]},"11":{"line":197,"type":"if","locations":[{"start":{"line":197,"column":8},"end":{"line":197,"column":8}},{"start":{"line":197,"column":8},"end":{"line":197,"column":8}}]},"12":{"line":202,"type":"if","locations":[{"start":{"line":202,"column":8},"end":{"line":202,"column":8}},{"start":{"line":202,"column":8},"end":{"line":202,"column":8}}]},"13":{"line":206,"type":"if","locations":[{"start":{"line":206,"column":8},"end":{"line":206,"column":8}},{"start":{"line":206,"column":8},"end":{"line":206,"column":8}}]}}},"contracts/Governor.sol":{"l":{"120":9,"121":9,"123":9,"135":4,"136":1,"138":3,"140":3,"141":3,"143":3,"145":3,"146":3,"147":3,"149":3,"150":3,"155":32,"156":1,"158":31,"162":28,"163":5,"165":23,"169":2,"170":1,"172":1,"176":20,"177":2,"179":18,"186":7,"187":1,"190":6,"191":1,"192":1,"193":1,"194":1,"196":1,"197":2,"198":2,"201":5,"202":13,"203":13,"204":13,"206":5,"207":2,"208":2,"217":2,"218":7,"219":1,"222":1,"223":1,"229":1,"230":2,"231":1,"232":1,"233":1,"234":1,"244":2,"245":8,"246":1,"249":1,"250":1,"251":1,"258":1,"269":10,"270":1,"273":9,"274":1,"277":8,"278":1,"281":7,"283":7,"284":7,"285":1,"288":6,"289":6,"291":6,"292":6,"294":6,"295":6,"297":6,"298":6,"300":6,"310":6,"319":13,"320":13,"321":1,"324":10,"325":10,"327":1,"331":9,"333":9,"334":7,"337":9,"349":8,"351":8,"352":4,"353":1,"356":3,"357":3,"363":3,"364":1,"368":2,"370":2,"371":2,"372":2,"373":2,"375":2,"381":31,"383":31,"384":8,"387":23,"388":1,"391":22,"393":22,"394":15,"399":7,"403":5,"405":2,"413":5,"414":5,"416":4,"417":1,"420":3,"421":2,"423":1,"427":2,"429":2,"435":4,"437":3,"438":1,"442":2,"446":1,"449":1,"452":1,"453":5,"454":1,"455":1,"456":1,"459":1,"460":1,"461":1,"462":1,"463":1,"464":1,"466":1,"470":1,"474":1,"482":15},"path":"/home/decadanse/DAO/contracts/Governor.sol","s":{"1":9,"2":9,"3":9,"4":4,"5":3,"6":3,"7":3,"8":3,"9":3,"10":3,"11":3,"12":3,"13":3,"14":32,"15":28,"16":2,"17":20,"18":7,"19":6,"20":1,"21":1,"22":1,"23":1,"24":2,"25":2,"26":5,"27":13,"28":13,"29":5,"30":2,"31":7,"32":1,"33":1,"34":1,"35":2,"36":1,"37":1,"38":1,"39":2,"40":8,"41":1,"42":1,"43":1,"44":10,"45":9,"46":8,"47":7,"48":7,"49":7,"50":6,"51":6,"52":6,"53":6,"54":6,"55":6,"56":6,"57":6,"58":6,"59":6,"60":13,"61":13,"62":10,"63":10,"64":9,"65":9,"66":7,"67":9,"68":8,"69":8,"70":4,"71":3,"72":3,"73":3,"74":2,"75":2,"76":31,"77":31,"78":8,"79":23,"80":1,"81":22,"82":22,"83":15,"84":7,"85":5,"86":2,"87":5,"88":5,"89":4,"90":3,"91":2,"92":2,"93":2,"94":4,"95":3,"96":2,"97":1,"98":1,"99":5,"100":1,"101":1,"102":1,"103":1,"104":1,"105":15},"b":{"1":[1,3],"2":[1,31],"3":[5,23],"4":[1,1],"5":[2,18],"6":[1,6],"7":[1,5],"8":[1,6],"9":[1,1],"10":[1,7],"11":[1,9],"12":[1,8],"13":[1,7],"14":[1,6],"15":[1,10],"16":[1,9],"17":[7,2],"18":[1,3],"19":[1,2],"20":[8,23],"21":[1,22],"22":[15,7],"23":[5,2],"24":[1,3],"25":[1,1],"26":[1,2],"27":[1,1],"28":[1,4]},"f":{"1":9,"2":4,"3":32,"4":28,"5":2,"6":20,"7":7,"8":2,"9":1,"10":2,"11":1,"12":10,"13":13,"14":8,"15":31,"16":5,"17":4,"18":1,"19":1,"20":15},"fnMap":{"1":{"name":"constructor","line":119,"loc":{"start":{"line":119,"column":4},"end":{"line":124,"column":4}}},"2":{"name":"init","line":130,"loc":{"start":{"line":130,"column":4},"end":{"line":151,"column":4}}},"3":{"name":"GuardianLimitReached","line":154,"loc":{"start":{"line":154,"column":4},"end":{"line":159,"column":4}}},"4":{"name":"onlySnapshot","line":161,"loc":{"start":{"line":161,"column":4},"end":{"line":166,"column":4}}},"5":{"name":"onlyAvatar","line":168,"loc":{"start":{"line":168,"column":4},"end":{"line":173,"column":4}}},"6":{"name":"onlyGuardian","line":175,"loc":{"start":{"line":175,"column":4},"end":{"line":180,"column":4}}},"7":{"name":"setGuardians","line":184,"loc":{"start":{"line":184,"column":4},"end":{"line":211,"column":4}}},"8":{"name":"addGuardian","line":215,"loc":{"start":{"line":215,"column":4},"end":{"line":224,"column":4}}},"9":{"name":"removeGuardian","line":228,"loc":{"start":{"line":228,"column":4},"end":{"line":237,"column":4}}},"10":{"name":"changeGuardian","line":242,"loc":{"start":{"line":242,"column":4},"end":{"line":252,"column":4}}},"11":{"name":"changeGuardiansLimit","line":257,"loc":{"start":{"line":257,"column":4},"end":{"line":259,"column":4}}},"12":{"name":"propose","line":268,"loc":{"start":{"line":264,"column":4},"end":{"line":311,"column":4}}},"13":{"name":"castVote","line":318,"loc":{"start":{"line":318,"column":4},"end":{"line":338,"column":4}}},"14":{"name":"execute","line":348,"loc":{"start":{"line":344,"column":4},"end":{"line":376,"column":4}}},"15":{"name":"state","line":380,"loc":{"start":{"line":380,"column":4},"end":{"line":407,"column":4}}},"16":{"name":"castVoteForCancelling","line":412,"loc":{"start":{"line":412,"column":4},"end":{"line":430,"column":4}}},"17":{"name":"cancel","line":434,"loc":{"start":{"line":434,"column":4},"end":{"line":467,"column":4}}},"18":{"name":"votingDelay","line":469,"loc":{"start":{"line":469,"column":4},"end":{"line":471,"column":4}}},"19":{"name":"votingPeriod","line":473,"loc":{"start":{"line":473,"column":4},"end":{"line":475,"column":4}}},"20":{"name":"hashProposal","line":477,"loc":{"start":{"line":477,"column":4},"end":{"line":483,"column":4}}}},"statementMap":{"1":{"start":{"line":120,"column":8},"end":{"line":120,"column":21}},"2":{"start":{"line":121,"column":8},"end":{"line":121,"column":19}},"3":{"start":{"line":123,"column":8},"end":{"line":123,"column":33}},"4":{"start":{"line":135,"column":8},"end":{"line":135,"column":4993}},"5":{"start":{"line":138,"column":8},"end":{"line":138,"column":39}},"6":{"start":{"line":140,"column":8},"end":{"line":140,"column":41}},"7":{"start":{"line":141,"column":8},"end":{"line":141,"column":37}},"8":{"start":{"line":143,"column":8},"end":{"line":143,"column":26}},"9":{"start":{"line":145,"column":8},"end":{"line":145,"column":23}},"10":{"start":{"line":146,"column":8},"end":{"line":146,"column":30}},"11":{"start":{"line":147,"column":8},"end":{"line":147,"column":26}},"12":{"start":{"line":149,"column":8},"end":{"line":149,"column":72}},"13":{"start":{"line":150,"column":8},"end":{"line":150,"column":19}},"14":{"start":{"line":155,"column":8},"end":{"line":155,"column":5594}},"15":{"start":{"line":162,"column":8},"end":{"line":162,"column":5743}},"16":{"start":{"line":169,"column":8},"end":{"line":169,"column":5879}},"17":{"start":{"line":176,"column":8},"end":{"line":176,"column":6015}},"18":{"start":{"line":186,"column":8},"end":{"line":186,"column":6386}},"19":{"start":{"line":190,"column":8},"end":{"line":190,"column":6477}},"20":{"start":{"line":191,"column":12},"end":{"line":191,"column":6539}},"21":{"start":{"line":193,"column":16},"end":{"line":193,"column":45}},"22":{"start":{"line":194,"column":16},"end":{"line":194,"column":43}},"23":{"start":{"line":196,"column":12},"end":{"line":196,"column":6754}},"24":{"start":{"line":197,"column":16},"end":{"line":197,"column":46}},"25":{"start":{"line":198,"column":16},"end":{"line":198,"column":43}},"26":{"start":{"line":201,"column":12},"end":{"line":201,"column":6959}},"27":{"start":{"line":203,"column":16},"end":{"line":203,"column":45}},"28":{"start":{"line":204,"column":16},"end":{"line":204,"column":43}},"29":{"start":{"line":206,"column":12},"end":{"line":206,"column":7177}},"30":{"start":{"line":217,"column":8},"end":{"line":217,"column":7590}},"31":{"start":{"line":218,"column":12},"end":{"line":218,"column":7655}},"32":{"start":{"line":222,"column":8},"end":{"line":222,"column":31}},"33":{"start":{"line":223,"column":8},"end":{"line":223,"column":28}},"34":{"start":{"line":229,"column":8},"end":{"line":229,"column":8019}},"35":{"start":{"line":230,"column":12},"end":{"line":230,"column":8084}},"36":{"start":{"line":231,"column":16},"end":{"line":231,"column":61}},"37":{"start":{"line":232,"column":16},"end":{"line":232,"column":30}},"38":{"start":{"line":233,"column":16},"end":{"line":233,"column":36}},"39":{"start":{"line":244,"column":8},"end":{"line":244,"column":8634}},"40":{"start":{"line":245,"column":12},"end":{"line":245,"column":8699}},"41":{"start":{"line":249,"column":8},"end":{"line":249,"column":39}},"42":{"start":{"line":251,"column":8},"end":{"line":251,"column":31}},"43":{"start":{"line":258,"column":8},"end":{"line":258,"column":33}},"44":{"start":{"line":269,"column":8},"end":{"line":269,"column":9662}},"45":{"start":{"line":273,"column":8},"end":{"line":273,"column":9801}},"46":{"start":{"line":277,"column":8},"end":{"line":277,"column":9887}},"47":{"start":{"line":281,"column":8},"end":{"line":281,"column":69}},"48":{"start":{"line":283,"column":8},"end":{"line":283,"column":62}},"49":{"start":{"line":284,"column":8},"end":{"line":284,"column":10309}},"50":{"start":{"line":288,"column":8},"end":{"line":288,"column":57}},"51":{"start":{"line":289,"column":8},"end":{"line":289,"column":51}},"52":{"start":{"line":291,"column":8},"end":{"line":291,"column":36}},"53":{"start":{"line":292,"column":8},"end":{"line":292,"column":34}},"54":{"start":{"line":294,"column":8},"end":{"line":294,"column":37}},"55":{"start":{"line":295,"column":8},"end":{"line":295,"column":37}},"56":{"start":{"line":297,"column":8},"end":{"line":297,"column":40}},"57":{"start":{"line":298,"column":8},"end":{"line":298,"column":33}},"58":{"start":{"line":300,"column":8},"end":{"line":300,"column":10746}},"59":{"start":{"line":310,"column":8},"end":{"line":310,"column":25}},"60":{"start":{"line":319,"column":8},"end":{"line":319,"column":62}},"61":{"start":{"line":320,"column":8},"end":{"line":320,"column":11538}},"62":{"start":{"line":324,"column":8},"end":{"line":324,"column":11641}},"63":{"start":{"line":325,"column":12},"end":{"line":325,"column":11715}},"64":{"start":{"line":331,"column":8},"end":{"line":331,"column":38}},"65":{"start":{"line":333,"column":8},"end":{"line":333,"column":11933}},"66":{"start":{"line":334,"column":12},"end":{"line":334,"column":42}},"67":{"start":{"line":337,"column":8},"end":{"line":337,"column":42}},"68":{"start":{"line":349,"column":8},"end":{"line":349,"column":69}},"69":{"start":{"line":351,"column":8},"end":{"line":351,"column":48}},"70":{"start":{"line":352,"column":8},"end":{"line":352,"column":12632}},"71":{"start":{"line":356,"column":8},"end":{"line":356,"column":12727}},"72":{"start":{"line":357,"column":12},"end":{"line":357,"column":12791}},"73":{"start":{"line":363,"column":12},"end":{"line":363,"column":12999}},"74":{"start":{"line":368,"column":8},"end":{"line":368,"column":41}},"75":{"start":{"line":375,"column":8},"end":{"line":375,"column":25}},"76":{"start":{"line":381,"column":8},"end":{"line":381,"column":62}},"77":{"start":{"line":383,"column":8},"end":{"line":383,"column":13596}},"78":{"start":{"line":384,"column":12},"end":{"line":384,"column":50}},"79":{"start":{"line":387,"column":8},"end":{"line":387,"column":13699}},"80":{"start":{"line":388,"column":12},"end":{"line":388,"column":40}},"81":{"start":{"line":391,"column":8},"end":{"line":391,"column":57}},"82":{"start":{"line":393,"column":8},"end":{"line":393,"column":13865}},"83":{"start":{"line":394,"column":12},"end":{"line":394,"column":39}},"84":{"start":{"line":399,"column":8},"end":{"line":399,"column":14152}},"85":{"start":{"line":403,"column":12},"end":{"line":403,"column":42}},"86":{"start":{"line":405,"column":12},"end":{"line":405,"column":41}},"87":{"start":{"line":413,"column":8},"end":{"line":413,"column":62}},"88":{"start":{"line":414,"column":8},"end":{"line":414,"column":47}},"89":{"start":{"line":416,"column":8},"end":{"line":416,"column":14878}},"90":{"start":{"line":420,"column":8},"end":{"line":420,"column":14969}},"91":{"start":{"line":421,"column":12},"end":{"line":421,"column":15047}},"92":{"start":{"line":427,"column":8},"end":{"line":427,"column":46}},"93":{"start":{"line":429,"column":8},"end":{"line":429,"column":46}},"94":{"start":{"line":435,"column":8},"end":{"line":435,"column":48}},"95":{"start":{"line":437,"column":8},"end":{"line":437,"column":15529}},"96":{"start":{"line":442,"column":8},"end":{"line":442,"column":15721}},"97":{"start":{"line":449,"column":8},"end":{"line":449,"column":45}},"98":{"start":{"line":452,"column":8},"end":{"line":452,"column":16014}},"99":{"start":{"line":453,"column":12},"end":{"line":453,"column":16079}},"100":{"start":{"line":454,"column":16},"end":{"line":454,"column":61}},"101":{"start":{"line":455,"column":16},"end":{"line":455,"column":30}},"102":{"start":{"line":466,"column":8},"end":{"line":466,"column":41}},"103":{"start":{"line":470,"column":8},"end":{"line":470,"column":27}},"104":{"start":{"line":474,"column":8},"end":{"line":474,"column":28}},"105":{"start":{"line":482,"column":8},"end":{"line":482,"column":73}}},"branchMap":{"1":{"line":135,"type":"if","locations":[{"start":{"line":135,"column":8},"end":{"line":135,"column":8}},{"start":{"line":135,"column":8},"end":{"line":135,"column":8}}]},"2":{"line":155,"type":"if","locations":[{"start":{"line":155,"column":8},"end":{"line":155,"column":8}},{"start":{"line":155,"column":8},"end":{"line":155,"column":8}}]},"3":{"line":162,"type":"if","locations":[{"start":{"line":162,"column":8},"end":{"line":162,"column":8}},{"start":{"line":162,"column":8},"end":{"line":162,"column":8}}]},"4":{"line":169,"type":"if","locations":[{"start":{"line":169,"column":8},"end":{"line":169,"column":8}},{"start":{"line":169,"column":8},"end":{"line":169,"column":8}}]},"5":{"line":176,"type":"if","locations":[{"start":{"line":176,"column":8},"end":{"line":176,"column":8}},{"start":{"line":176,"column":8},"end":{"line":176,"column":8}}]},"6":{"line":186,"type":"if","locations":[{"start":{"line":186,"column":8},"end":{"line":186,"column":8}},{"start":{"line":186,"column":8},"end":{"line":186,"column":8}}]},"7":{"line":190,"type":"if","locations":[{"start":{"line":190,"column":8},"end":{"line":190,"column":8}},{"start":{"line":190,"column":8},"end":{"line":190,"column":8}}]},"8":{"line":218,"type":"if","locations":[{"start":{"line":218,"column":12},"end":{"line":218,"column":12}},{"start":{"line":218,"column":12},"end":{"line":218,"column":12}}]},"9":{"line":230,"type":"if","locations":[{"start":{"line":230,"column":12},"end":{"line":230,"column":12}},{"start":{"line":230,"column":12},"end":{"line":230,"column":12}}]},"10":{"line":245,"type":"if","locations":[{"start":{"line":245,"column":12},"end":{"line":245,"column":12}},{"start":{"line":245,"column":12},"end":{"line":245,"column":12}}]},"11":{"line":269,"type":"if","locations":[{"start":{"line":269,"column":8},"end":{"line":269,"column":8}},{"start":{"line":269,"column":8},"end":{"line":269,"column":8}}]},"12":{"line":273,"type":"if","locations":[{"start":{"line":273,"column":8},"end":{"line":273,"column":8}},{"start":{"line":273,"column":8},"end":{"line":273,"column":8}}]},"13":{"line":277,"type":"if","locations":[{"start":{"line":277,"column":8},"end":{"line":277,"column":8}},{"start":{"line":277,"column":8},"end":{"line":277,"column":8}}]},"14":{"line":284,"type":"if","locations":[{"start":{"line":284,"column":8},"end":{"line":284,"column":8}},{"start":{"line":284,"column":8},"end":{"line":284,"column":8}}]},"15":{"line":320,"type":"if","locations":[{"start":{"line":320,"column":8},"end":{"line":320,"column":8}},{"start":{"line":320,"column":8},"end":{"line":320,"column":8}}]},"16":{"line":325,"type":"if","locations":[{"start":{"line":325,"column":12},"end":{"line":325,"column":12}},{"start":{"line":325,"column":12},"end":{"line":325,"column":12}}]},"17":{"line":333,"type":"if","locations":[{"start":{"line":333,"column":8},"end":{"line":333,"column":8}},{"start":{"line":333,"column":8},"end":{"line":333,"column":8}}]},"18":{"line":352,"type":"if","locations":[{"start":{"line":352,"column":8},"end":{"line":352,"column":8}},{"start":{"line":352,"column":8},"end":{"line":352,"column":8}}]},"19":{"line":363,"type":"if","locations":[{"start":{"line":363,"column":12},"end":{"line":363,"column":12}},{"start":{"line":363,"column":12},"end":{"line":363,"column":12}}]},"20":{"line":383,"type":"if","locations":[{"start":{"line":383,"column":8},"end":{"line":383,"column":8}},{"start":{"line":383,"column":8},"end":{"line":383,"column":8}}]},"21":{"line":387,"type":"if","locations":[{"start":{"line":387,"column":8},"end":{"line":387,"column":8}},{"start":{"line":387,"column":8},"end":{"line":387,"column":8}}]},"22":{"line":393,"type":"if","locations":[{"start":{"line":393,"column":8},"end":{"line":393,"column":8}},{"start":{"line":393,"column":8},"end":{"line":393,"column":8}}]},"23":{"line":399,"type":"if","locations":[{"start":{"line":399,"column":8},"end":{"line":399,"column":8}},{"start":{"line":399,"column":8},"end":{"line":399,"column":8}}]},"24":{"line":416,"type":"if","locations":[{"start":{"line":416,"column":8},"end":{"line":416,"column":8}},{"start":{"line":416,"column":8},"end":{"line":416,"column":8}}]},"25":{"line":421,"type":"if","locations":[{"start":{"line":421,"column":12},"end":{"line":421,"column":12}},{"start":{"line":421,"column":12},"end":{"line":421,"column":12}}]},"26":{"line":437,"type":"if","locations":[{"start":{"line":437,"column":8},"end":{"line":437,"column":8}},{"start":{"line":437,"column":8},"end":{"line":437,"column":8}}]},"27":{"line":442,"type":"if","locations":[{"start":{"line":442,"column":8},"end":{"line":442,"column":8}},{"start":{"line":442,"column":8},"end":{"line":442,"column":8}}]},"28":{"line":453,"type":"if","locations":[{"start":{"line":453,"column":12},"end":{"line":453,"column":12}},{"start":{"line":453,"column":12},"end":{"line":453,"column":12}}]}}},"contracts/GuildController.sol":{"l":{"85":69,"86":1,"88":68,"90":68,"91":68,"92":68,"93":68,"94":68,"95":68,"96":68,"97":68,"99":68,"100":68,"102":68,"103":68,"104":68,"108":2,"109":1,"111":1,"115":1,"127":9,"128":21,"129":21,"132":9,"139":9,"140":0,"142":6,"143":6,"146":5,"159":7,"162":5,"163":1,"166":4,"167":4,"170":4,"172":1,"181":1,"184":1,"187":1,"189":1,"191":1,"194":2,"197":4,"200":3,"201":3,"203":4,"205":4,"207":4,"209":4,"211":4,"213":4,"227":32,"228":32,"231":32,"232":32,"233":1,"236":31,"238":31,"245":31,"261":10,"262":1,"265":9,"266":1,"270":8,"271":1,"275":7,"276":1,"279":6,"280":1,"283":5,"284":5,"286":5,"287":5,"289":5,"290":3,"291":3,"293":2,"294":2,"301":4,"302":1,"305":3,"306":1,"309":2,"311":21,"312":21,"314":21,"317":1,"320":1,"322":3,"324":2,"325":2,"327":3,"332":20,"334":2,"336":1,"337":1,"338":1,"340":2,"343":20,"345":211,"347":9,"348":9,"353":21,"356":2,"357":21,"360":2,"361":2,"362":2,"363":2,"364":2,"371":5,"372":1,"376":4,"377":1,"382":3,"383":1,"386":3,"387":3,"390":3,"391":1,"395":1,"397":1,"399":3,"400":3,"402":3,"403":31,"404":31,"405":31,"406":31,"409":3,"410":3,"411":3,"418":1,"419":1,"420":3,"421":3,"422":3,"432":2,"433":1,"435":1,"436":1,"437":1,"444":2,"445":1,"447":1,"449":2,"455":1,"456":4,"457":1,"458":1,"459":1,"462":1,"463":1,"470":2,"471":1,"474":1,"475":2,"476":2,"481":3,"485":1},"path":"/home/decadanse/DAO/contracts/GuildController.sol","s":{"1":69,"2":68,"3":68,"4":68,"5":68,"6":68,"7":68,"8":68,"9":68,"10":68,"11":68,"12":68,"13":68,"14":68,"15":68,"16":2,"17":1,"18":1,"19":9,"20":21,"21":21,"22":9,"23":9,"24":6,"25":6,"26":5,"27":7,"28":5,"29":4,"30":4,"31":4,"32":1,"33":3,"34":1,"35":1,"36":1,"37":1,"38":1,"39":2,"40":4,"41":3,"42":3,"43":4,"44":4,"45":4,"46":4,"47":4,"48":4,"49":32,"50":32,"51":32,"52":32,"53":31,"54":31,"55":31,"56":10,"57":9,"58":8,"59":7,"60":6,"61":5,"62":5,"63":5,"64":5,"65":5,"66":3,"67":3,"68":2,"69":2,"70":4,"71":3,"72":2,"73":21,"74":21,"75":21,"76":1,"77":1,"78":3,"79":2,"80":2,"81":20,"82":2,"83":1,"84":1,"85":1,"86":20,"87":211,"88":9,"89":9,"90":2,"91":2,"92":2,"93":2,"94":5,"95":4,"96":3,"97":1,"98":3,"99":3,"100":3,"101":1,"102":2,"103":1,"104":1,"105":3,"106":3,"107":3,"108":31,"109":31,"110":31,"111":3,"112":3,"113":1,"114":3,"115":3,"116":3,"117":2,"118":1,"119":1,"120":1,"121":2,"122":1,"123":1,"124":2,"125":1,"126":4,"127":1,"128":1,"129":1,"130":2,"131":1,"132":2,"133":2,"134":3,"135":1},"b":{"1":[1,68],"2":[1,1],"3":[0,6],"4":[1,4],"5":[1,3],"6":[1,2],"7":[3,1],"8":[1,31],"9":[1,9],"10":[1,8],"11":[1,7],"12":[1,6],"13":[1,5],"14":[3,2],"15":[1,3],"16":[1,2],"17":[1,20],"18":[2,1],"19":[1,1],"20":[9,202],"21":[1,4],"22":[1,3],"23":[1,2],"24":[1,2],"25":[1,1],"26":[1,1],"27":[1,1],"28":[1,3],"29":[1,1]},"f":{"1":69,"2":2,"3":1,"4":9,"5":9,"6":7,"7":32,"8":10,"9":4,"10":5,"11":1,"12":2,"13":2,"14":1,"15":2,"16":3,"17":1},"fnMap":{"1":{"name":"init","line":77,"loc":{"start":{"line":77,"column":4},"end":{"line":105,"column":4}}},"2":{"name":"setVotingPeriod","line":107,"loc":{"start":{"line":107,"column":4},"end":{"line":112,"column":4}}},"3":{"name":"setPercentToConvert","line":114,"loc":{"start":{"line":114,"column":4},"end":{"line":116,"column":4}}},"4":{"name":"distribute","line":121,"loc":{"start":{"line":121,"column":4},"end":{"line":133,"column":4}}},"5":{"name":"gatherDonation","line":137,"loc":{"start":{"line":137,"column":4},"end":{"line":147,"column":4}}},"6":{"name":"donate","line":157,"loc":{"start":{"line":157,"column":4},"end":{"line":214,"column":4}}},"7":{"name":"addReport","line":220,"loc":{"start":{"line":220,"column":4},"end":{"line":246,"column":4}}},"8":{"name":"voteForReport","line":255,"loc":{"start":{"line":255,"column":4},"end":{"line":296,"column":4}}},"9":{"name":"finalizeVoting","line":299,"loc":{"start":{"line":299,"column":4},"end":{"line":365,"column":4}}},"10":{"name":"startVoting","line":368,"loc":{"start":{"line":368,"column":4},"end":{"line":412,"column":4}}},"11":{"name":"setImpactMakers","line":417,"loc":{"start":{"line":417,"column":4},"end":{"line":424,"column":4}}},"12":{"name":"addImpactMaker","line":430,"loc":{"start":{"line":430,"column":4},"end":{"line":438,"column":4}}},"13":{"name":"changeImpactMaker","line":443,"loc":{"start":{"line":443,"column":4},"end":{"line":450,"column":4}}},"14":{"name":"removeImpactMaker","line":454,"loc":{"start":{"line":454,"column":4},"end":{"line":464,"column":4}}},"15":{"name":"claim","line":469,"loc":{"start":{"line":469,"column":4},"end":{"line":478,"column":4}}},"16":{"name":"getWeekday","line":480,"loc":{"start":{"line":480,"column":4},"end":{"line":482,"column":4}}},"17":{"name":"abs","line":484,"loc":{"start":{"line":484,"column":4},"end":{"line":486,"column":4}}}},"statementMap":{"1":{"start":{"line":85,"column":8},"end":{"line":85,"column":3564}},"2":{"start":{"line":88,"column":8},"end":{"line":88,"column":36}},"3":{"start":{"line":90,"column":8},"end":{"line":90,"column":19}},"4":{"start":{"line":91,"column":8},"end":{"line":91,"column":31}},"5":{"start":{"line":92,"column":8},"end":{"line":92,"column":44}},"6":{"start":{"line":93,"column":8},"end":{"line":93,"column":53}},"7":{"start":{"line":94,"column":8},"end":{"line":94,"column":35}},"8":{"start":{"line":95,"column":8},"end":{"line":95,"column":45}},"9":{"start":{"line":96,"column":8},"end":{"line":96,"column":27}},"10":{"start":{"line":97,"column":8},"end":{"line":97,"column":33}},"11":{"start":{"line":99,"column":8},"end":{"line":99,"column":22}},"12":{"start":{"line":100,"column":8},"end":{"line":100,"column":21}},"13":{"start":{"line":102,"column":8},"end":{"line":102,"column":26}},"14":{"start":{"line":103,"column":8},"end":{"line":103,"column":62}},"15":{"start":{"line":104,"column":8},"end":{"line":104,"column":19}},"16":{"start":{"line":108,"column":8},"end":{"line":108,"column":4233}},"17":{"start":{"line":111,"column":8},"end":{"line":111,"column":39}},"18":{"start":{"line":115,"column":8},"end":{"line":115,"column":45}},"19":{"start":{"line":127,"column":8},"end":{"line":127,"column":5007}},"20":{"start":{"line":128,"column":12},"end":{"line":128,"column":89}},"21":{"start":{"line":129,"column":12},"end":{"line":129,"column":71}},"22":{"start":{"line":132,"column":8},"end":{"line":132,"column":21}},"23":{"start":{"line":139,"column":8},"end":{"line":139,"column":5546}},"24":{"start":{"line":142,"column":8},"end":{"line":142,"column":95}},"25":{"start":{"line":143,"column":8},"end":{"line":143,"column":62}},"26":{"start":{"line":146,"column":8},"end":{"line":146,"column":51}},"27":{"start":{"line":159,"column":8},"end":{"line":159,"column":65}},"28":{"start":{"line":162,"column":8},"end":{"line":162,"column":6812}},"29":{"start":{"line":166,"column":8},"end":{"line":166,"column":73}},"30":{"start":{"line":167,"column":8},"end":{"line":167,"column":41}},"31":{"start":{"line":170,"column":8},"end":{"line":170,"column":7137}},"32":{"start":{"line":172,"column":12},"end":{"line":172,"column":21}},"33":{"start":{"line":176,"column":15},"end":{"line":176,"column":7428}},"34":{"start":{"line":181,"column":12},"end":{"line":181,"column":71}},"35":{"start":{"line":184,"column":12},"end":{"line":184,"column":76}},"36":{"start":{"line":187,"column":12},"end":{"line":187,"column":92}},"37":{"start":{"line":189,"column":12},"end":{"line":189,"column":64}},"38":{"start":{"line":191,"column":12},"end":{"line":191,"column":98}},"39":{"start":{"line":194,"column":12},"end":{"line":194,"column":88}},"40":{"start":{"line":197,"column":8},"end":{"line":197,"column":8469}},"41":{"start":{"line":200,"column":12},"end":{"line":200,"column":66}},"42":{"start":{"line":201,"column":12},"end":{"line":201,"column":62}},"43":{"start":{"line":203,"column":8},"end":{"line":203,"column":46}},"44":{"start":{"line":205,"column":8},"end":{"line":205,"column":68}},"45":{"start":{"line":207,"column":8},"end":{"line":207,"column":75}},"46":{"start":{"line":209,"column":8},"end":{"line":209,"column":92}},"47":{"start":{"line":211,"column":8},"end":{"line":211,"column":59}},"48":{"start":{"line":213,"column":8},"end":{"line":213,"column":31}},"49":{"start":{"line":227,"column":8},"end":{"line":227,"column":64}},"50":{"start":{"line":228,"column":8},"end":{"line":228,"column":81}},"51":{"start":{"line":231,"column":8},"end":{"line":231,"column":64}},"52":{"start":{"line":232,"column":8},"end":{"line":232,"column":10053}},"53":{"start":{"line":236,"column":8},"end":{"line":236,"column":49}},"54":{"start":{"line":238,"column":8},"end":{"line":238,"column":52}},"55":{"start":{"line":245,"column":8},"end":{"line":245,"column":37}},"56":{"start":{"line":261,"column":8},"end":{"line":261,"column":11395}},"57":{"start":{"line":265,"column":8},"end":{"line":265,"column":11477}},"58":{"start":{"line":270,"column":8},"end":{"line":270,"column":11629}},"59":{"start":{"line":275,"column":8},"end":{"line":275,"column":11797}},"60":{"start":{"line":279,"column":8},"end":{"line":279,"column":11919}},"61":{"start":{"line":283,"column":8},"end":{"line":283,"column":47}},"62":{"start":{"line":284,"column":8},"end":{"line":284,"column":34}},"63":{"start":{"line":286,"column":8},"end":{"line":286,"column":42}},"64":{"start":{"line":287,"column":8},"end":{"line":287,"column":35}},"65":{"start":{"line":289,"column":8},"end":{"line":289,"column":12205}},"66":{"start":{"line":290,"column":12},"end":{"line":290,"column":46}},"67":{"start":{"line":291,"column":12},"end":{"line":291,"column":50}},"68":{"start":{"line":293,"column":12},"end":{"line":293,"column":46}},"69":{"start":{"line":294,"column":12},"end":{"line":294,"column":50}},"70":{"start":{"line":301,"column":8},"end":{"line":301,"column":12638}},"71":{"start":{"line":305,"column":8},"end":{"line":305,"column":12719}},"72":{"start":{"line":309,"column":8},"end":{"line":309,"column":12845}},"73":{"start":{"line":311,"column":12},"end":{"line":311,"column":64}},"74":{"start":{"line":312,"column":12},"end":{"line":312,"column":48}},"75":{"start":{"line":314,"column":12},"end":{"line":314,"column":13131}},"76":{"start":{"line":317,"column":16},"end":{"line":317,"column":86}},"77":{"start":{"line":320,"column":16},"end":{"line":320,"column":13465}},"78":{"start":{"line":322,"column":20},"end":{"line":322,"column":13582}},"79":{"start":{"line":324,"column":24},"end":{"line":324,"column":116}},"80":{"start":{"line":325,"column":24},"end":{"line":325,"column":90}},"81":{"start":{"line":332,"column":16},"end":{"line":332,"column":14129}},"82":{"start":{"line":334,"column":20},"end":{"line":334,"column":14246}},"83":{"start":{"line":336,"column":24},"end":{"line":336,"column":67}},"84":{"start":{"line":337,"column":24},"end":{"line":337,"column":96}},"85":{"start":{"line":338,"column":24},"end":{"line":338,"column":90}},"86":{"start":{"line":343,"column":16},"end":{"line":343,"column":14819}},"87":{"start":{"line":345,"column":20},"end":{"line":345,"column":14934}},"88":{"start":{"line":347,"column":24},"end":{"line":347,"column":114}},"89":{"start":{"line":348,"column":24},"end":{"line":348,"column":99}},"90":{"start":{"line":356,"column":8},"end":{"line":356,"column":15359}},"91":{"start":{"line":362,"column":8},"end":{"line":362,"column":29}},"92":{"start":{"line":363,"column":8},"end":{"line":363,"column":21}},"93":{"start":{"line":364,"column":8},"end":{"line":364,"column":22}},"94":{"start":{"line":371,"column":8},"end":{"line":371,"column":15825}},"95":{"start":{"line":376,"column":8},"end":{"line":376,"column":16005}},"96":{"start":{"line":382,"column":8},"end":{"line":382,"column":16294}},"97":{"start":{"line":383,"column":12},"end":{"line":383,"column":27}},"98":{"start":{"line":386,"column":8},"end":{"line":386,"column":41}},"99":{"start":{"line":387,"column":8},"end":{"line":387,"column":49}},"100":{"start":{"line":390,"column":8},"end":{"line":390,"column":16545}},"101":{"start":{"line":391,"column":12},"end":{"line":391,"column":26}},"102":{"start":{"line":392,"column":15},"end":{"line":392,"column":16605}},"103":{"start":{"line":395,"column":12},"end":{"line":395,"column":46}},"104":{"start":{"line":397,"column":12},"end":{"line":397,"column":40}},"105":{"start":{"line":399,"column":8},"end":{"line":399,"column":38}},"106":{"start":{"line":400,"column":8},"end":{"line":400,"column":27}},"107":{"start":{"line":402,"column":8},"end":{"line":402,"column":16950}},"108":{"start":{"line":403,"column":12},"end":{"line":403,"column":53}},"109":{"start":{"line":404,"column":12},"end":{"line":404,"column":32}},"110":{"start":{"line":405,"column":12},"end":{"line":405,"column":32}},"111":{"start":{"line":409,"column":8},"end":{"line":409,"column":27}},"112":{"start":{"line":410,"column":8},"end":{"line":410,"column":21}},"113":{"start":{"line":419,"column":8},"end":{"line":419,"column":17656}},"114":{"start":{"line":420,"column":12},"end":{"line":420,"column":48}},"115":{"start":{"line":421,"column":12},"end":{"line":421,"column":53}},"116":{"start":{"line":422,"column":12},"end":{"line":422,"column":38}},"117":{"start":{"line":432,"column":8},"end":{"line":432,"column":18254}},"118":{"start":{"line":435,"column":8},"end":{"line":435,"column":37}},"119":{"start":{"line":436,"column":8},"end":{"line":436,"column":36}},"120":{"start":{"line":437,"column":8},"end":{"line":437,"column":28}},"121":{"start":{"line":444,"column":8},"end":{"line":444,"column":18709}},"122":{"start":{"line":445,"column":12},"end":{"line":445,"column":55}},"123":{"start":{"line":447,"column":12},"end":{"line":447,"column":55}},"124":{"start":{"line":449,"column":8},"end":{"line":449,"column":36}},"125":{"start":{"line":455,"column":8},"end":{"line":455,"column":19137}},"126":{"start":{"line":456,"column":12},"end":{"line":456,"column":19205}},"127":{"start":{"line":457,"column":16},"end":{"line":457,"column":70}},"128":{"start":{"line":458,"column":16},"end":{"line":458,"column":33}},"129":{"start":{"line":462,"column":8},"end":{"line":462,"column":42}},"130":{"start":{"line":470,"column":8},"end":{"line":470,"column":19740}},"131":{"start":{"line":474,"column":8},"end":{"line":474,"column":19822}},"132":{"start":{"line":475,"column":12},"end":{"line":475,"column":83}},"133":{"start":{"line":476,"column":12},"end":{"line":476,"column":48}},"134":{"start":{"line":481,"column":8},"end":{"line":481,"column":47}},"135":{"start":{"line":485,"column":8},"end":{"line":485,"column":30}}},"branchMap":{"1":{"line":85,"type":"if","locations":[{"start":{"line":85,"column":8},"end":{"line":85,"column":8}},{"start":{"line":85,"column":8},"end":{"line":85,"column":8}}]},"2":{"line":108,"type":"if","locations":[{"start":{"line":108,"column":8},"end":{"line":108,"column":8}},{"start":{"line":108,"column":8},"end":{"line":108,"column":8}}]},"3":{"line":139,"type":"if","locations":[{"start":{"line":139,"column":8},"end":{"line":139,"column":8}},{"start":{"line":139,"column":8},"end":{"line":139,"column":8}}]},"4":{"line":162,"type":"if","locations":[{"start":{"line":162,"column":8},"end":{"line":162,"column":8}},{"start":{"line":162,"column":8},"end":{"line":162,"column":8}}]},"5":{"line":170,"type":"if","locations":[{"start":{"line":170,"column":8},"end":{"line":170,"column":8}},{"start":{"line":170,"column":8},"end":{"line":170,"column":8}}]},"6":{"line":176,"type":"if","locations":[{"start":{"line":176,"column":15},"end":{"line":176,"column":15}},{"start":{"line":176,"column":15},"end":{"line":176,"column":15}}]},"7":{"line":197,"type":"if","locations":[{"start":{"line":197,"column":8},"end":{"line":197,"column":8}},{"start":{"line":197,"column":8},"end":{"line":197,"column":8}}]},"8":{"line":232,"type":"if","locations":[{"start":{"line":232,"column":8},"end":{"line":232,"column":8}},{"start":{"line":232,"column":8},"end":{"line":232,"column":8}}]},"9":{"line":261,"type":"if","locations":[{"start":{"line":261,"column":8},"end":{"line":261,"column":8}},{"start":{"line":261,"column":8},"end":{"line":261,"column":8}}]},"10":{"line":265,"type":"if","locations":[{"start":{"line":265,"column":8},"end":{"line":265,"column":8}},{"start":{"line":265,"column":8},"end":{"line":265,"column":8}}]},"11":{"line":270,"type":"if","locations":[{"start":{"line":270,"column":8},"end":{"line":270,"column":8}},{"start":{"line":270,"column":8},"end":{"line":270,"column":8}}]},"12":{"line":275,"type":"if","locations":[{"start":{"line":275,"column":8},"end":{"line":275,"column":8}},{"start":{"line":275,"column":8},"end":{"line":275,"column":8}}]},"13":{"line":279,"type":"if","locations":[{"start":{"line":279,"column":8},"end":{"line":279,"column":8}},{"start":{"line":279,"column":8},"end":{"line":279,"column":8}}]},"14":{"line":289,"type":"if","locations":[{"start":{"line":289,"column":8},"end":{"line":289,"column":8}},{"start":{"line":289,"column":8},"end":{"line":289,"column":8}}]},"15":{"line":301,"type":"if","locations":[{"start":{"line":301,"column":8},"end":{"line":301,"column":8}},{"start":{"line":301,"column":8},"end":{"line":301,"column":8}}]},"16":{"line":305,"type":"if","locations":[{"start":{"line":305,"column":8},"end":{"line":305,"column":8}},{"start":{"line":305,"column":8},"end":{"line":305,"column":8}}]},"17":{"line":314,"type":"if","locations":[{"start":{"line":314,"column":12},"end":{"line":314,"column":12}},{"start":{"line":314,"column":12},"end":{"line":314,"column":12}}]},"18":{"line":322,"type":"if","locations":[{"start":{"line":322,"column":20},"end":{"line":322,"column":20}},{"start":{"line":322,"column":20},"end":{"line":322,"column":20}}]},"19":{"line":334,"type":"if","locations":[{"start":{"line":334,"column":20},"end":{"line":334,"column":20}},{"start":{"line":334,"column":20},"end":{"line":334,"column":20}}]},"20":{"line":345,"type":"if","locations":[{"start":{"line":345,"column":20},"end":{"line":345,"column":20}},{"start":{"line":345,"column":20},"end":{"line":345,"column":20}}]},"21":{"line":371,"type":"if","locations":[{"start":{"line":371,"column":8},"end":{"line":371,"column":8}},{"start":{"line":371,"column":8},"end":{"line":371,"column":8}}]},"22":{"line":376,"type":"if","locations":[{"start":{"line":376,"column":8},"end":{"line":376,"column":8}},{"start":{"line":376,"column":8},"end":{"line":376,"column":8}}]},"23":{"line":382,"type":"if","locations":[{"start":{"line":382,"column":8},"end":{"line":382,"column":8}},{"start":{"line":382,"column":8},"end":{"line":382,"column":8}}]},"24":{"line":390,"type":"if","locations":[{"start":{"line":390,"column":8},"end":{"line":390,"column":8}},{"start":{"line":390,"column":8},"end":{"line":390,"column":8}}]},"25":{"line":392,"type":"if","locations":[{"start":{"line":392,"column":15},"end":{"line":392,"column":15}},{"start":{"line":392,"column":15},"end":{"line":392,"column":15}}]},"26":{"line":432,"type":"if","locations":[{"start":{"line":432,"column":8},"end":{"line":432,"column":8}},{"start":{"line":432,"column":8},"end":{"line":432,"column":8}}]},"27":{"line":444,"type":"if","locations":[{"start":{"line":444,"column":8},"end":{"line":444,"column":8}},{"start":{"line":444,"column":8},"end":{"line":444,"column":8}}]},"28":{"line":456,"type":"if","locations":[{"start":{"line":456,"column":12},"end":{"line":456,"column":12}},{"start":{"line":456,"column":12},"end":{"line":456,"column":12}}]},"29":{"line":470,"type":"if","locations":[{"start":{"line":470,"column":8},"end":{"line":470,"column":8}},{"start":{"line":470,"column":8},"end":{"line":470,"column":8}}]}}},"contracts/GuildFactory.sol":{"l":{"72":24,"74":24,"75":24,"76":24,"78":24,"79":24,"80":24,"81":24,"93":64,"94":1,"98":63,"99":63,"100":63,"103":63,"104":63,"105":63,"106":63,"109":63,"110":63,"111":63,"117":63,"120":63,"121":63,"122":63,"128":63,"131":63,"140":63,"142":63,"155":63,"157":63,"158":63,"160":63,"174":126,"175":126,"178":126,"179":63,"188":63,"191":126,"209":63,"210":63,"213":63,"222":63},"path":"/home/decadanse/DAO/contracts/GuildFactory.sol","s":{"1":24,"2":24,"3":24,"4":24,"5":24,"6":24,"7":24,"8":24,"9":64,"10":63,"11":63,"12":63,"13":63,"14":63,"15":63,"16":63,"17":63,"18":63,"19":63,"20":63,"21":63,"22":63,"23":63,"24":63,"25":63,"26":63,"27":63,"28":63,"29":63,"30":63,"31":63,"32":126,"33":126,"34":126,"35":63,"36":63,"37":126,"38":63,"39":63,"40":63,"41":63},"b":{"1":[1,63],"2":[63,63]},"f":{"1":24,"2":64,"3":63,"4":126,"5":63},"fnMap":{"1":{"name":"constructor","line":62,"loc":{"start":{"line":62,"column":4},"end":{"line":82,"column":4}}},"2":{"name":"deployGuildContracts","line":88,"loc":{"start":{"line":88,"column":4},"end":{"line":143,"column":4}}},"3":{"name":"_deployGuildToken","line":150,"loc":{"start":{"line":150,"column":4},"end":{"line":161,"column":4}}},"4":{"name":"_deployTokenContracts","line":168,"loc":{"start":{"line":168,"column":4},"end":{"line":192,"column":4}}},"5":{"name":"_deployGuildController","line":200,"loc":{"start":{"line":200,"column":4},"end":{"line":223,"column":4}}}},"statementMap":{"1":{"start":{"line":72,"column":8},"end":{"line":72,"column":29}},"2":{"start":{"line":74,"column":8},"end":{"line":74,"column":41}},"3":{"start":{"line":75,"column":8},"end":{"line":75,"column":45}},"4":{"start":{"line":76,"column":8},"end":{"line":76,"column":43}},"5":{"start":{"line":78,"column":8},"end":{"line":78,"column":34}},"6":{"start":{"line":79,"column":8},"end":{"line":79,"column":43}},"7":{"start":{"line":80,"column":8},"end":{"line":80,"column":45}},"8":{"start":{"line":81,"column":8},"end":{"line":81,"column":27}},"9":{"start":{"line":93,"column":8},"end":{"line":93,"column":3365}},"10":{"start":{"line":98,"column":8},"end":{"line":98,"column":31}},"11":{"start":{"line":99,"column":8},"end":{"line":99,"column":33}},"12":{"start":{"line":100,"column":8},"end":{"line":100,"column":30}},"13":{"start":{"line":103,"column":8},"end":{"line":103,"column":48}},"14":{"start":{"line":104,"column":8},"end":{"line":104,"column":49}},"15":{"start":{"line":105,"column":8},"end":{"line":105,"column":82}},"16":{"start":{"line":106,"column":8},"end":{"line":106,"column":44}},"17":{"start":{"line":109,"column":8},"end":{"line":109,"column":50}},"18":{"start":{"line":110,"column":8},"end":{"line":110,"column":50}},"19":{"start":{"line":111,"column":8},"end":{"line":111,"column":4021}},"20":{"start":{"line":117,"column":8},"end":{"line":117,"column":89}},"21":{"start":{"line":120,"column":8},"end":{"line":120,"column":49}},"22":{"start":{"line":121,"column":8},"end":{"line":121,"column":49}},"23":{"start":{"line":122,"column":8},"end":{"line":122,"column":4454}},"24":{"start":{"line":128,"column":8},"end":{"line":128,"column":88}},"25":{"start":{"line":131,"column":8},"end":{"line":131,"column":4781}},"26":{"start":{"line":140,"column":8},"end":{"line":140,"column":87}},"27":{"start":{"line":142,"column":8},"end":{"line":142,"column":29}},"28":{"start":{"line":155,"column":8},"end":{"line":155,"column":74}},"29":{"start":{"line":157,"column":8},"end":{"line":157,"column":71}},"30":{"start":{"line":158,"column":8},"end":{"line":158,"column":72}},"31":{"start":{"line":160,"column":8},"end":{"line":160,"column":37}},"32":{"start":{"line":174,"column":8},"end":{"line":174,"column":78}},"33":{"start":{"line":175,"column":8},"end":{"line":175,"column":47}},"34":{"start":{"line":178,"column":8},"end":{"line":178,"column":6558}},"35":{"start":{"line":179,"column":12},"end":{"line":179,"column":6633}},"36":{"start":{"line":188,"column":12},"end":{"line":188,"column":106}},"37":{"start":{"line":191,"column":8},"end":{"line":191,"column":37}},"38":{"start":{"line":209,"column":8},"end":{"line":209,"column":78}},"39":{"start":{"line":210,"column":8},"end":{"line":210,"column":47}},"40":{"start":{"line":213,"column":8},"end":{"line":213,"column":7948}},"41":{"start":{"line":222,"column":8},"end":{"line":222,"column":37}}},"branchMap":{"1":{"line":93,"type":"if","locations":[{"start":{"line":93,"column":8},"end":{"line":93,"column":8}},{"start":{"line":93,"column":8},"end":{"line":93,"column":8}}]},"2":{"line":178,"type":"if","locations":[{"start":{"line":178,"column":8},"end":{"line":178,"column":8}},{"start":{"line":178,"column":8},"end":{"line":178,"column":8}}]}}},"contracts/MetaDaoController.sol":{"l":{"105":15,"109":3,"110":3,"112":3,"113":3,"114":3,"116":3,"117":3,"118":3,"120":3,"121":3,"122":3,"135":11,"136":0,"138":9,"139":1,"141":8,"142":3,"143":3,"144":3,"145":3,"146":3,"148":5,"149":5,"150":5,"164":8,"165":8,"166":8,"167":13,"169":13,"170":13,"177":7,"178":1,"180":6,"181":6,"182":1,"184":5,"186":5,"187":5,"192":3,"193":3,"195":3,"197":3,"198":6,"200":6,"201":4,"203":6,"210":2,"211":1,"213":1,"214":1,"228":62,"229":62,"230":62,"231":62,"232":62,"239":4,"240":1,"242":3,"243":3,"244":3,"245":3,"252":34,"253":34,"254":34,"260":2,"261":1,"264":1,"266":1,"267":2,"268":2,"269":2,"272":1,"273":1,"274":1,"276":1,"277":1,"278":1,"285":28,"286":7,"288":21,"298":5,"299":5,"300":1,"302":4,"303":4,"305":4,"311":35,"312":1,"314":34,"315":34,"316":1,"317":1,"318":1,"319":1,"321":33,"332":38,"333":5,"334":5,"337":38,"339":38,"340":75,"341":75,"342":75,"343":75,"345":38},"path":"/home/decadanse/DAO/contracts/MetaDaoController.sol","s":{"1":15,"2":3,"3":3,"4":3,"5":3,"6":3,"7":3,"8":3,"9":3,"10":3,"11":3,"12":3,"13":11,"14":9,"15":8,"16":3,"17":3,"18":3,"19":3,"20":3,"21":5,"22":5,"23":5,"24":8,"25":8,"26":8,"27":13,"28":13,"29":13,"30":7,"31":6,"32":6,"33":5,"34":5,"35":3,"36":3,"37":3,"38":3,"39":6,"40":6,"41":4,"42":6,"43":2,"44":1,"45":62,"46":62,"47":62,"48":62,"49":62,"50":4,"51":3,"52":3,"53":3,"54":3,"55":34,"56":34,"57":34,"58":2,"59":1,"60":1,"61":2,"62":2,"63":1,"64":1,"65":1,"66":1,"67":1,"68":28,"69":21,"70":5,"71":5,"72":4,"73":4,"74":4,"75":35,"76":34,"77":34,"78":1,"79":1,"80":1,"81":1,"82":33,"83":38,"84":5,"85":38,"86":38,"87":75,"88":75,"89":75,"90":75,"91":38},"b":{"1":[0,9],"2":[1,8],"3":[3,5],"4":[1,6],"5":[1,5],"6":[4,2],"7":[1,1],"8":[1,3],"9":[1,1],"10":[7,21],"11":[1,4],"12":[1,34],"13":[1,33],"14":[5,33]},"f":{"1":15,"2":3,"3":11,"4":8,"5":7,"6":3,"7":2,"8":62,"9":4,"10":34,"11":2,"12":28,"13":5,"14":35,"15":38},"fnMap":{"1":{"name":"constructor","line":104,"loc":{"start":{"line":104,"column":4},"end":{"line":106,"
[...]
or","line":55,"loc":{"start":{"line":55,"column":4},"end":{"line":68,"column":4}}},"2":{"name":"addWhitelist","line":73,"loc":{"start":{"line":73,"column":4},"end":{"line":80,"column":4}}},"3":{"name":"isWhitelisted","line":85,"loc":{"start":{"line":85,"column":4},"end":{"line":90,"column":4}}},"4":{"name":"distribute","line":93,"loc":{"start":{"line":93,"column":4},"end":{"line":95,"column":4}}},"5":{"name":"claimDonation","line":97,"loc":{"start":{"line":97,"column":4},"end":{"line":103,"column":4}}},"6":{"name":"getGuildFunds","line":105,"loc":{"start":{"line":105,"column":4},"end":{"line":107,"column":4}}}},"statementMap":{"1":{"start":{"line":61,"column":8},"end":{"line":61,"column":44}},"2":{"start":{"line":62,"column":8},"end":{"line":62,"column":36}},"3":{"start":{"line":63,"column":8},"end":{"line":63,"column":32}},"4":{"start":{"line":64,"column":8},"end":{"line":64,"column":32}},"5":{"start":{"line":65,"column":8},"end":{"line":65,"column":19}},"6":{"start":{"line":66,"column":8},"end":{"line":66,"column":35}},"7":{"start":{"line":67,"column":8},"end":{"line":67,"column":27}},"8":{"start":{"line":75,"column":8},"end":{"line":75,"column":2303}},"9":{"start":{"line":79,"column":8},"end":{"line":79,"column":27}},"10":{"start":{"line":86,"column":8},"end":{"line":86,"column":2678}},"11":{"start":{"line":89,"column":8},"end":{"line":89,"column":19}},"12":{"start":{"line":94,"column":8},"end":{"line":94,"column":57}},"13":{"start":{"line":98,"column":8},"end":{"line":98,"column":63}},"14":{"start":{"line":100,"column":8},"end":{"line":100,"column":81}},"15":{"start":{"line":101,"column":8},"end":{"line":101,"column":45}},"16":{"start":{"line":102,"column":8},"end":{"line":102,"column":21}},"17":{"start":{"line":106,"column":8},"end":{"line":106,"column":44}}},"branchMap":{"1":{"line":75,"type":"if","locations":[{"start":{"line":75,"column":8},"end":{"line":75,"column":8}},{"start":{"line":75,"column":8},"end":{"line":75,"column":8}}]},"2":{"line":86,"type":"if","locations":[{"start":{"line":86,"column":8},"end":{"line":86,"column":8}},{"start":{"line":86,"column":8},"end":{"line":86,"column":8}}]}}},"contracts/ModuleMock.sol":{"l":{"13":6,"14":6,"15":6,"16":6,"28":0,"29":0,"33":6,"34":6},"path":"/home/decadanse/DAO/contracts/ModuleMock.sol","s":{"1":6,"2":6,"3":6,"4":6,"5":0,"6":0,"7":6,"8":6},"b":{},"f":{"1":6,"2":6,"3":0,"4":6},"fnMap":{"1":{"name":"constructor","line":12,"loc":{"start":{"line":12,"column":4},"end":{"line":17,"column":4}}},"2":{"name":"setUp","line":19,"loc":{"start":{"line":19,"column":4},"end":{"line":19,"column":67}}},"3":{"name":"executeAfterSuccessfulVote","line":22,"loc":{"start":{"line":22,"column":4},"end":{"line":30,"column":4}}},"4":{"name":"testInteraction","line":32,"loc":{"start":{"line":32,"column":4},"end":{"line":35,"column":4}}}},"statementMap":{"1":{"start":{"line":13,"column":8},"end":{"line":13,"column":22}},"2":{"start":{"line":14,"column":8},"end":{"line":14,"column":22}},"3":{"start":{"line":15,"column":8},"end":{"line":15,"column":18}},"4":{"start":{"line":16,"column":8},"end":{"line":16,"column":33}},"5":{"start":{"line":28,"column":8},"end":{"line":28,"column":91}},"6":{"start":{"line":29,"column":8},"end":{"line":29,"column":22}},"7":{"start":{"line":33,"column":8},"end":{"line":33,"column":25}},"8":{"start":{"line":34,"column":8},"end":{"line":34,"column":19}}},"branchMap":{}},"contracts/utils/ABDKMath64x64.sol":{"l":{"35":12},"path":"/home/decadanse/DAO/contracts/utils/ABDKMath64x64.sol","s":{},"b":{},"f":{"1":12},"fnMap":{"1":{"name":"sqrtu","line":34,"loc":{"start":{"line":34,"column":4},"end":{"line":78,"column":4}}}},"statementMap":{},"branchMap":{}},"contracts/utils/ERC20Base.sol":{"l":{"86":153,"87":0,"89":153,"90":153,"91":153,"92":153,"99":4,"106":114,"118":56,"119":56,"120":54,"127":22,"141":54,"142":54,"143":54,"167":21,"168":21,"169":21,"170":21,"186":0,"187":0,"188":0,"210":0,"211":0,"213":0,"214":0,"216":0,"220":0,"242":29,"243":0,"246":29,"248":29,"250":29,"251":0,"253":29,"256":29,"258":29,"260":29,"273":28,"274":0,"277":28,"279":28,"280":28,"281":28,"283":28,"298":9,"299":0,"302":9,"304":9,"305":9,"306":0,"308":9,"311":9,"313":9,"315":9,"336":75,"337":0,"340":75,"341":75,"357":21,"358":21,"359":21,"360":0,"362":21},"path":"/home/decadanse/DAO/contracts/utils/ERC20Base.sol","s":{"1":153,"2":153,"3":153,"4":153,"5":153,"6":4,"7":114,"8":56,"9":56,"10":54,"11":22,"12":54,"13":54,"14":54,"15":21,"16":21,"17":21,"18":21,"19":0,"20":0,"21":0,"22":0,"23":0,"24":0,"25":0,"26":29,"27":29,"28":29,"29":29,"30":29,"31":29,"32":29,"33":28,"34":28,"35":28,"36":28,"37":28,"38":28,"39":9,"40":9,"41":9,"42":9,"43":9,"44":9,"45":9,"46":75,"47":75,"48":75,"49":21,"50":21,"51":21},"b":{"1":[0,153],"2":[0,0],"3":[0,29],"4":[0,29],"5":[0,28],"6":[0,9],"7":[0,9],"8":[0,75],"9":[21,0],"10":[0,21]},"f":{"1":153,"2":4,"3":114,"4":56,"5":22,"6":54,"7":21,"8":0,"9":0,"10":29,"11":28,"12":9,"13":75,"14":21,"15":113,"16":112},"fnMap":{"1":{"name":"_setTokenDetail","line":85,"loc":{"start":{"line":85,"column":4},"end":{"line":93,"column":4}}},"2":{"name":"totalSupply","line":98,"loc":{"start":{"line":98,"column":4},"end":{"line":100,"column":4}}},"3":{"name":"balanceOf","line":105,"loc":{"start":{"line":105,"column":4},"end":{"line":107,"column":4}}},"4":{"name":"transfer","line":117,"loc":{"start":{"line":117,"column":4},"end":{"line":121,"column":4}}},"5":{"name":"allowance","line":126,"loc":{"start":{"line":126,"column":4},"end":{"line":128,"column":4}}},"6":{"name":"approve","line":140,"loc":{"start":{"line":140,"column":4},"end":{"line":144,"column":4}}},"7":{"name":"transferFrom","line":162,"loc":{"start":{"line":162,"column":4},"end":{"line":171,"column":4}}},"8":{"name":"increaseAllowance","line":185,"loc":{"start":{"line":185,"column":4},"end":{"line":189,"column":4}}},"9":{"name":"decreaseAllowance","line":209,"loc":{"start":{"line":209,"column":4},"end":{"line":221,"column":4}}},"10":{"name":"_transfer","line":237,"loc":{"start":{"line":237,"column":4},"end":{"line":261,"column":4}}},"11":{"name":"_mint","line":272,"loc":{"start":{"line":272,"column":4},"end":{"line":284,"column":4}}},"12":{"name":"_burn","line":297,"loc":{"start":{"line":297,"column":4},"end":{"line":316,"column":4}}},"13":{"name":"_approve","line":331,"loc":{"start":{"line":331,"column":4},"end":{"line":342,"column":4}}},"14":{"name":"_spendAllowance","line":352,"loc":{"start":{"line":352,"column":4},"end":{"line":366,"column":4}}},"15":{"name":"_beforeTokenTransfer","line":382,"loc":{"start":{"line":382,"column":4},"end":{"line":386,"column":24}}},"16":{"name":"_afterTokenTransfer","line":402,"loc":{"start":{"line":402,"column":4},"end":{"line":406,"column":24}}}},"statementMap":{"1":{"start":{"line":86,"column":8},"end":{"line":86,"column":3127}},"2":{"start":{"line":89,"column":8},"end":{"line":89,"column":19}},"3":{"start":{"line":90,"column":8},"end":{"line":90,"column":23}},"4":{"start":{"line":91,"column":8},"end":{"line":91,"column":25}},"5":{"start":{"line":92,"column":8},"end":{"line":92,"column":27}},"6":{"start":{"line":99,"column":8},"end":{"line":99,"column":27}},"7":{"start":{"line":106,"column":8},"end":{"line":106,"column":33}},"8":{"start":{"line":118,"column":8},"end":{"line":118,"column":36}},"9":{"start":{"line":119,"column":8},"end":{"line":119,"column":35}},"10":{"start":{"line":120,"column":8},"end":{"line":120,"column":19}},"11":{"start":{"line":127,"column":8},"end":{"line":127,"column":42}},"12":{"start":{"line":141,"column":8},"end":{"line":141,"column":36}},"13":{"start":{"line":142,"column":8},"end":{"line":142,"column":39}},"14":{"start":{"line":143,"column":8},"end":{"line":143,"column":19}},"15":{"start":{"line":167,"column":8},"end":{"line":167,"column":38}},"16":{"start":{"line":168,"column":8},"end":{"line":168,"column":45}},"17":{"start":{"line":169,"column":8},"end":{"line":169,"column":34}},"18":{"start":{"line":170,"column":8},"end":{"line":170,"column":19}},"19":{"start":{"line":186,"column":8},"end":{"line":186,"column":36}},"20":{"start":{"line":187,"column":8},"end":{"line":187,"column":71}},"21":{"start":{"line":188,"column":8},"end":{"line":188,"column":19}},"22":{"start":{"line":210,"column":8},"end":{"line":210,"column":36}},"23":{"start":{"line":211,"column":8},"end":{"line":211,"column":60}},"24":{"start":{"line":213,"column":8},"end":{"line":213,"column":7164}},"25":{"start":{"line":220,"column":8},"end":{"line":220,"column":19}},"26":{"start":{"line":242,"column":8},"end":{"line":242,"column":7955}},"27":{"start":{"line":246,"column":8},"end":{"line":246,"column":45}},"28":{"start":{"line":248,"column":8},"end":{"line":248,"column":45}},"29":{"start":{"line":250,"column":8},"end":{"line":250,"column":8155}},"30":{"start":{"line":256,"column":8},"end":{"line":256,"column":30}},"31":{"start":{"line":258,"column":8},"end":{"line":258,"column":39}},"32":{"start":{"line":260,"column":8},"end":{"line":260,"column":44}},"33":{"start":{"line":273,"column":8},"end":{"line":273,"column":8790}},"34":{"start":{"line":277,"column":8},"end":{"line":277,"column":56}},"35":{"start":{"line":279,"column":8},"end":{"line":279,"column":29}},"36":{"start":{"line":280,"column":8},"end":{"line":280,"column":35}},"37":{"start":{"line":281,"column":8},"end":{"line":281,"column":50}},"38":{"start":{"line":283,"column":8},"end":{"line":283,"column":55}},"39":{"start":{"line":298,"column":8},"end":{"line":298,"column":9508}},"40":{"start":{"line":302,"column":8},"end":{"line":302,"column":56}},"41":{"start":{"line":304,"column":8},"end":{"line":304,"column":51}},"42":{"start":{"line":305,"column":8},"end":{"line":305,"column":9707}},"43":{"start":{"line":311,"column":8},"end":{"line":311,"column":29}},"44":{"start":{"line":313,"column":8},"end":{"line":313,"column":50}},"45":{"start":{"line":315,"column":8},"end":{"line":315,"column":55}},"46":{"start":{"line":336,"column":8},"end":{"line":336,"column":10567}},"47":{"start":{"line":340,"column":8},"end":{"line":340,"column":43}},"48":{"start":{"line":341,"column":8},"end":{"line":341,"column":45}},"49":{"start":{"line":357,"column":8},"end":{"line":357,"column":60}},"50":{"start":{"line":358,"column":8},"end":{"line":358,"column":11238}},"51":{"start":{"line":359,"column":12},"end":{"line":359,"column":11299}}},"branchMap":{"1":{"line":86,"type":"if","locations":[{"start":{"line":86,"column":8},"end":{"line":86,"column":8}},{"start":{"line":86,"column":8},"end":{"line":86,"column":8}}]},"2":{"line":213,"type":"if","locations":[{"start":{"line":213,"column":8},"end":{"line":213,"column":8}},{"start":{"line":213,"column":8},"end":{"line":213,"column":8}}]},"3":{"line":242,"type":"if","locations":[{"start":{"line":242,"column":8},"end":{"line":242,"column":8}},{"start":{"line":242,"column":8},"end":{"line":242,"column":8}}]},"4":{"line":250,"type":"if","locations":[{"start":{"line":250,"column":8},"end":{"line":250,"column":8}},{"start":{"line":250,"column":8},"end":{"line":250,"column":8}}]},"5":{"line":273,"type":"if","locations":[{"start":{"line":273,"column":8},"end":{"line":273,"column":8}},{"start":{"line":273,"column":8},"end":{"line":273,"column":8}}]},"6":{"line":298,"type":"if","locations":[{"start":{"line":298,"column":8},"end":{"line":298,"column":8}},{"start":{"line":298,"column":8},"end":{"line":298,"column":8}}]},"7":{"line":305,"type":"if","locations":[{"start":{"line":305,"column":8},"end":{"line":305,"column":8}},{"start":{"line":305,"column":8},"end":{"line":305,"column":8}}]},"8":{"line":336,"type":"if","locations":[{"start":{"line":336,"column":8},"end":{"line":336,"column":8}},{"start":{"line":336,"column":8},"end":{"line":336,"column":8}}]},"9":{"line":358,"type":"if","locations":[{"start":{"line":358,"column":8},"end":{"line":358,"column":8}},{"start":{"line":358,"column":8},"end":{"line":358,"column":8}}]},"10":{"line":359,"type":"if","locations":[{"start":{"line":359,"column":12},"end":{"line":359,"column":12}},{"start":{"line":359,"column":12},"end":{"line":359,"column":12}}]}}},"contracts/utils/interfaces/IAmorGuildToken.sol":{"l":{},"path":"/home/decadanse/DAO/contracts/utils/interfaces/IAmorGuildToken.sol","s":{},"b":{},"f":{},"fnMap":{},"statementMap":{},"branchMap":{}},"contracts/utils/interfaces/IAmorToken.sol":{"l":{},"path":"/home/decadanse/DAO/contracts/utils/interfaces/IAmorToken.sol","s":{},"b":{},"f":{},"fnMap":{},"statementMap":{},"branchMap":{}},"contracts/utils/interfaces/IAvatarxGuild.sol":{"l":{},"path":"/home/decadanse/DAO/contracts/utils/interfaces/IAvatarxGuild.sol","s":{},"b":{},"f":{},"fnMap":{},"statementMap":{},"branchMap":{}},"contracts/utils/interfaces/ICloneFactory.sol":{"l":{},"path":"/home/decadanse/DAO/contracts/utils/interfaces/ICloneFactory.sol","s":{},"b":{},"f":{},"fnMap":{},"statementMap":{},"branchMap":{}},"contracts/utils/interfaces/IdAMORxGuild.sol":{"l":{},"path":"/home/decadanse/DAO/contracts/utils/interfaces/IdAMORxGuild.sol","s":{},"b":{},"f":{},"fnMap":{},"statementMap":{},"branchMap":{}},"contracts/utils/interfaces/IDoinGudProxy.sol":{"l":{},"path":"/home/decadanse/DAO/contracts/utils/interfaces/IDoinGudProxy.sol","s":{},"b":{},"f":{},"fnMap":{},"statementMap":{},"branchMap":{}},"contracts/utils/interfaces/IFXAMORxGuild.sol":{"l":{},"path":"/home/decadanse/DAO/contracts/utils/interfaces/IFXAMORxGuild.sol","s":{},"b":{},"f":{},"fnMap":{},"statementMap":{},"branchMap":{}},"contracts/utils/interfaces/IGuildController.sol":{"l":{},"path":"/home/decadanse/DAO/contracts/utils/interfaces/IGuildController.sol","s":{},"b":{},"f":{},"fnMap":{},"statementMap":{},"branchMap":{}},"contracts/utils/interfaces/IMetadao.sol":{"l":{},"path":"/home/decadanse/DAO/contracts/utils/interfaces/IMetadao.sol","s":{},"b":{},"f":{},"fnMap":{},"statementMap":{},"branchMap":{}},"contracts/utils/interfaces/IMetaDaoController.sol":{"l":{},"path":"/home/decadanse/DAO/contracts/utils/interfaces/IMetaDaoController.sol","s":{},"b":{},"f":{},"fnMap":{},"statementMap":{},"branchMap":{}},"contracts/Vesting.sol":{"l":{"84":3,"85":3,"86":3,"87":3,"94":5,"95":1,"98":2,"101":2,"102":2,"104":2,"112":3,"129":13,"131":9,"133":9,"134":8,"135":8,"136":8,"153":2,"154":1,"156":1,"164":10,"165":1,"168":9,"171":9,"172":7,"175":2,"176":1,"179":1,"182":1,"188":16,"204":14,"205":1,"209":13,"210":2,"213":11,"219":1,"222":10,"223":10,"225":10,"226":8,"228":10,"229":10,"230":10},"path":"/home/decadanse/DAO/contracts/Vesting.sol","s":{"1":3,"2":3,"3":3,"4":3,"5":5,"6":2,"7":2,"8":2,"9":2,"10":3,"11":13,"12":9,"13":9,"14":8,"15":8,"16":8,"17":2,"18":1,"19":10,"20":9,"21":9,"22":7,"23":2,"24":1,"25":1,"26":16,"27":14,"28":13,"29":11,"30":10,"31":10,"32":10,"33":8,"34":10,"35":10,"36":10},"b":{"1":[1,2],"2":[8,1],"3":[1,1],"4":[1,9],"5":[7,2],"6":[1,1],"7":[1,13],"8":[2,11],"9":[1,10],"10":[8,2]},"f":{"1":3,"2":5,"3":3,"4":13,"5":2,"6":10,"7":16,"8":14},"fnMap":{"1":{"name":"constructor","line":83,"loc":{"start":{"line":83,"column":4},"end":{"line":88,"column":4}}},"2":{"name":"withdrawAmor","line":93,"loc":{"start":{"line":93,"column":4},"end":{"line":105,"column":4}}},"3":{"name":"balanceOf","line":110,"loc":{"start":{"line":110,"column":4},"end":{"line":113,"column":4}}},"4":{"name":"allocateVestedTokens","line":127,"loc":{"start":{"line":121,"column":4},"end":{"line":138,"column":4}}},"5":{"name":"modifyAllocation","line":152,"loc":{"start":{"line":146,"column":4},"end":{"line":157,"column":4}}},"6":{"name":"tokensAvailable","line":163,"loc":{"start":{"line":163,"column":4},"end":{"line":183,"column":4}}},"7":{"name":"unallocatedAMOR","line":187,"loc":{"start":{"line":187,"column":4},"end":{"line":189,"column":4}}},"8":{"name":"_setAllocationDetail","line":196,"loc":{"start":{"line":196,"column":4},"end":{"line":231,"column":4}}}},"statementMap":{"1":{"start":{"line":84,"column":8},"end":{"line":84,"column":33}},"2":{"start":{"line":85,"column":8},"end":{"line":85,"column":31}},"3":{"start":{"line":86,"column":8},"end":{"line":86,"column":33}},"4":{"start":{"line":87,"column":8},"end":{"line":87,"column":46}},"5":{"start":{"line":94,"column":8},"end":{"line":94,"column":3613}},"6":{"start":{"line":98,"column":8},"end":{"line":98,"column":63}},"7":{"start":{"line":101,"column":8},"end":{"line":101,"column":41}},"8":{"start":{"line":102,"column":8},"end":{"line":102,"column":32}},"9":{"start":{"line":104,"column":8},"end":{"line":104,"column":45}},"10":{"start":{"line":112,"column":8},"end":{"line":112,"column":86}},"11":{"start":{"line":129,"column":8},"end":{"line":129,"column":77}},"12":{"start":{"line":131,"column":8},"end":{"line":131,"column":32}},"13":{"start":{"line":133,"column":8},"end":{"line":133,"column":5366}},"14":{"start":{"line":134,"column":12},"end":{"line":134,"column":48}},"15":{"start":{"line":135,"column":12},"end":{"line":135,"column":43}},"16":{"start":{"line":136,"column":12},"end":{"line":136,"column":33}},"17":{"start":{"line":153,"column":8},"end":{"line":153,"column":6213}},"18":{"start":{"line":156,"column":8},"end":{"line":156,"column":77}},"19":{"start":{"line":164,"column":8},"end":{"line":164,"column":6790}},"20":{"start":{"line":168,"column":8},"end":{"line":168,"column":64}},"21":{"start":{"line":171,"column":8},"end":{"line":171,"column":7065}},"22":{"start":{"line":172,"column":12},"end":{"line":172,"column":72}},"23":{"start":{"line":175,"column":8},"end":{"line":175,"column":7207}},"24":{"start":{"line":179,"column":8},"end":{"line":179,"column":7354}},"25":{"start":{"line":182,"column":8},"end":{"line":182,"column":48}},"26":{"start":{"line":188,"column":8},"end":{"line":188,"column":85}},"27":{"start":{"line":204,"column":8},"end":{"line":204,"column":8484}},"28":{"start":{"line":209,"column":8},"end":{"line":209,"column":8665}},"29":{"start":{"line":213,"column":8},"end":{"line":213,"column":8837}},"30":{"start":{"line":222,"column":8},"end":{"line":222,"column":59}},"31":{"start":{"line":223,"column":8},"end":{"line":223,"column":31}},"32":{"start":{"line":225,"column":8},"end":{"line":225,"column":9325}},"33":{"start":{"line":226,"column":12},"end":{"line":226,"column":49}},"34":{"start":{"line":228,"column":8},"end":{"line":228,"column":43}},"35":{"start":{"line":229,"column":8},"end":{"line":229,"column":43}},"36":{"start":{"line":230,"column":8},"end":{"line":230,"column":31}}},"branchMap":{"1":{"line":94,"type":"if","locations":[{"start":{"line":94,"column":8},"end":{"line":94,"column":8}},{"start":{"line":94,"column":8},"end":{"line":94,"column":8}}]},"2":{"line":133,"type":"if","locations":[{"start":{"line":133,"column":8},"end":{"line":133,"column":8}},{"start":{"line":133,"column":8},"end":{"line":133,"column":8}}]},"3":{"line":153,"type":"if","locations":[{"start":{"line":153,"column":8},"end":{"line":153,"column":8}},{"start":{"line":153,"column":8},"end":{"line":153,"column":8}}]},"4":{"line":164,"type":"if","locations":[{"start":{"line":164,"column":8},"end":{"line":164,"column":8}},{"start":{"line":164,"column":8},"end":{"line":164,"column":8}}]},"5":{"line":171,"type":"if","locations":[{"start":{"line":171,"column":8},"end":{"line":171,"column":8}},{"start":{"line":171,"column":8},"end":{"line":171,"column":8}}]},"6":{"line":175,"type":"if","locations":[{"start":{"line":175,"column":8},"end":{"line":175,"column":8}},{"start":{"line":175,"column":8},"end":{"line":175,"column":8}}]},"7":{"line":204,"type":"if","locations":[{"start":{"line":204,"column":8},"end":{"line":204,"column":8}},{"start":{"line":204,"column":8},"end":{"line":204,"column":8}}]},"8":{"line":209,"type":"if","locations":[{"start":{"line":209,"column":8},"end":{"line":209,"column":8}},{"start":{"line":209,"column":8},"end":{"line":209,"column":8}}]},"9":{"line":213,"type":"if","locations":[{"start":{"line":213,"column":8},"end":{"line":213,"column":8}},{"start":{"line":213,"column":8},"end":{"line":213,"column":8}}]},"10":{"line":225,"type":"if","locations":[{"start":{"line":225,"column":8},"end":{"line":225,"column":8}},{"start":{"line":225,"column":8},"end":{"line":225,"column":8}}]}}}}
